1535546940417,{"er":{"id":1,"type":"rs","eid":0,"ed":"Off"}}
1535546940457,{"er":{"id":2,"type":"rs","eid":1,"ed":"On"}}
1535546940508,{"er":{"id":3,"type":"rs","eid":2,"ed":"Channel Calib"}}
1535546940555,{"er":{"id":4,"type":"rs","eid":3,"ed":"Tuned to channel"}}
1535546940602,{"er":{"id":5,"type":"rs","eid":4,"ed":"Maintenance operation"}}
1535546940649,{"er":{"id":6,"type":"rs","eid":5,"ed":"Standby"}}
1535546940696,{"er":{"id":7,"type":"rs","eid":6,"ed":"Alarm"}}
1535546940743,{"er":{"id":8,"type":"rs","eid":7,"ed":"Selcal"}}
1535546940790,{"er":{"id":9,"type":"ec","eid":0,"ed":"Sharebus comm error"}}
1535546940837,{"er":{"id":10,"type":"ec","eid":1,"ed":"Adjust to power max iterations"}}
1535546940884,{"er":{"id":11,"type":"ec","eid":2,"ed":"Channel calibration while one or more modules down"}}
1535546940934,{"er":{"id":12,"type":"ec","eid":3,"ed":"DPD failed during channel calibration"}}
1535546940984,{"er":{"id":13,"type":"ec","eid":4,"ed":"Channel data not found"}}
1535546941031,{"er":{"id":14,"type":"ec","eid":5,"ed":"Power adjust procedure measurement NACK"}}
1535546941078,{"er":{"id":15,"type":"ec","eid":6,"ed":"Timeout requesting measurement during power adjust"}}
1535546941124,{"er":{"id":16,"type":"ec","eid":7,"ed":"Power adjust procedure found amplifier gain problem"}}
1535546941171,{"er":{"id":17,"type":"ec","eid":8,"ed":"Mode data not found"}}
1535546941218,{"er":{"id":18,"type":"ec","eid":9,"ed":"Power adjust procedure: max VDAC reached before power set"}}
1535546941265,{"er":{"id":19,"type":"ec","eid":10,"ed":"CRM measurement timeout or invalid reply"}}
1535546941312,{"er":{"id":20,"type":"ec","eid":11,"ed":"Timeout occurred during calib (DPD init)"}}
1535546941359,{"er":{"id":21,"type":"ec","eid":12,"ed":"Timeout occurred during calib (DPD processing)"}}
1535546941406,{"er":{"id":22,"type":"ec","eid":13,"ed":"Timeout occurred during calib (DPD tracking)"}}
1535546941453,{"er":{"id":23,"type":"ec","eid":14,"ed":"Negative reply received from HATT request"}}
1535546941500,{"er":{"id":24,"type":"ec","eid":15,"ed":"Interlock open"}}
1535546941546,{"er":{"id":25,"type":"ec","eid":16,"ed":"ATU Tuning timeout"}}
1535546941593,{"er":{"id":26,"type":"ec","eid":17,"ed":"VSWR unstable"}}
1535546941640,{"er":{"id":27,"type":"ec","eid":18,"ed":"Power Supply Failure"}}
1535546941687,{"er":{"id":28,"type":"ec","eid":19,"ed":"Overtemperature"}}
1535546941734,{"er":{"id":29,"type":"ec","eid":20,"ed":"ATU High VSWR"}}
1535546941781,{"er":{"id":30,"type":"ec","eid":21,"ed":"ATU Communication Error"}}
1535546941828,{"er":{"id":31,"type":"wn","eid":0,"ed":"Parameter value out of range"}}
1535546941874,{"er":{"id":32,"type":"wn","eid":1,"ed":"Settings could not be saved"}}
1535546941921,{"er":{"id":33,"type":"wn","eid":2,"ed":"Excessive VSWR"}}
1535546941973,{"er":{"id":34,"type":"wn","eid":3,"ed":"Module down"}}
1535546942019,{"er":{"id":35,"type":"wn","eid":4,"ed":"Command ignored"}}
1535546942066,{"er":{"id":36,"type":"wn","eid":5,"ed":"Option not installed"}}
1535546942113,{"er":{"id":37,"type":"wn","eid":6,"ed":"ATU not found"}}
1535546942160,{"er":{"id":38,"type":"wn","eid":7,"ed":"Operation failed"}}
1535546942207,{"er":{"id":39,"type":"wn","eid":8,"ed":"Lost lock to external reference"}}
1535546942254,{"er":{"id":40,"type":"wn","eid":9,"ed":"Slave module unlocked"}}
1535546942301,{"er":{"id":41,"type":"sx","eid":0,"ed":"None"}}
1535546942348,{"er":{"id":42,"type":"sx","eid":1,"ed":"Line 1"}}
1535546942394,{"er":{"id":43,"type":"sx","eid":2,"ed":"Line 2"}}
1535546942436,{"er":{"id":44,"type":"sx","eid":3,"ed":"Internal"}}
1535546942479,{"er":{"id":45,"type":"km","eid":0,"ed":"None"}}
1535546942527,{"er":{"id":46,"type":"km","eid":1,"ed":"Line 1"}}
1535546942574,{"er":{"id":47,"type":"km","eid":2,"ed":"Line 2"}}
1535546942621,{"er":{"id":48,"type":"km","eid":3,"ed":"DIN0"}}
1535546942668,{"er":{"id":49,"type":"km","eid":4,"ed":"DIN1"}}
1535546942714,{"er":{"id":50,"type":"km","eid":5,"ed":"DIN2"}}
1535546942761,{"er":{"id":51,"type":"km","eid":6,"ed":"DIN3"}}
1535546942808,{"er":{"id":52,"type":"km","eid":7,"ed":"DIN4"}}
1535546942855,{"er":{"id":53,"type":"km","eid":8,"ed":"DIN5"}}
1535546942902,{"er":{"id":54,"type":"km","eid":9,"ed":"DIN6"}}
1535546942947,{"er":{"id":55,"type":"km","eid":10,"ed":"DIN7"}}
1535546943001,{"pg":{"id":0,"txname":"TX-EID","txtype":"CST3001","a[]":[20,20],"m[]":[0,0],"ar":7,"al":3,"vo":0,"ip[]":[10,10,102,11],"sm[]":[255,255,255,0],"gw[]":[10,10,102,1],"td[]":[0,0,0,0],"pd[]":[10,30,60,90],"ca[]":[0,0,0,0],"kt":1000,"ds":0,"di":98304,"do":0,"ap":0,"at":2000,"sn":150002,"pl":100,"es[]":[1,1,0,0,0,0,0,0,0,0,0,0],"ri":200,"pt":150,"vp":150,"b6":100,"bt":40,"mt":4,"me[]":[0,10,53,0,16,16]}}
1535546943048,{"ur":{"id":1,"name":"manager","pwd":"","level":3}}
1535546943095,{"ur":{"id":3,"name":"arif","pwd":"AG=>\\B`791","level":3}}
1535546943141,{"ur":{"id":2,"name":"aybars","pwd":"","level":3}}
1535546943188,{"ur":{"id":4,"name":"guest","pwd":"","level":0}}
1535546943235,{"ur":{"id":5,"name":"operator","pwd":"","level":1}}
1535546943282,{"ur":{"id":6,"name":"supervisor","pwd":"","level":2}}
1535546943329,{"mr":{"id":1,"name":"J3E","cl":0,"f1":0,"f2":0,"t1":0,"t2":0,"df":0,"su":1,"sl":0}}
1535546943376,{"mr":{"id":2,"name":"H2B","cl":4096,"f1":0,"f2":0,"t1":0,"t2":0,"df":0,"su":1,"sl":0}}
1535546943423,{"mr":{"id":3,"name":"F1B","cl":0,"f1":0,"f2":0,"t1":0,"t2":0,"df":-1700,"su":1,"sl":0}}
1535546943467,{"mr":{"id":4,"name":"NAVTEX","cl":0,"f1":0,"f2":0,"t1":0,"t2":0,"df":-1700,"su":0,"sl":3}}
1535546943514,{"mr":{"id":5,"name":"A1A","cl":4096,"f1":0,"f2":0,"t1":0,"t2":0,"df":0,"su":0,"sl":0}}
1535546943561,{"ar":{"id":1,"name":"Built-in antenna 1"}}
1535546943608,{"cr":{"id":16,"name":"16","cf":8825000,"pl":100,"ai":1,"mi":2}}
1535546943670,{"cr":{"id":5,"name":"5","cf":8906000,"pl":100,"ai":1,"mi":1}}
1535546943717,{"cr":{"id":9,"name":"9","cf":17946000,"pl":100,"ai":1,"mi":1}}
1535546943764,{"cr":{"id":2,"name":"2","cf":3016000,"pl":100,"ai":1,"mi":2}}
1535546943811,{"cr":{"id":18,"name":"18","cf":11309000,"pl":100,"ai":1,"mi":2}}
1535546943858,{"cr":{"id":10,"name":"10","cf":17946000,"pl":100,"ai":1,"mi":2}}
1535546943905,{"cr":{"id":4,"name":"4","cf":5598000,"pl":100,"ai":1,"mi":2}}
1535546943954,{"cr":{"id":24,"name":"24","cf":6667000,"pl":100,"ai":1,"mi":2}}
1535546944003,{"cr":{"id":13,"name":"13","cf":6628000,"pl":100,"ai":1,"mi":1}}
1535546944050,{"cr":{"id":20,"name":"20","cf":13354000,"pl":100,"ai":1,"mi":2}}
1535546944097,{"cr":{"id":11,"name":"11","cf":2962000,"pl":100,"ai":1,"mi":1}}
1535546944144,{"cr":{"id":6,"name":"6","cf":8906000,"pl":100,"ai":1,"mi":2}}
1535546944191,{"cr":{"id":15,"name":"15","cf":8825000,"pl":100,"ai":1,"mi":1}}
1535546944238,{"cr":{"id":12,"name":"12","cf":2962000,"pl":100,"ai":1,"mi":2}}
1535546944284,{"cr":{"id":7,"name":"7","cf":13306000,"pl":100,"ai":1,"mi":1}}
1535546944331,{"cr":{"id":22,"name":"22","cf":3491000,"pl":100,"ai":1,"mi":2}}
1535546944378,{"cr":{"id":19,"name":"19","cf":13354000,"pl":100,"ai":1,"mi":1}}
1535546944425,{"cr":{"id":23,"name":"23","cf":6667000,"pl":100,"ai":1,"mi":1}}
1535546944474,{"cr":{"id":17,"name":"17","cf":11309000,"pl":100,"ai":1,"mi":1}}
1535546944520,{"cr":{"id":14,"name":"14","cf":6628000,"pl":100,"ai":1,"mi":2}}
1535546944576,{"cr":{"id":21,"name":"21","cf":3491000,"pl":100,"ai":1,"mi":1}}
1535546944623,{"cr":{"id":8,"name":"8","cf":13306000,"pl":100,"ai":1,"mi":2}}
1535546944670,{"cr":{"id":25,"name":"NAV-518","cf":518000,"pl":100,"ai":1,"mi":4}}
1535546944717,{"cr":{"id":3,"name":"3","cf":5598000,"pl":100,"ai":1,"mi":4}}
1535546944764,{"cr":{"id":1,"name":"1","cf":3016000,"pl":100,"ai":1,"mi":5}}
1535546944811,{"lr":{"id":1,"lt":1479898744886,"st":1,"ec[]":[262144],"wn[]":[8],"ui":0,"at":0}}
1535546944858,{"lr":{"id":2,"lt":1479900538827,"st":1,"ec[]":[262144],"wn[]":[72],"ui":0,"at":0}}
1535546944904,{"lr":{"id":3,"lt":1479906114994,"st":2,"ec[]":[2097152],"wn[]":[0],"ui":1,"at":1479906119729}}
1535546944956,{"lr":{"id":4,"lt":1479906143694,"st":2,"ec[]":[2097152],"wn[]":[0],"ui":1,"at":1479906146367}}
1535546945006,{"lr":{"id":5,"lt":1479906155879,"st":1,"ec[]":[262144],"wn[]":[0],"ui":0,"at":0}}
1535546945053,{"lr":{"id":6,"lt":1480089794983,"st":1,"ec[]":[262144],"wn[]":[0],"ui":0,"at":0}}
1535546945100,{"lr":{"id":7,"lt":1480091094204,"st":1,"ec[]":[262144],"wn[]":[0],"ui":0,"at":0}}
1535546945147,{"lr":{"id":8,"lt":1480091567480,"st":1,"ec[]":[262144],"wn[]":[8],"ui":0,"at":0}}
1535546945194,{"lr":{"id":9,"lt":1480092644629,"st":1,"ec[]":[262144],"wn[]":[0],"ui":0,"at":0}}
1535546945241,{"lr":{"id":10,"lt":1480436699947,"st":2,"ec[]":[16],"wn[]":[0],"ui":1,"at":1480436703805}}
1535546945287,{"lr":{"id":11,"lt":1480436847095,"st":2,"ec[]":[2],"wn[]":[0],"ui":1,"at":1480436868791}}
1535546945334,{"lr":{"id":12,"lt":1480436876653,"st":2,"ec[]":[2],"wn[]":[0],"ui":1,"at":1480436891905}}
1535546945381,{"lr":{"id":13,"lt":1480437102050,"st":1,"ec[]":[262144],"wn[]":[0],"ui":0,"at":0}}
1535546945428,{"lr":{"id":14,"lt":10045784,"st":2,"ec[]":[16],"wn[]":[0],"ui":0,"at":10065666}}
1535546945475,{"lr":{"id":15,"lt":10116069,"st":2,"ec[]":[16],"wn[]":[0],"ui":0,"at":10122957}}
1535546945522,{"lr":{"id":16,"lt":1481635586910,"st":2,"ec[]":[16],"wn[]":[0],"ui":1,"at":11441}}
1535546945569,{"lr":{"id":17,"lt":1482584810696,"st":3,"ec[]":[262144],"wn[]":[16],"ui":0,"at":0}}
1535546945616,{"lr":{"id":18,"lt":1383044,"st":1,"ec[]":[262144],"wn[]":[8],"ui":0,"at":0}}
1535546945662,{"lr":{"id":19,"lt":1483612489827,"st":2,"ec[]":[16],"wn[]":[16],"ui":1,"at":1483614782712}}
1535546945709,{"lr":{"id":20,"lt":1483619008298,"st":2,"ec[]":[16],"wn[]":[16],"ui":1,"at":1484068614064}}
1535546945756,{"lr":{"id":21,"lt":1496872378958,"st":3,"ec[]":[262144],"wn[]":[0],"ui":0,"at":0}}
1535546945803,{"lr":{"id":22,"lt":6928172777,"st":1,"ec[]":[262144],"wn[]":[0],"ui":0,"at":0}}
1535546945850,{"lr":{"id":23,"lt":278450681,"st":1,"ec[]":[262144],"wn[]":[0],"ui":0,"at":0}}
1535546945897,{"lr":{"id":24,"lt":10682781,"st":1,"ec[]":[262144],"wn[]":[0],"ui":0,"at":0}}
1535546945942,{"lr":{"id":25,"lt":1511780165321,"st":1,"ec[]":[262144],"wn[]":[0],"ui":0,"at":0}}
1535546945993,{"lr":{"id":26,"lt":2805872,"st":1,"ec[]":[262144],"wn[]":[512],"ui":0,"at":0}}
1535546946043,{"lr":{"id":27,"lt":35469,"st":1,"ec[]":[4],"wn[]":[512],"ui":0,"at":0}}
1535546946090,{"lr":{"id":28,"lt":35469,"st":1,"ec[]":[4],"wn[]":[512],"ui":0,"at":0}}
1535546946136,{"lr":{"id":29,"lt":1517569408069,"st":2,"ec[]":[4096],"wn[]":[0],"ui":1,"at":1517569492353}}
1535546946183,{"lr":{"id":30,"lt":1517569568986,"st":2,"ec[]":[4096],"wn[]":[0],"ui":1,"at":1517569578488}}
1535546946230,{"lr":{"id":31,"lt":1517853193843,"st":2,"ec[]":[4096],"wn[]":[0],"ui":1,"at":1517853253304}}
1535546946277,{"lr":{"id":32,"lt":1518427726116,"st":2,"ec[]":[4096],"wn[]":[0],"ui":1,"at":1518427844284}}
1535546946324,{"lr":{"id":33,"lt":1518428065256,"st":2,"ec[]":[4096],"wn[]":[0],"ui":1,"at":1518428089861}}
1535546946371,{"lr":{"id":34,"lt":1518428170536,"st":2,"ec[]":[4096],"wn[]":[0],"ui":1,"at":1518428178348}}
1535546946418,{"lr":{"id":35,"lt":1518429156229,"st":2,"ec[]":[4096],"wn[]":[0],"ui":1,"at":1518429181653}}
1535546946465,{"lr":{"id":36,"lt":1518782869948,"st":3,"ec[]":[32768],"wn[]":[16],"ui":1,"at":1518782893872}}
1535546946508,{"lr":{"id":37,"lt":1518783045047,"st":2,"ec[]":[32768],"wn[]":[0],"ui":1,"at":1518783056380}}
1535546946550,{"lr":{"id":38,"lt":1519138175253,"st":3,"ec[]":[32768],"wn[]":[16],"ui":1,"at":1519138214817}}
1535546946594,{"lr":{"id":39,"lt":1519140203353,"st":2,"ec[]":[32768],"wn[]":[0],"ui":1,"at":1519140325335}}
1535546946642,{"lr":{"id":40,"lt":1519317418507,"st":3,"ec[]":[32768],"wn[]":[0],"ui":1,"at":1519317445630}}
1535546946689,{"lr":{"id":41,"lt":1519386629833,"st":2,"ec[]":[4096],"wn[]":[0],"ui":1,"at":1519386673395}}
1535546946736,{"lr":{"id":42,"lt":1519386753642,"st":2,"ec[]":[4096],"wn[]":[0],"ui":1,"at":1519386761065}}
1535546946783,{"lr":{"id":43,"lt":1519404554562,"st":3,"ec[]":[32768],"wn[]":[0],"ui":1,"at":1519404572156}}
1535546946830,{"lr":{"id":44,"lt":1519407059710,"st":3,"ec[]":[32768],"wn[]":[0],"ui":1,"at":1519407084667}}
1535546946876,{"lr":{"id":45,"lt":1519407664303,"st":2,"ec[]":[4096],"wn[]":[0],"ui":1,"at":1519407751706}}
1535546946925,{"lr":{"id":46,"lt":1519407906877,"st":2,"ec[]":[4096],"wn[]":[0],"ui":1,"at":1519407918092}}
1535546946973,{"lr":{"id":47,"lt":1519408106344,"st":2,"ec[]":[4096],"wn[]":[0],"ui":1,"at":1519408109032}}
1535546947019,{"lr":{"id":48,"lt":1519408191264,"st":2,"ec[]":[4096],"wn[]":[0],"ui":1,"at":1519408196543}}
1535546947070,{"lr":{"id":49,"lt":1519408285634,"st":2,"ec[]":[4096],"wn[]":[0],"ui":1,"at":1519408301703}}
1535546947117,{"lr":{"id":50,"lt":1519408727274,"st":2,"ec[]":[4096],"wn[]":[0],"ui":1,"at":1519408744014}}
1535546947163,{"lr":{"id":51,"lt":1519408788544,"st":2,"ec[]":[4096],"wn[]":[0],"ui":1,"at":1519408847614}}
1535546947210,{"lr":{"id":52,"lt":1519409267782,"st":2,"ec[]":[4096],"wn[]":[0],"ui":0,"at":0}}
1535546947257,{"lr":{"id":53,"lt":1519409308636,"st":6,"ec[]":[36864],"wn[]":[0],"ui":1,"at":1519409315352}}
1535546947304,{"lr":{"id":54,"lt":1519409330972,"st":2,"ec[]":[32768],"wn[]":[0],"ui":1,"at":1519409365390}}
1535546947351,{"lr":{"id":55,"lt":1519409441031,"st":2,"ec[]":[4096],"wn[]":[0],"ui":1,"at":1519409444583}}
1535546947398,{"lr":{"id":56,"lt":1519409544701,"st":2,"ec[]":[4096],"wn[]":[0],"ui":1,"at":1519409605534}}
1535546947445,{"lr":{"id":57,"lt":1519409635501,"st":2,"ec[]":[4096],"wn[]":[0],"ui":1,"at":1519409641238}}
1535546947492,{"lr":{"id":58,"lt":1519409772297,"st":3,"ec[]":[32768],"wn[]":[0],"ui":1,"at":1519409793653}}
1535546947539,{"lr":{"id":59,"lt":1519409938415,"st":2,"ec[]":[32768],"wn[]":[0],"ui":1,"at":1519409979784}}
1535546947585,{"lr":{"id":60,"lt":1519410114760,"st":2,"ec[]":[32768],"wn[]":[0],"ui":1,"at":1519410220421}}
1535546947632,{"lr":{"id":61,"lt":1519410601381,"st":3,"ec[]":[32768],"wn[]":[0],"ui":1,"at":1519410618919}}
1535546947679,{"lr":{"id":62,"lt":1519412600013,"st":2,"ec[]":[4096],"wn[]":[0],"ui":1,"at":1519412703063}}
1535546947726,{"lr":{"id":63,"lt":1519412851426,"st":2,"ec[]":[4096],"wn[]":[0],"ui":1,"at":1519412995649}}
1535546947773,{"lr":{"id":64,"lt":1519413028186,"st":2,"ec[]":[4096],"wn[]":[0],"ui":0,"at":0}}
1535546947820,{"lr":{"id":65,"lt":1519413363079,"st":2,"ec[]":[4096],"wn[]":[0],"ui":1,"at":1519413418472}}
1535546947867,{"lr":{"id":66,"lt":1519413449829,"st":2,"ec[]":[4096],"wn[]":[0],"ui":1,"at":1519414342788}}
1535546947914,{"lr":{"id":67,"lt":1519414520920,"st":2,"ec[]":[4096],"wn[]":[0],"ui":1,"at":1519414527772}}
1535546947963,{"lr":{"id":68,"lt":1519414557830,"st":2,"ec[]":[4096],"wn[]":[0],"ui":1,"at":1519414564427}}
1535546948010,{"lr":{"id":69,"lt":1519414604851,"st":2,"ec[]":[4096],"wn[]":[0],"ui":1,"at":1519414648275}}
1535546948057,{"lr":{"id":70,"lt":1519414701460,"st":2,"ec[]":[4096],"wn[]":[0],"ui":1,"at":1519414874570}}
1535546948107,{"lr":{"id":71,"lt":1519639285944,"st":2,"ec[]":[16],"wn[]":[0],"ui":1,"at":1519639300461}}
1535546948154,{"lr":{"id":72,"lt":1519639811311,"st":2,"ec[]":[4096],"wn[]":[0],"ui":1,"at":1519639822263}}
1535546948200,{"lr":{"id":73,"lt":1519643030910,"st":2,"ec[]":[4096],"wn[]":[0],"ui":1,"at":1519644838404}}
1535546948247,{"lr":{"id":74,"lt":1519648735258,"st":2,"ec[]":[4096],"wn[]":[0],"ui":1,"at":1519652907093}}
1535546948294,{"lr":{"id":75,"lt":1519653202855,"st":1,"ec[]":[262144],"wn[]":[0],"ui":0,"at":0}}
1535546948341,{"lr":{"id":76,"lt":1519654475762,"st":1,"ec[]":[262144],"wn[]":[8],"ui":0,"at":0}}
1535546948388,{"lr":{"id":77,"lt":1519654711774,"st":1,"ec[]":[262144],"wn[]":[0],"ui":0,"at":0}}
1535546948435,{"lr":{"id":78,"lt":1517254010489,"st":2,"ec[]":[16],"wn[]":[0],"ui":0,"at":1517254039436}}
1535546948482,{"lr":{"id":79,"lt":1519667352510,"st":3,"ec[]":[32768],"wn[]":[0],"ui":1,"at":1519667389744}}
1535546948528,{"lr":{"id":80,"lt":1519667799286,"st":3,"ec[]":[32768],"wn[]":[0],"ui":0,"at":1517253899036}}
1535546948576,{"lr":{"id":81,"lt":1517254177539,"st":3,"ec[]":[32768],"wn[]":[0],"ui":0,"at":1517253848020}}
1535546948620,{"lr":{"id":82,"lt":1517253833081,"st":3,"ec[]":[32768],"wn[]":[0],"ui":0,"at":1517253853644}}
1535546948676,{"lr":{"id":83,"lt":1517253835840,"st":3,"ec[]":[32768],"wn[]":[0],"ui":1,"at":1519671566627}}
1535546948723,{"lr":{"id":84,"lt":1517253886815,"st":3,"ec[]":[32768],"wn[]":[0],"ui":1,"at":1519723448638}}
1535546948770,{"lr":{"id":85,"lt":1517253843688,"st":3,"ec[]":[32768],"wn[]":[0],"ui":1,"at":1519723931660}}
1535546948816,{"lr":{"id":86,"lt":1519724158931,"st":3,"ec[]":[32768],"wn[]":[0],"ui":1,"at":1519724267676}}
1535546948863,{"lr":{"id":87,"lt":1517253902197,"st":3,"ec[]":[32768],"wn[]":[0],"ui":0,"at":1517253916340}}
1535546948910,{"lr":{"id":88,"lt":1517253838624,"st":3,"ec[]":[32768],"wn[]":[0],"ui":0,"at":1517253850333}}
1535546948960,{"lr":{"id":89,"lt":1519745935304,"st":3,"ec[]":[32768],"wn[]":[0],"ui":1,"at":1519745970113}}
1535546949007,{"lr":{"id":90,"lt":1519897698875,"st":3,"ec[]":[32768],"wn[]":[0],"ui":1,"at":1519897738460}}
1535546949054,{"lr":{"id":91,"lt":1519904724662,"st":3,"ec[]":[32768],"wn[]":[0],"ui":1,"at":1519904739942}}
1535546949101,{"lr":{"id":92,"lt":1519920094125,"st":3,"ec[]":[32768],"wn[]":[0],"ui":1,"at":1519920127727}}
1535546949151,{"lr":{"id":93,"lt":1519920170076,"st":2,"ec[]":[32768],"wn[]":[0],"ui":1,"at":1519920174944}}
1535546949198,{"lr":{"id":94,"lt":1519920180816,"st":2,"ec[]":[32768],"wn[]":[0],"ui":1,"at":1519921721112}}
1535546949245,{"lr":{"id":95,"lt":1519921743059,"st":2,"ec[]":[32768],"wn[]":[0],"ui":1,"at":1519921760892}}
1535546949292,{"lr":{"id":96,"lt":1520001224309,"st":3,"ec[]":[32768],"wn[]":[0],"ui":1,"at":1520001256779}}
1535546949339,{"lr":{"id":97,"lt":1520018906911,"st":3,"ec[]":[32768],"wn[]":[0],"ui":1,"at":1520018907014}}
1535546949385,{"lr":{"id":98,"lt":1520019002616,"st":3,"ec[]":[32768],"wn[]":[0],"ui":1,"at":1520019033552}}
1535546949432,{"lr":{"id":99,"lt":1520242789351,"st":3,"ec[]":[32768],"wn[]":[0],"ui":1,"at":1520242837061}}
1535546949479,{"lr":{"id":100,"lt":1520256559710,"st":3,"ec[]":[32768],"wn[]":[0],"ui":1,"at":1520256765756}}
1535546949526,{"lr":{"id":101,"lt":1520257088119,"st":3,"ec[]":[32768],"wn[]":[0],"ui":1,"at":1520258641361}}
1535546949573,{"lr":{"id":102,"lt":1520258856815,"st":3,"ec[]":[32768],"wn[]":[0],"ui":1,"at":1520258897139}}
1535546949620,{"lr":{"id":103,"lt":1520260525435,"st":3,"ec[]":[32768],"wn[]":[0],"ui":1,"at":1520260832563}}
1535546949667,{"lr":{"id":104,"lt":1520262625575,"st":3,"ec[]":[32768],"wn[]":[0],"ui":1,"at":1520262682256}}
1535546949714,{"lr":{"id":105,"lt":1520338000582,"st":3,"ec[]":[32768],"wn[]":[0],"ui":1,"at":1520338091125}}
1535546949760,{"lr":{"id":106,"lt":1520340145257,"st":3,"ec[]":[32768],"wn[]":[0],"ui":1,"at":1520340182284}}
1535546949807,{"lr":{"id":107,"lt":1520340269376,"st":3,"ec[]":[32768],"wn[]":[0],"ui":1,"at":1520340289287}}
1535546949854,{"lr":{"id":108,"lt":1520354361385,"st":3,"ec[]":[32768],"wn[]":[0],"ui":1,"at":1520354382272}}
1535546949901,{"lr":{"id":109,"lt":1520354412476,"st":2,"ec[]":[32768],"wn[]":[0],"ui":1,"at":1520354510289}}
1535546949946,{"lr":{"id":110,"lt":1520354596386,"st":3,"ec[]":[32768],"wn[]":[0],"ui":1,"at":1520354609548}}
1535546949997,{"lr":{"id":111,"lt":1520354792689,"st":3,"ec[]":[32768],"wn[]":[0],"ui":1,"at":1520354804312}}
1535546950044,{"lr":{"id":112,"lt":1520355036171,"st":3,"ec[]":[32768],"wn[]":[0],"ui":1,"at":1520355049329}}
1535546950091,{"lr":{"id":113,"lt":1520355079466,"st":2,"ec[]":[32768],"wn[]":[0],"ui":1,"at":1520355211845}}
1535546950138,{"lr":{"id":114,"lt":1520447849450,"st":3,"ec[]":[32768],"wn[]":[0],"ui":1,"at":1520447859618}}
1535546950188,{"lr":{"id":115,"lt":1520502758605,"st":3,"ec[]":[32768],"wn[]":[0],"ui":1,"at":1520502767456}}
1535546950235,{"lr":{"id":116,"lt":1526571126007,"st":3,"ec[]":[32768],"wn[]":[0],"ui":1,"at":1526571134584}}
1535546950282,{"lr":{"id":117,"lt":1531921711340,"st":3,"ec[]":[262144],"wn[]":[0],"ui":0,"at":0}}
1535546950329,{"lr":{"id":118,"lt":1532603632357,"st":1,"ec[]":[262144],"wn[]":[0],"ui":0,"at":0}}
1535546950376,{"lr":{"id":119,"lt":88674,"st":1,"ec[]":[262144],"wn[]":[0],"ui":0,"at":0}}
1535546950423,{"cc":{"id":0,"cf":3016000,"ci":1,"sl":0,"su":0,"cl":1.000000,"la":1.000000,"f[]":[0.000000,0.000000],"t[]":[0.000000,0.000000],"df":0,"km[]":[4],"pl":100,"vs":19,"vd":750,"zr":0,"lm":1.000000}}
1535546950470,{"hc":{"id":0,"u1fv[]":[" 3.10"],"esn[]":[150002],"u1sn[]":[160016],"om[]":[0,127],"u2p[]":[0],"u2fv[]":[" 3.10"],"u2pap[]":[[0,0,0,0]],"u2pafv[]":[["A1","A1","A1","A1"]],"u2pasn[]":[[150007,150014,150001,150011]],"u2psp[]":[[0,0]],"u2pssn[]":[["14KZ40020902  ","15KZ10014053  "]]}}
1535546950516,{"sm":{"id":0,"is[]":[[5600,5800]],"vs[]":[[18992,18992]],"ts[]":[[46,57]],"ia[]":[[3034,2909,3011,2926]],"ta[]":[[29,34,32,32]],"fa[]":[[0,0,0,0]],"pa[]":[[345,338,352,363]],"vc[]":[[24,24,24,26]],"om[]":[[63716958,63395194,63774581,63395357]],"ob[]":[[211426,120351,212702,120390]],"of[]":[[695199,7933918,4178544,4078964]],"bi[]":[1],"me[]":[255]}}
1535546950563,{"fm":{"id":0,"pf[]":[100],"pr[]":[0],"rs":3,"ks":1,"ec[]":[0],"wn[]":[0],"ll[]":[[-60.320599,-56.238201]],"paa[]":[[0,0,0,0]],"saa[]":[[1342242816,1342242816]],"bo[]":[4095]}}
1535546950612,{"cc":{"id":0,"cf":3016000,"ci":1,"sl":0,"su":0,"cl":1.000000,"la":1.000000,"f[]":[0.000000,0.000000],"t[]":[0.000000,0.000000],"df":0,"km[]":[4],"pl":100,"vs":19,"vd":750,"zr":0,"lm":1.000000}}
1535546950612,{"hc":{"id":0,"u1fv[]":[" 3.10"],"esn[]":[150002],"u1sn[]":[160016],"om[]":[0,127],"u2p[]":[0],"u2fv[]":[" 3.10"],"u2pap[]":[[0,0,0,0]],"u2pafv[]":[["A1","A1","A1","A1"]],"u2pasn[]":[[150007,150014,150001,150011]],"u2psp[]":[[0,0]],"u2pssn[]":[["14KZ40020902  ","15KZ10014053  "]]}}
1535546950612,{"sm":{"id":0,"is[]":[[5600,5800]],"vs[]":[[18992,18990]],"ts[]":[[46,57]],"ia[]":[[3034,2909,3011,2926]],"ta[]":[[29,34,32,32]],"fa[]":[[0,0,0,0]],"pa[]":[[345,338,352,363]],"vc[]":[[23,24,23,26]],"om[]":[[63716960,63395196,63774583,63395359]],"ob[]":[[211428,120353,212704,120392]],"of[]":[[695199,7933918,4178544,4078964]],"bi[]":[1],"me[]":[255]}}
1535546950612,{"fm":{"id":0,"pf[]":[100],"pr[]":[0],"rs":3,"ks":1,"ec[]":[0],"wn[]":[0],"ll[]":[[-60.320599,-56.238201]],"paa[]":[[0,0,0,0]],"saa[]":[[1342242816,1342242816]],"bo[]":[4095]}}
1535546952590,{"cc":{"id":0,"cf":3016000,"ci":1,"sl":0,"su":0,"cl":1.000000,"la":1.000000,"f[]":[0.000000,0.000000],"t[]":[0.000000,0.000000],"df":0,"km[]":[4],"pl":100,"vs":19,"vd":750,"zr":0,"lm":1.000000}}
1535546952649,{"hc":{"id":0,"u1fv[]":[" 3.10"],"esn[]":[150002],"u1sn[]":[160016],"om[]":[0,127],"u2p[]":[0],"u2fv[]":[" 3.10"],"u2pap[]":[[0,0,0,0]],"u2pafv[]":[["A1","A1","A1","A1"]],"u2pasn[]":[[150007,150014,150001,150011]],"u2psp[]":[[0,0]],"u2pssn[]":[["14KZ40020902  ","15KZ10014053  "]]}}
1535546952649,{"sm":{"id":0,"is[]":[[5400,5800]],"vs[]":[[18987,18992]],"ts[]":[[46,57]],"ia[]":[[3034,2909,3011,2926]],"ta[]":[[29,34,32,33]],"fa[]":[[0,0,0,0]],"pa[]":[[346,338,352,363]],"vc[]":[[23,24,24,26]],"om[]":[[63716962,63395198,63774585,63395361]],"ob[]":[[211430,120355,212706,120394]],"of[]":[[695199,7933918,4178544,4078964]],"bi[]":[1],"me[]":[255]}}
1535546952649,{"fm":{"id":0,"pf[]":[100],"pr[]":[0],"rs":3,"ks":1,"ec[]":[0],"wn[]":[0],"ll[]":[[-62.258801,-58.736973]],"paa[]":[[0,0,0,0]],"saa[]":[[1342242816,1342242816]],"bo[]":[4095]}}
1535546954636,{"cc":{"id":0,"cf":3016000,"ci":1,"sl":0,"su":0,"cl":1.000000,"la":1.000000,"f[]":[0.000000,0.000000],"t[]":[0.000000,0.000000],"df":0,"km[]":[4],"pl":100,"vs":19,"vd":750,"zr":0,"lm":1.000000}}
1535546954691,{"hc":{"id":0,"u1fv[]":[" 3.10"],"esn[]":[150002],"u1sn[]":[160016],"om[]":[0,127],"u2p[]":[0],"u2fv[]":[" 3.10"],"u2pap[]":[[0,0,0,0]],"u2pafv[]":[["A1","A1","A1","A1"]],"u2pasn[]":[[150007,150014,150001,150011]],"u2psp[]":[[0,0]],"u2pssn[]":[["14KZ40020902  ","15KZ10014053  "]]}}
1535546954691,{"sm":{"id":0,"is[]":[[5600,6000]],"vs[]":[[18982,18992]],"ts[]":[[47,57]],"ia[]":[[3034,2909,3011,2926]],"ta[]":[[29,34,32,32]],"fa[]":[[0,0,0,0]],"pa[]":[[346,338,352,363]],"vc[]":[[24,24,23,26]],"om[]":[[63716964,63395200,63774588,63395363]],"ob[]":[[211432,120357,212709,120396]],"of[]":[[695199,7933918,4178544,4078964]],"bi[]":[1],"me[]":[255]}}
1535546954691,{"fm":{"id":0,"pf[]":[100],"pr[]":[0],"rs":3,"ks":1,"ec[]":[0],"wn[]":[0],"ll[]":[[-62.258801,-62.258801]],"paa[]":[[0,0,0,0]],"saa[]":[[1342242816,1342242816]],"bo[]":[4095]}}
1535546956679,{"cc":{"id":0,"cf":3016000,"ci":1,"sl":0,"su":0,"cl":1.000000,"la":1.000000,"f[]":[0.000000,0.000000],"t[]":[0.000000,0.000000],"df":0,"km[]":[4],"pl":100,"vs":19,"vd":750,"zr":0,"lm":1.000000}}
1535546956733,{"hc":{"id":0,"u1fv[]":[" 3.10"],"esn[]":[150002],"u1sn[]":[160016],"om[]":[0,127],"u2p[]":[0],"u2fv[]":[" 3.10"],"u2pap[]":[[0,0,0,0]],"u2pafv[]":[["A1","A1","A1","A1"]],"u2pasn[]":[[150007,150014,150001,150011]],"u2psp[]":[[0,0]],"u2pssn[]":[["14KZ40020902  ","15KZ10014053  "]]}}
1535546956733,{"sm":{"id":0,"is[]":[[5400,6000]],"vs[]":[[18985,18990]],"ts[]":[[47,57]],"ia[]":[[3034,2909,3011,2926]],"ta[]":[[29,34,32,33]],"fa[]":[[0,0,0,0]],"pa[]":[[346,338,352,363]],"vc[]":[[24,24,24,26]],"om[]":[[63716966,63395202,63774590,63395365]],"ob[]":[[211434,120359,212711,120398]],"of[]":[[695199,7933918,4178544,4078964]],"bi[]":[1],"me[]":[255]}}
1535546956733,{"fm":{"id":0,"pf[]":[100],"pr[]":[0],"rs":3,"ks":1,"ec[]":[0],"wn[]":[0],"ll[]":[[-62.258801,-62.258801]],"paa[]":[[0,0,0,0]],"saa[]":[[1342242816,1342242816]],"bo[]":[4095]}}
1535546958712,{"cc":{"id":0,"cf":3016000,"ci":1,"sl":0,"su":0,"cl":1.000000,"la":1.000000,"f[]":[0.000000,0.000000],"t[]":[0.000000,0.000000],"df":0,"km[]":[4],"pl":100,"vs":19,"vd":750,"zr":0,"lm":1.000000}}
1535546958770,{"hc":{"id":0,"u1fv[]":[" 3.10"],"esn[]":[150002],"u1sn[]":[160016],"om[]":[0,127],"u2p[]":[0],"u2fv[]":[" 3.10"],"u2pap[]":[[0,0,0,0]],"u2pafv[]":[["A1","A1","A1","A1"]],"u2pasn[]":[[150007,150014,150001,150011]],"u2psp[]":[[0,0]],"u2pssn[]":[["14KZ40020902  ","15KZ10014053  "]]}}
1535546958773,{"sm":{"id":0,"is[]":[[5600,5800]],"vs[]":[[18985,18990]],"ts[]":[[47,57]],"ia[]":[[3034,2909,3011,2926]],"ta[]":[[29,34,32,33]],"fa[]":[[0,0,0,0]],"pa[]":[[346,338,352,363]],"vc[]":[[23,24,24,26]],"om[]":[[63716968,63395204,63774592,63395367]],"ob[]":[[211436,120361,212713,120400]],"of[]":[[695199,7933918,4178544,4078964]],"bi[]":[1],"me[]":[255]}}
1535546958773,{"fm":{"id":0,"pf[]":[100],"pr[]":[0],"rs":3,"ks":1,"ec[]":[0],"wn[]":[0],"ll[]":[[-58.736973,-62.258801]],"paa[]":[[0,0,0,0]],"saa[]":[[1342242816,1342242816]],"bo[]":[4095]}}
1535546960753,{"cc":{"id":0,"cf":3016000,"ci":1,"sl":0,"su":0,"cl":1.000000,"la":1.000000,"f[]":[0.000000,0.000000],"t[]":[0.000000,0.000000],"df":0,"km[]":[4],"pl":100,"vs":19,"vd":750,"zr":0,"lm":1.000000}}
1535546960811,{"hc":{"id":0,"u1fv[]":[" 3.10"],"esn[]":[150002],"u1sn[]":[160016],"om[]":[0,127],"u2p[]":[0],"u2fv[]":[" 3.10"],"u2pap[]":[[0,0,0,0]],"u2pafv[]":[["A1","A1","A1","A1"]],"u2pasn[]":[[150007,150014,150001,150011]],"u2psp[]":[[0,0]],"u2pssn[]":[["14KZ40020902  ","15KZ10014053  "]]}}
1535546960811,{"sm":{"id":0,"is[]":[[5600,6000]],"vs[]":[[18985,18992]],"ts[]":[[47,57]],"ia[]":[[3034,2909,3011,2926]],"ta[]":[[29,34,32,33]],"fa[]":[[0,0,0,0]],"pa[]":[[346,338,352,363]],"vc[]":[[24,24,23,26]],"om[]":[[63716970,63395206,63774594,63395369]],"ob[]":[[211438,120363,212715,120402]],"of[]":[[695199,7933918,4178544,4078964]],"bi[]":[1],"me[]":[255]}}
1535546960811,{"fm":{"id":0,"pf[]":[100],"pr[]":[0],"rs":3,"ks":1,"ec[]":[0],"wn[]":[0],"ll[]":[[-62.258801,-62.258801]],"paa[]":[[0,0,0,0]],"saa[]":[[1342242816,1342242816]],"bo[]":[4095]}}
1535546962791,{"cc":{"id":0,"cf":3016000,"ci":1,"sl":0,"su":0,"cl":1.000000,"la":1.000000,"f[]":[0.000000,0.000000],"t[]":[0.000000,0.000000],"df":0,"km[]":[4],"pl":100,"vs":19,"vd":750,"zr":0,"lm":1.000000}}
1535546962850,{"hc":{"id":0,"u1fv[]":[" 3.10"],"esn[]":[150002],"u1sn[]":[160016],"om[]":[0,127],"u2p[]":[0],"u2fv[]":[" 3.10"],"u2pap[]":[[0,0,0,0]],"u2pafv[]":[["A1","A1","A1","A1"]],"u2pasn[]":[[150007,150014,150001,150011]],"u2psp[]":[[0,0]],"u2pssn[]":[["14KZ40020902  ","15KZ10014053  "]]}}
1535546962850,{"sm":{"id":0,"is[]":[[5400,5800]],"vs[]":[[18985,18992]],"ts[]":[[47,57]],"ia[]":[[3034,2909,3011,2926]],"ta[]":[[29,34,32,33]],"fa[]":[[0,0,0,0]],"pa[]":[[346,338,352,363]],"vc[]":[[23,24,24,26]],"om[]":[[63716972,63395209,63774596,63395371]],"ob[]":[[211440,120366,212717,120404]],"of[]":[[695199,7933918,4178544,4078964]],"bi[]":[1],"me[]":[255]}}
1535546962850,{"fm":{"id":0,"pf[]":[100],"pr[]":[0],"rs":3,"ks":1,"ec[]":[0],"wn[]":[0],"ll[]":[[-62.258801,-62.258801]],"paa[]":[[0,0,0,0]],"saa[]":[[1342242816,1342242816]],"bo[]":[4095]}}
1535546964836,{"cc":{"id":0,"cf":3016000,"ci":1,"sl":0,"su":0,"cl":1.000000,"la":1.000000,"f[]":[0.000000,0.000000],"t[]":[0.000000,0.000000],"df":0,"km[]":[4],"pl":100,"vs":19,"vd":750,"zr":0,"lm":1.000000}}
1535546964887,{"hc":{"id":0,"u1fv[]":[" 3.10"],"esn[]":[150002],"u1sn[]":[160016],"om[]":[0,127],"u2p[]":[0],"u2fv[]":[" 3.10"],"u2pap[]":[[0,0,0,0]],"u2pafv[]":[["A1","A1","A1","A1"]],"u2pasn[]":[[150007,150014,150001,150011]],"u2psp[]":[[0,0]],"u2pssn[]":[["14KZ40020902  ","15KZ10014053  "]]}}
1535546964887,{"sm":{"id":0,"is[]":[[5400,5800]],"vs[]":[[18992,18990]],"ts[]":[[47,57]],"ia[]":[[3034,2909,3011,2926]],"ta[]":[[29,34,32,33]],"fa[]":[[0,0,0,0]],"pa[]":[[346,339,352,363]],"vc[]":[[24,24,23,26]],"om[]":[[63716974,63395211,63774598,63395373]],"ob[]":[[211442,120368,212719,120406]],"of[]":[[695199,7933918,4178544,4078964]],"bi[]":[1],"me[]":[255]}}
1535546964887,{"fm":{"id":0,"pf[]":[100],"pr[]":[0],"rs":3,"ks":1,"ec[]":[0],"wn[]":[0],"ll[]":[[-62.258801,-60.320599]],"paa[]":[[0,0,0,0]],"saa[]":[[1342242816,1342242816]],"bo[]":[4095]}}
1535546966881,{"cc":{"id":0,"cf":3016000,"ci":1,"sl":0,"su":0,"cl":1.000000,"la":1.000000,"f[]":[0.000000,0.000000],"t[]":[0.000000,0.000000],"df":0,"km[]":[4],"pl":100,"vs":19,"vd":750,"zr":0,"lm":1.000000}}
1535546966934,{"hc":{"id":0,"u1fv[]":[" 3.10"],"esn[]":[150002],"u1sn[]":[160016],"om[]":[0,127],"u2p[]":[0],"u2fv[]":[" 3.10"],"u2pap[]":[[0,0,0,0]],"u2pafv[]":[["A1","A1","A1","A1"]],"u2pasn[]":[[150007,150014,150001,150011]],"u2psp[]":[[0,0]],"u2pssn[]":[["14KZ40020902  ","15KZ10014053  "]]}}
1535546966934,{"sm":{"id":0,"is[]":[[5400,6000]],"vs[]":[[18997,18992]],"ts[]":[[47,57]],"ia[]":[[3034,2909,3011,2926]],"ta[]":[[29,34,32,33]],"fa[]":[[0,0,0,0]],"pa[]":[[346,339,352,363]],"vc[]":[[23,24,24,26]],"om[]":[[63716976,63395213,63774600,63395375]],"ob[]":[[211444,120370,212721,120408]],"of[]":[[695199,7933918,4178544,4078964]],"bi[]":[1],"me[]":[255]}}
1535546966934,{"fm":{"id":0,"pf[]":[100],"pr[]":[0],"rs":3,"ks":1,"ec[]":[0],"wn[]":[0],"ll[]":[[-58.736973,-62.258801]],"paa[]":[[0,0,0,0]],"saa[]":[[1342242816,1342242816]],"bo[]":[4095]}}
1535546968909,{"cc":{"id":0,"cf":3016000,"ci":1,"sl":0,"su":0,"cl":1.000000,"la":1.000000,"f[]":[0.000000,0.000000],"t[]":[0.000000,0.000000],"df":0,"km[]":[4],"pl":100,"vs":19,"vd":750,"zr":0,"lm":1.000000}}
1535546968963,{"hc":{"id":0,"u1fv[]":[" 3.10"],"esn[]":[150002],"u1sn[]":[160016],"om[]":[0,127],"u2p[]":[0],"u2fv[]":[" 3.10"],"u2pap[]":[[0,0,0,0]],"u2pafv[]":[["A1","A1","A1","A1"]],"u2pasn[]":[[150007,150014,150001,150011]],"u2psp[]":[[0,0]],"u2pssn[]":[["14KZ40020902  ","15KZ10014053  "]]}}
1535546968963,{"sm":{"id":0,"is[]":[[5400,6000]],"vs[]":[[18990,18987]],"ts[]":[[47,57]],"ia[]":[[3034,2909,3011,2926]],"ta[]":[[29,34,32,33]],"fa[]":[[0,0,0,0]],"pa[]":[[346,339,352,363]],"vc[]":[[24,24,24,26]],"om[]":[[63716978,63395215,63774602,63395377]],"ob[]":[[211446,120372,212723,120410]],"of[]":[[695199,7933918,4178544,4078964]],"bi[]":[1],"me[]":[255]}}
1535546968963,{"fm":{"id":0,"pf[]":[100],"pr[]":[0],"rs":3,"ks":1,"ec[]":[0],"wn[]":[0],"ll[]":[[-62.258801,-62.258801]],"paa[]":[[0,0,0,0]],"saa[]":[[1342242816,1342242816]],"bo[]":[4095]}}
1535546970958,{"cc":{"id":0,"cf":3016000,"ci":1,"sl":0,"su":0,"cl":1.000000,"la":1.000000,"f[]":[0.000000,0.000000],"t[]":[0.000000,0.000000],"df":0,"km[]":[4],"pl":100,"vs":19,"vd":750,"zr":0,"lm":1.000000}}
1535546971017,{"hc":{"id":0,"u1fv[]":[" 3.10"],"esn[]":[150002],"u1sn[]":[160016],"om[]":[0,127],"u2p[]":[0],"u2fv[]":[" 3.10"],"u2pap[]":[[0,0,0,0]],"u2pafv[]":[["A1","A1","A1","A1"]],"u2pasn[]":[[150007,150014,150001,150011]],"u2psp[]":[[0,0]],"u2pssn[]":[["14KZ40020902  ","15KZ10014053  "]]}}
1535546971017,{"sm":{"id":0,"is[]":[[5400,6000]],"vs[]":[[19000,18990]],"ts[]":[[47,57]],"ia[]":[[3034,2909,3011,2926]],"ta[]":[[29,34,32,33]],"fa[]":[[0,0,0,0]],"pa[]":[[346,339,352,363]],"vc[]":[[23,24,23,26]],"om[]":[[63716980,63395217,63774604,63395379]],"ob[]":[[211448,120374,212725,120412]],"of[]":[[695199,7933918,4178544,4078964]],"bi[]":[1],"me[]":[255]}}
1535546971017,{"fm":{"id":0,"pf[]":[100],"pr[]":[0],"rs":3,"ks":1,"ec[]":[0],"wn[]":[0],"ll[]":[[-58.736973,-62.258801]],"paa[]":[[0,0,0,0]],"saa[]":[[1342242816,1342242816]],"bo[]":[4095]}}
1535546972994,{"cc":{"id":0,"cf":3016000,"ci":1,"sl":0,"su":0,"cl":1.000000,"la":1.000000,"f[]":[0.000000,0.000000],"t[]":[0.000000,0.000000],"df":0,"km[]":[4],"pl":100,"vs":19,"vd":750,"zr":0,"lm":1.000000}}
1535546973049,{"hc":{"id":0,"u1fv[]":[" 3.10"],"esn[]":[150002],"u1sn[]":[160016],"om[]":[0,127],"u2p[]":[0],"u2fv[]":[" 3.10"],"u2pap[]":[[0,0,0,0]],"u2pafv[]":[["A1","A1","A1","A1"]],"u2pasn[]":[[150007,150014,150001,150011]],"u2psp[]":[[0,0]],"u2pssn[]":[["14KZ40020902  ","15KZ10014053  "]]}}
1535546973049,{"sm":{"id":0,"is[]":[[5400,6000]],"vs[]":[[18995,18990]],"ts[]":[[47,57]],"ia[]":[[3034,2909,3011,2926]],"ta[]":[[30,34,32,33]],"fa[]":[[0,0,0,0]],"pa[]":[[346,339,352,363]],"vc[]":[[24,24,24,26]],"om[]":[[63716982,63395219,63774606,63395381]],"ob[]":[[211450,120376,212727,120414]],"of[]":[[695199,7933918,4178544,4078964]],"bi[]":[1],"me[]":[255]}}
1535546973049,{"fm":{"id":0,"pf[]":[100],"pr[]":[0],"rs":3,"ks":1,"ec[]":[0],"wn[]":[0],"ll[]":[[-60.320599,-62.258801]],"paa[]":[[0,0,0,0]],"saa[]":[[1342242816,1342242816]],"bo[]":[4095]}}
1535546975030,{"cc":{"id":0,"cf":3016000,"ci":1,"sl":0,"su":0,"cl":1.000000,"la":1.000000,"f[]":[0.000000,0.000000],"t[]":[0.000000,0.000000],"df":0,"km[]":[4],"pl":100,"vs":19,"vd":750,"zr":0,"lm":1.000000}}
1535546975098,{"hc":{"id":0,"u1fv[]":[" 3.10"],"esn[]":[150002],"u1sn[]":[160016],"om[]":[0,127],"u2p[]":[0],"u2fv[]":[" 3.10"],"u2pap[]":[[0,0,0,0]],"u2pafv[]":[["A1","A1","A1","A1"]],"u2pasn[]":[[150007,150014,150001,150011]],"u2psp[]":[[0,0]],"u2pssn[]":[["14KZ40020902  ","15KZ10014053  "]]}}
1535546975098,{"sm":{"id":0,"is[]":[[5600,5800]],"vs[]":[[18990,18992]],"ts[]":[[47,57]],"ia[]":[[3034,2909,3011,2926]],"ta[]":[[30,34,32,33]],"fa[]":[[0,0,0,0]],"pa[]":[[346,339,352,363]],"vc[]":[[24,24,24,26]],"om[]":[[63716984,63395221,63774608,63395383]],"ob[]":[[211452,120378,212729,120416]],"of[]":[[695199,7933918,4178544,4078964]],"bi[]":[1],"me[]":[255]}}
1535546975098,{"fm":{"id":0,"pf[]":[100],"pr[]":[0],"rs":3,"ks":1,"ec[]":[0],"wn[]":[0],"ll[]":[[-62.258801,-60.320599]],"paa[]":[[0,0,0,0]],"saa[]":[[1342242816,1342242816]],"bo[]":[4095]}}
1535546977071,{"cc":{"id":0,"cf":3016000,"ci":1,"sl":0,"su":0,"cl":1.000000,"la":1.000000,"f[]":[0.000000,0.000000],"t[]":[0.000000,0.000000],"df":0,"km[]":[4],"pl":100,"vs":19,"vd":750,"zr":0,"lm":1.000000}}
1535546977133,{"hc":{"id":0,"u1fv[]":[" 3.10"],"esn[]":[150002],"u1sn[]":[160016],"om[]":[0,127],"u2p[]":[0],"u2fv[]":[" 3.10"],"u2pap[]":[[0,0,0,0]],"u2pafv[]":[["A1","A1","A1","A1"]],"u2pasn[]":[[150007,150014,150001,150011]],"u2psp[]":[[0,0]],"u2pssn[]":[["14KZ40020902  ","15KZ10014053  "]]}}
1535546977133,{"sm":{"id":0,"is[]":[[5400,6000]],"vs[]":[[18995,18987]],"ts[]":[[48,58]],"ia[]":[[3034,2909,3011,2926]],"ta[]":[[30,34,32,33]],"fa[]":[[0,0,0,0]],"pa[]":[[346,339,352,364]],"vc[]":[[24,24,23,26]],"om[]":[[63716986,63395223,63774610,63395385]],"ob[]":[[211454,120380,212731,120418]],"of[]":[[695199,7933918,4178544,4078964]],"bi[]":[1],"me[]":[255]}}
1535546977133,{"fm":{"id":0,"pf[]":[100],"pr[]":[0],"rs":3,"ks":1,"ec[]":[0],"wn[]":[0],"ll[]":[[-62.258801,-60.320599]],"paa[]":[[0,0,0,0]],"saa[]":[[1342242816,1342242816]],"bo[]":[4095]}}
1535546979122,{"cc":{"id":0,"cf":3016000,"ci":1,"sl":0,"su":0,"cl":1.000000,"la":1.000000,"f[]":[0.000000,0.000000],"t[]":[0.000000,0.000000],"df":0,"km[]":[4],"pl":100,"vs":19,"vd":750,"zr":0,"lm":1.000000}}
1535546979174,{"hc":{"id":0,"u1fv[]":[" 3.10"],"esn[]":[150002],"u1sn[]":[160016],"om[]":[0,127],"u2p[]":[0],"u2fv[]":[" 3.10"],"u2pap[]":[[0,0,0,0]],"u2pafv[]":[["A1","A1","A1","A1"]],"u2pasn[]":[[150007,150014,150001,150011]],"u2psp[]":[[0,0]],"u2pssn[]":[["14KZ40020902  ","15KZ10014053  "]]}}
1535546979174,{"sm":{"id":0,"is[]":[[5400,6000]],"vs[]":[[18992,18992]],"ts[]":[[48,58]],"ia[]":[[3034,2909,3011,2926]],"ta[]":[[30,34,33,33]],"fa[]":[[0,0,0,0]],"pa[]":[[346,339,352,363]],"vc[]":[[24,24,24,26]],"om[]":[[63716988,63395225,63774612,63395387]],"ob[]":[[211456,120382,212733,120420]],"of[]":[[695199,7933918,4178544,4078964]],"bi[]":[1],"me[]":[255]}}
1535546979174,{"fm":{"id":0,"pf[]":[100],"pr[]":[0],"rs":3,"ks":1,"ec[]":[0],"wn[]":[0],"ll[]":[[-62.258801,-62.258801]],"paa[]":[[0,0,0,0]],"saa[]":[[1342242816,1342242816]],"bo[]":[4095]}}
1535546981159,{"cc":{"id":0,"cf":3016000,"ci":1,"sl":0,"su":0,"cl":1.000000,"la":1.000000,"f[]":[0.000000,0.000000],"t[]":[0.000000,0.000000],"df":0,"km[]":[4],"pl":100,"vs":19,"vd":750,"zr":0,"lm":1.000000}}
1535546981214,{"hc":{"id":0,"u1fv[]":[" 3.10"],"esn[]":[150002],"u1sn[]":[160016],"om[]":[0,127],"u2p[]":[0],"u2fv[]":[" 3.10"],"u2pap[]":[[0,0,0,0]],"u2pafv[]":[["A1","A1","A1","A1"]],"u2pasn[]":[[150007,150014,150001,150011]],"u2psp[]":[[0,0]],"u2pssn[]":[["14KZ40020902  ","15KZ10014053  "]]}}
1535546981214,{"sm":{"id":0,"is[]":[[5600,6000]],"vs[]":[[18990,18992]],"ts[]":[[48,58]],"ia[]":[[3034,2909,3011,2926]],"ta[]":[[30,34,33,33]],"fa[]":[[0,0,0,0]],"pa[]":[[346,339,352,363]],"vc[]":[[24,24,24,26]],"om[]":[[63716990,63395227,63774614,63395389]],"ob[]":[[211458,120384,212735,120422]],"of[]":[[695199,7933918,4178544,4078964]],"bi[]":[1],"me[]":[255]}}
1535546981214,{"fm":{"id":0,"pf[]":[100],"pr[]":[0],"rs":3,"ks":1,"ec[]":[0],"wn[]":[0],"ll[]":[[-62.258801,-58.736973]],"paa[]":[[0,0,0,0]],"saa[]":[[1342242816,1342242816]],"bo[]":[4095]}}
1535546983200,{"cc":{"id":0,"cf":3016000,"ci":1,"sl":0,"su":0,"cl":1.000000,"la":1.000000,"f[]":[0.000000,0.000000],"t[]":[0.000000,0.000000],"df":0,"km[]":[4],"pl":100,"vs":19,"vd":750,"zr":0,"lm":1.000000}}
1535546983255,{"hc":{"id":0,"u1fv[]":[" 3.10"],"esn[]":[150002],"u1sn[]":[160016],"om[]":[0,127],"u2p[]":[0],"u2fv[]":[" 3.10"],"u2pap[]":[[0,0,0,0]],"u2pafv[]":[["A1","A1","A1","A1"]],"u2pasn[]":[[150007,150014,150001,150011]],"u2psp[]":[[0,0]],"u2pssn[]":[["14KZ40020902  ","15KZ10014053  "]]}}
1535546983255,{"sm":{"id":0,"is[]":[[5600,6000]],"vs[]":[[18985,18992]],"ts[]":[[48,58]],"ia[]":[[3034,2909,3011,2926]],"ta[]":[[30,34,33,33]],"fa[]":[[0,0,0,0]],"pa[]":[[346,339,352,363]],"vc[]":[[24,24,23,26]],"om[]":[[63716992,63395229,63774616,63395391]],"ob[]":[[211460,120386,212737,120424]],"of[]":[[695199,7933918,4178544,4078964]],"bi[]":[1],"me[]":[255]}}
1535546983255,{"fm":{"id":0,"pf[]":[100],"pr[]":[0],"rs":3,"ks":1,"ec[]":[0],"wn[]":[0],"ll[]":[[-58.736973,-62.258801]],"paa[]":[[0,0,0,0]],"saa[]":[[1342242816,1342242816]],"bo[]":[4095]}}
1535546985240,{"cc":{"id":0,"cf":3016000,"ci":1,"sl":0,"su":0,"cl":1.000000,"la":1.000000,"f[]":[0.000000,0.000000],"t[]":[0.000000,0.000000],"df":0,"km[]":[4],"pl":100,"vs":19,"vd":750,"zr":0,"lm":1.000000}}
1535546985299,{"hc":{"id":0,"u1fv[]":[" 3.10"],"esn[]":[150002],"u1sn[]":[160016],"om[]":[0,127],"u2p[]":[0],"u2fv[]":[" 3.10"],"u2pap[]":[[0,0,0,0]],"u2pafv[]":[["A1","A1","A1","A1"]],"u2pasn[]":[[150007,150014,150001,150011]],"u2psp[]":[[0,0]],"u2pssn[]":[["14KZ40020902  ","15KZ10014053  "]]}}
1535546985299,{"sm":{"id":0,"is[]":[[5600,5800]],"vs[]":[[18995,18995]],"ts[]":[[48,58]],"ia[]":[[3034,2909,3011,2926]],"ta[]":[[30,35,33,33]],"fa[]":[[0,0,0,0]],"pa[]":[[346,339,352,363]],"vc[]":[[23,24,24,26]],"om[]":[[63716994,63395231,63774618,63395394]],"ob[]":[[211462,120388,212739,120427]],"of[]":[[695199,7933918,4178544,4078964]],"bi[]":[1],"me[]":[255]}}
1535546985299,{"fm":{"id":0,"pf[]":[100],"pr[]":[0],"rs":3,"ks":1,"ec[]":[0],"wn[]":[0],"ll[]":[[-62.258801,-62.258801]],"paa[]":[[0,0,0,0]],"saa[]":[[1342242816,1342242816]],"bo[]":[4095]}}
1535546987279,{"cc":{"id":0,"cf":3016000,"ci":1,"sl":0,"su":0,"cl":1.000000,"la":1.000000,"f[]":[0.000000,0.000000],"t[]":[0.000000,0.000000],"df":0,"km[]":[4],"pl":100,"vs":19,"vd":750,"zr":0,"lm":1.000000}}
1535546987335,{"hc":{"id":0,"u1fv[]":[" 3.10"],"esn[]":[150002],"u1sn[]":[160016],"om[]":[0,127],"u2p[]":[0],"u2fv[]":[" 3.10"],"u2pap[]":[[0,0,0,0]],"u2pafv[]":[["A1","A1","A1","A1"]],"u2pasn[]":[[150007,150014,150001,150011]],"u2psp[]":[[0,0]],"u2pssn[]":[["14KZ40020902  ","15KZ10014053  "]]}}
1535546987335,{"sm":{"id":0,"is[]":[[5600,5800]],"vs[]":[[18980,18992]],"ts[]":[[48,58]],"ia[]":[[3034,2909,3034,2926]],"ta[]":[[30,35,33,33]],"fa[]":[[0,0,0,0]],"pa[]":[[346,339,352,363]],"vc[]":[[24,24,24,26]],"om[]":[[63716996,63395233,63774620,63395396]],"ob[]":[[211464,120390,212741,120429]],"of[]":[[695199,7933919,4178544,4078964]],"bi[]":[1],"me[]":[255]}}
1535546987335,{"fm":{"id":0,"pf[]":[100],"pr[]":[0],"rs":3,"ks":1,"ec[]":[0],"wn[]":[0],"ll[]":[[-62.258801,-62.258801]],"paa[]":[[0,0,0,0]],"saa[]":[[1342242816,1342242816]],"bo[]":[4095]}}
1535546989313,{"cc":{"id":0,"cf":3016000,"ci":1,"sl":0,"su":0,"cl":1.000000,"la":1.000000,"f[]":[0.000000,0.000000],"t[]":[0.000000,0.000000],"df":0,"km[]":[4],"pl":100,"vs":19,"vd":750,"zr":0,"lm":1.000000}}
1535546989371,{"hc":{"id":0,"u1fv[]":[" 3.10"],"esn[]":[150002],"u1sn[]":[160016],"om[]":[0,127],"u2p[]":[0],"u2fv[]":[" 3.10"],"u2pap[]":[[0,0,0,0]],"u2pafv[]":[["A1","A1","A1","A1"]],"u2pasn[]":[[150007,150014,150001,150011]],"u2psp[]":[[0,0]],"u2pssn[]":[["14KZ40020902  ","15KZ10014053  "]]}}
1535546989371,{"sm":{"id":0,"is[]":[[5600,5800]],"vs[]":[[18997,18992]],"ts[]":[[48,58]],"ia[]":[[3034,2909,3011,2926]],"ta[]":[[30,34,33,33]],"fa[]":[[0,0,0,0]],"pa[]":[[346,339,352,364]],"vc[]":[[23,24,24,26]],"om[]":[[63716999,63395235,63774622,63395398]],"ob[]":[[211467,120392,212743,120431]],"of[]":[[695199,7933921,4178544,4078964]],"bi[]":[1],"me[]":[255]}}
1535546989371,{"fm":{"id":0,"pf[]":[100],"pr[]":[0],"rs":3,"ks":1,"ec[]":[0],"wn[]":[0],"ll[]":[[-62.258801,-62.258801]],"paa[]":[[0,0,0,0]],"saa[]":[[1342242816,1342242816]],"bo[]":[4095]}}
1535546991351,{"cc":{"id":0,"cf":3016000,"ci":1,"sl":0,"su":0,"cl":1.000000,"la":1.000000,"f[]":[0.000000,0.000000],"t[]":[0.000000,0.000000],"df":0,"km[]":[4],"pl":100,"vs":19,"vd":750,"zr":0,"lm":1.000000}}
1535546991403,{"hc":{"id":0,"u1fv[]":[" 3.10"],"esn[]":[150002],"u1sn[]":[160016],"om[]":[0,127],"u2p[]":[0],"u2fv[]":[" 3.10"],"u2pap[]":[[0,0,0,0]],"u2pafv[]":[["A1","A1","A1","A1"]],"u2pasn[]":[[150007,150014,150001,150011]],"u2psp[]":[[0,0]],"u2pssn[]":[["14KZ40020902  ","15KZ10014053  "]]}}
1535546991403,{"sm":{"id":0,"is[]":[[5600,5800]],"vs[]":[[18995,18992]],"ts[]":[[49,58]],"ia[]":[[3034,2909,3034,2926]],"ta[]":[[30,35,33,33]],"fa[]":[[0,0,0,0]],"pa[]":[[346,339,352,364]],"vc[]":[[24,24,24,26]],"om[]":[[63717001,63395237,63774624,63395400]],"ob[]":[[211469,120394,212745,120433]],"of[]":[[695199,7933923,4178544,4078964]],"bi[]":[1],"me[]":[255]}}
1535546991403,{"fm":{"id":0,"pf[]":[100],"pr[]":[0],"rs":3,"ks":1,"ec[]":[0],"wn[]":[0],"ll[]":[[-62.258801,-62.258801]],"paa[]":[[0,0,0,0]],"saa[]":[[1342242816,1342242816]],"bo[]":[4095]}}
1535546993397,{"cc":{"id":0,"cf":3016000,"ci":1,"sl":0,"su":0,"cl":1.000000,"la":1.000000,"f[]":[0.000000,0.000000],"t[]":[0.000000,0.000000],"df":0,"km[]":[4],"pl":100,"vs":19,"vd":750,"zr":0,"lm":1.000000}}
1535546993443,{"hc":{"id":0,"u1fv[]":[" 3.10"],"esn[]":[150002],"u1sn[]":[160016],"om[]":[0,127],"u2p[]":[0],"u2fv[]":[" 3.10"],"u2pap[]":[[0,0,0,0]],"u2pafv[]":[["A1","A1","A1","A1"]],"u2pasn[]":[[150007,150014,150001,150011]],"u2psp[]":[[0,0]],"u2pssn[]":[["14KZ40020902  ","15KZ10014053  "]]}}
1535546993443,{"sm":{"id":0,"is[]":[[5600,6000]],"vs[]":[[18990,18990]],"ts[]":[[49,58]],"ia[]":[[3034,2909,3034,2926]],"ta[]":[[30,35,33,33]],"fa[]":[[0,0,0,0]],"pa[]":[[346,339,352,364]],"vc[]":[[24,24,23,26]],"om[]":[[63717003,63395239,63774626,63395402]],"ob[]":[[211471,120396,212747,120435]],"of[]":[[695199,7933925,4178544,4078964]],"bi[]":[1],"me[]":[255]}}
1535546993443,{"fm":{"id":0,"pf[]":[100],"pr[]":[0],"rs":3,"ks":1,"ec[]":[0],"wn[]":[0],"ll[]":[[-60.320599,-62.258801]],"paa[]":[[0,0,0,0]],"saa[]":[[1342242816,1342242816]],"bo[]":[4095]}}
1535546995439,{"cc":{"id":0,"cf":3016000,"ci":1,"sl":0,"su":0,"cl":1.000000,"la":1.000000,"f[]":[0.000000,0.000000],"t[]":[0.000000,0.000000],"df":0,"km[]":[4],"pl":100,"vs":19,"vd":750,"zr":0,"lm":1.000000}}
1535546995488,{"hc":{"id":0,"u1fv[]":[" 3.10"],"esn[]":[150002],"u1sn[]":[160016],"om[]":[0,127],"u2p[]":[0],"u2fv[]":[" 3.10"],"u2pap[]":[[0,0,0,0]],"u2pafv[]":[["A1","A1","A1","A1"]],"u2pasn[]":[[150007,150014,150001,150011]],"u2psp[]":[[0,0]],"u2pssn[]":[["14KZ40020902  ","15KZ10014053  "]]}}
1535546995488,{"sm":{"id":0,"is[]":[[5600,5800]],"vs[]":[[18982,18990]],"ts[]":[[49,58]],"ia[]":[[3034,2909,3011,2926]],"ta[]":[[30,35,33,33]],"fa[]":[[0,0,0,0]],"pa[]":[[346,339,352,364]],"vc[]":[[24,24,24,26]],"om[]":[[63717005,63395241,63774628,63395404]],"ob[]":[[211473,120398,212749,120437]],"of[]":[[695199,7933927,4178544,4078964]],"bi[]":[1],"me[]":[255]}}
1535546995488,{"fm":{"id":0,"pf[]":[100],"pr[]":[0],"rs":3,"ks":1,"ec[]":[0],"wn[]":[0],"ll[]":[[-58.736973,-62.258801]],"paa[]":[[0,0,0,0]],"saa[]":[[1342242816,1342242816]],"bo[]":[4095]}}
1535546997481,{"cc":{"id":0,"cf":3016000,"ci":1,"sl":0,"su":0,"cl":1.000000,"la":1.000000,"f[]":[0.000000,0.000000],"t[]":[0.000000,0.000000],"df":0,"km[]":[4],"pl":100,"vs":19,"vd":750,"zr":0,"lm":1.000000}}
1535546997538,{"hc":{"id":0,"u1fv[]":[" 3.10"],"esn[]":[150002],"u1sn[]":[160016],"om[]":[0,127],"u2p[]":[0],"u2fv[]":[" 3.10"],"u2pap[]":[[0,0,0,0]],"u2pafv[]":[["A1","A1","A1","A1"]],"u2pasn[]":[[150007,150014,150001,150011]],"u2psp[]":[[0,0]],"u2pssn[]":[["14KZ40020902  ","15KZ10014053  "]]}}
1535546997538,{"sm":{"id":0,"is[]":[[5600,5800]],"vs[]":[[18977,18990]],"ts[]":[[49,58]],"ia[]":[[3034,2909,3011,2926]],"ta[]":[[30,35,33,33]],"fa[]":[[0,0,0,0]],"pa[]":[[346,339,352,364]],"vc[]":[[24,24,24,26]],"om[]":[[63717007,63395243,63774630,63395406]],"ob[]":[[211475,120400,212751,120439]],"of[]":[[695199,7933929,4178544,4078964]],"bi[]":[1],"me[]":[255]}}
1535546997538,{"fm":{"id":0,"pf[]":[100],"pr[]":[0],"rs":3,"ks":1,"ec[]":[0],"wn[]":[0],"ll[]":[[-62.258801,-60.320599]],"paa[]":[[0,0,0,0]],"saa[]":[[1342242816,1342242816]],"bo[]":[4095]}}
1535546999522,{"cc":{"id":0,"cf":3016000,"ci":1,"sl":0,"su":0,"cl":1.000000,"la":1.000000,"f[]":[0.000000,0.000000],"t[]":[0.000000,0.000000],"df":0,"km[]":[4],"pl":100,"vs":19,"vd":750,"zr":0,"lm":1.000000}}
1535546999566,{"hc":{"id":0,"u1fv[]":[" 3.10"],"esn[]":[150002],"u1sn[]":[160016],"om[]":[0,127],"u2p[]":[0],"u2fv[]":[" 3.10"],"u2pap[]":[[0,0,0,0]],"u2pafv[]":[["A1","A1","A1","A1"]],"u2pasn[]":[[150007,150014,150001,150011]],"u2psp[]":[[0,0]],"u2pssn[]":[["14KZ40020902  ","15KZ10014053  "]]}}
1535546999566,{"sm":{"id":0,"is[]":[[5400,6000]],"vs[]":[[18990,18990]],"ts[]":[[49,58]],"ia[]":[[3034,2909,3034,2926]],"ta[]":[[30,35,33,34]],"fa[]":[[0,0,0,0]],"pa[]":[[346,339,352,364]],"vc[]":[[24,24,24,26]],"om[]":[[63717009,63395245,63774632,63395408]],"ob[]":[[211477,120402,212753,120441]],"of[]":[[695199,7933931,4178544,4078964]],"bi[]":[1],"me[]":[255]}}
1535546999570,{"fm":{"id":0,"pf[]":[100],"pr[]":[0],"rs":3,"ks":1,"ec[]":[0],"wn[]":[0],"ll[]":[[-62.258801,-62.258801]],"paa[]":[[0,0,0,0]],"saa[]":[[1342242816,1342242816]],"bo[]":[4095]}}
1535547001559,{"cc":{"id":0,"cf":3016000,"ci":1,"sl":0,"su":0,"cl":1.000000,"la":1.000000,"f[]":[0.000000,0.000000],"t[]":[0.000000,0.000000],"df":0,"km[]":[4],"pl":100,"vs":19,"vd":750,"zr":0,"lm":1.000000}}
1535547001605,{"hc":{"id":0,"u1fv[]":[" 3.10"],"esn[]":[150002],"u1sn[]":[160016],"om[]":[0,127],"u2p[]":[0],"u2fv[]":[" 3.10"],"u2pap[]":[[0,0,0,0]],"u2pafv[]":[["A1","A1","A1","A1"]],"u2pasn[]":[[150007,150014,150001,150011]],"u2psp[]":[[0,0]],"u2pssn[]":[["14KZ40020902  ","15KZ10014053  "]]}}
1535547001605,{"sm":{"id":0,"is[]":[[5400,5800]],"vs[]":[[18995,18985]],"ts[]":[[49,58]],"ia[]":[[3034,2909,3034,2926]],"ta[]":[[30,35,33,33]],"fa[]":[[0,0,0,0]],"pa[]":[[346,339,352,364]],"vc[]":[[24,24,24,26]],"om[]":[[63717011,63395247,63774634,63395410]],"ob[]":[[211479,120404,212755,120443]],"of[]":[[695199,7933933,4178544,4078964]],"bi[]":[1],"me[]":[255]}}
1535547001605,{"fm":{"id":0,"pf[]":[100],"pr[]":[0],"rs":3,"ks":1,"ec[]":[0],"wn[]":[0],"ll[]":[[-62.258801,-62.258801]],"paa[]":[[0,0,0,0]],"saa[]":[[1342242816,1342242816]],"bo[]":[4095]}}
1535547003598,{"cc":{"id":0,"cf":3016000,"ci":1,"sl":0,"su":0,"cl":1.000000,"la":1.000000,"f[]":[0.000000,0.000000],"t[]":[0.000000,0.000000],"df":0,"km[]":[4],"pl":100,"vs":19,"vd":750,"zr":0,"lm":1.000000}}
1535547003651,{"hc":{"id":0,"u1fv[]":[" 3.10"],"esn[]":[150002],"u1sn[]":[160016],"om[]":[0,127],"u2p[]":[0],"u2fv[]":[" 3.10"],"u2pap[]":[[0,0,0,0]],"u2pafv[]":[["A1","A1","A1","A1"]],"u2pasn[]":[[150007,150014,150001,150011]],"u2psp[]":[[0,0]],"u2pssn[]":[["14KZ40020902  ","15KZ10014053  "]]}}
1535547003651,{"sm":{"id":0,"is[]":[[5400,6000]],"vs[]":[[18990,18987]],"ts[]":[[49,58]],"ia[]":[[3034,2909,3034,2926]],"ta[]":[[30,35,33,34]],"fa[]":[[0,0,0,0]],"pa[]":[[346,339,352,364]],"vc[]":[[24,24,24,26]],"om[]":[[63717013,63395249,63774636,63395412]],"ob[]":[[211481,120406,212757,120445]],"of[]":[[695199,7933935,4178544,4078964]],"bi[]":[1],"me[]":[255]}}
1535547003651,{"fm":{"id":0,"pf[]":[100],"pr[]":[0],"rs":3,"ks":1,"ec[]":[0],"wn[]":[0],"ll[]":[[-62.258801,-62.258801]],"paa[]":[[0,0,0,0]],"saa[]":[[1342242816,1342242816]],"bo[]":[4095]}}
1535547005638,{"cc":{"id":0,"cf":3016000,"ci":1,"sl":0,"su":0,"cl":1.000000,"la":1.000000,"f[]":[0.000000,0.000000],"t[]":[0.000000,0.000000],"df":0,"km[]":[4],"pl":100,"vs":19,"vd":750,"zr":0,"lm":1.000000}}
1535547005691,{"hc":{"id":0,"u1fv[]":[" 3.10"],"esn[]":[150002],"u1sn[]":[160016],"om[]":[0,127],"u2p[]":[0],"u2fv[]":[" 3.10"],"u2pap[]":[[0,0,0,0]],"u2pafv[]":[["A1","A1","A1","A1"]],"u2pasn[]":[[150007,150014,150001,150011]],"u2psp[]":[[0,0]],"u2pssn[]":[["14KZ40020902  ","15KZ10014053  "]]}}
1535547005691,{"sm":{"id":0,"is[]":[[5400,6000]],"vs[]":[[18985,18987]],"ts[]":[[49,58]],"ia[]":[[3034,2909,3011,2926]],"ta[]":[[30,35,33,34]],"fa[]":[[0,180,0,0]],"pa[]":[[346,339,352,364]],"vc[]":[[24,24,24,26]],"om[]":[[63717015,63395251,63774639,63395414]],"ob[]":[[211483,120408,212760,120447]],"of[]":[[695199,7933937,4178544,4078964]],"bi[]":[1],"me[]":[255]}}
1535547005691,{"fm":{"id":0,"pf[]":[100],"pr[]":[0],"rs":3,"ks":1,"ec[]":[0],"wn[]":[0],"ll[]":[[-62.258801,-60.320599]],"paa[]":[[0,0,0,0]],"saa[]":[[1342242816,1342242816]],"bo[]":[4095]}}
1535547007671,{"cc":{"id":0,"cf":3016000,"ci":1,"sl":0,"su":0,"cl":1.000000,"la":1.000000,"f[]":[0.000000,0.000000],"t[]":[0.000000,0.000000],"df":0,"km[]":[4],"pl":100,"vs":19,"vd":750,"zr":0,"lm":1.000000}}
1535547007729,{"hc":{"id":0,"u1fv[]":[" 3.10"],"esn[]":[150002],"u1sn[]":[160016],"om[]":[0,127],"u2p[]":[0],"u2fv[]":[" 3.10"],"u2pap[]":[[0,0,0,0]],"u2pafv[]":[["A1","A1","A1","A1"]],"u2pasn[]":[[150007,150014,150001,150011]],"u2psp[]":[[0,0]],"u2pssn[]":[["14KZ40020902  ","15KZ10014053  "]]}}
1535547007729,{"sm":{"id":0,"is[]":[[5400,6000]],"vs[]":[[18985,18980]],"ts[]":[[50,58]],"ia[]":[[3034,2909,3011,2926]],"ta[]":[[30,35,33,34]],"fa[]":[[0,300,0,0]],"pa[]":[[347,339,352,364]],"vc[]":[[24,24,24,26]],"om[]":[[63717017,63395253,63774641,63395416]],"ob[]":[[211485,120410,212762,120449]],"of[]":[[695199,7933939,4178544,4078964]],"bi[]":[1],"me[]":[255]}}
1535547007729,{"fm":{"id":0,"pf[]":[100],"pr[]":[0],"rs":3,"ks":1,"ec[]":[0],"wn[]":[0],"ll[]":[[-62.258801,-62.258801]],"paa[]":[[0,0,0,0]],"saa[]":[[1342242816,1342242816]],"bo[]":[4095]}}
1535547009715,{"cc":{"id":0,"cf":3016000,"ci":1,"sl":0,"su":0,"cl":1.000000,"la":1.000000,"f[]":[0.000000,0.000000],"t[]":[0.000000,0.000000],"df":0,"km[]":[4],"pl":100,"vs":19,"vd":750,"zr":0,"lm":1.000000}}
1535547009765,{"hc":{"id":0,"u1fv[]":[" 3.10"],"esn[]":[150002],"u1sn[]":[160016],"om[]":[0,127],"u2p[]":[0],"u2fv[]":[" 3.10"],"u2pap[]":[[0,0,0,0]],"u2pafv[]":[["A1","A1","A1","A1"]],"u2pasn[]":[[150007,150014,150001,150011]],"u2psp[]":[[0,0]],"u2pssn[]":[["14KZ40020902  ","15KZ10014053  "]]}}
1535547009765,{"sm":{"id":0,"is[]":[[5600,6000]],"vs[]":[[18985,18992]],"ts[]":[[50,58]],"ia[]":[[3034,2909,3034,2926]],"ta[]":[[30,35,33,34]],"fa[]":[[0,240,0,0]],"pa[]":[[346,339,352,364]],"vc[]":[[24,24,24,26]],"om[]":[[63717019,63395255,63774643,63395418]],"ob[]":[[211487,120412,212764,120451]],"of[]":[[695199,7933941,4178544,4078964]],"bi[]":[1],"me[]":[255]}}
1535547009765,{"fm":{"id":0,"pf[]":[100],"pr[]":[0],"rs":3,"ks":1,"ec[]":[0],"wn[]":[0],"ll[]":[[-62.258801,-62.258801]],"paa[]":[[0,0,0,0]],"saa[]":[[1342242816,1342242816]],"bo[]":[4095]}}
1535547011757,{"cc":{"id":0,"cf":3016000,"ci":1,"sl":0,"su":0,"cl":1.000000,"la":1.000000,"f[]":[0.000000,0.000000],"t[]":[0.000000,0.000000],"df":0,"km[]":[4],"pl":100,"vs":19,"vd":750,"zr":0,"lm":1.000000}}
1535547011813,{"hc":{"id":0,"u1fv[]":[" 3.10"],"esn[]":[150002],"u1sn[]":[160016],"om[]":[0,127],"u2p[]":[0],"u2fv[]":[" 3.10"],"u2pap[]":[[0,0,0,0]],"u2pafv[]":[["A1","A1","A1","A1"]],"u2pasn[]":[[150007,150014,150001,150011]],"u2psp[]":[[0,0]],"u2pssn[]":[["14KZ40020902  ","15KZ10014053  "]]}}
1535547011813,{"sm":{"id":0,"is[]":[[5600,5800]],"vs[]":[[18987,18992]],"ts[]":[[50,58]],"ia[]":[[3034,2909,3034,2926]],"ta[]":[[30,35,33,34]],"fa[]":[[0,300,0,0]],"pa[]":[[347,339,353,364]],"vc[]":[[24,24,24,26]],"om[]":[[63717021,63395257,63774645,63395420]],"ob[]":[[211489,120414,212766,120453]],"of[]":[[695199,7933943,4178544,4078964]],"bi[]":[1],"me[]":[255]}}
1535547011813,{"fm":{"id":0,"pf[]":[100],"pr[]":[0],"rs":3,"ks":1,"ec[]":[0],"wn[]":[0],"ll[]":[[-62.258801,-62.258801]],"paa[]":[[0,0,0,0]],"saa[]":[[1342242816,1342242816]],"bo[]":[4095]}}
1535547013803,{"cc":{"id":0,"cf":3016000,"ci":1,"sl":0,"su":0,"cl":1.000000,"la":1.000000,"f[]":[0.000000,0.000000],"t[]":[0.000000,0.000000],"df":0,"km[]":[4],"pl":100,"vs":19,"vd":750,"zr":0,"lm":1.000000}}
1535547013845,{"hc":{"id":0,"u1fv[]":[" 3.10"],"esn[]":[150002],"u1sn[]":[160016],"om[]":[0,127],"u2p[]":[0],"u2fv[]":[" 3.10"],"u2pap[]":[[0,0,0,0]],"u2pafv[]":[["A1","A1","A1","A1"]],"u2pasn[]":[[150007,150014,150001,150011]],"u2psp[]":[[0,0]],"u2pssn[]":[["14KZ40020902  ","15KZ10014053  "]]}}
1535547013845,{"sm":{"id":0,"is[]":[[5400,6000]],"vs[]":[[19002,18990]],"ts[]":[[50,58]],"ia[]":[[3034,2909,3034,2926]],"ta[]":[[30,35,33,34]],"fa[]":[[0,240,0,0]],"pa[]":[[346,339,352,364]],"vc[]":[[24,24,24,26]],"om[]":[[63717023,63395260,63774647,63395422]],"ob[]":[[211491,120417,212768,120455]],"of[]":[[695199,7933946,4178544,4078964]],"bi[]":[1],"me[]":[255]}}
1535547013845,{"fm":{"id":0,"pf[]":[100],"pr[]":[0],"rs":3,"ks":1,"ec[]":[0],"wn[]":[0],"ll[]":[[-60.320599,-60.320599]],"paa[]":[[0,0,0,0]],"saa[]":[[1342242816,1342242816]],"bo[]":[4095]}}
1535547015837,{"cc":{"id":0,"cf":3016000,"ci":1,"sl":0,"su":0,"cl":1.000000,"la":1.000000,"f[]":[0.000000,0.000000],"t[]":[0.000000,0.000000],"df":0,"km[]":[4],"pl":100,"vs":19,"vd":750,"zr":0,"lm":1.000000}}
1535547015891,{"hc":{"id":0,"u1fv[]":[" 3.10"],"esn[]":[150002],"u1sn[]":[160016],"om[]":[0,127],"u2p[]":[0],"u2fv[]":[" 3.10"],"u2pap[]":[[0,0,0,0]],"u2pafv[]":[["A1","A1","A1","A1"]],"u2pasn[]":[[150007,150014,150001,150011]],"u2psp[]":[[0,0]],"u2pssn[]":[["14KZ40020902  ","15KZ10014053  "]]}}
1535547015891,{"sm":{"id":0,"is[]":[[5600,6000]],"vs[]":[[19000,18992]],"ts[]":[[50,59]],"ia[]":[[3058,2909,3034,2926]],"ta[]":[[30,35,33,34]],"fa[]":[[0,420,0,0]],"pa[]":[[347,339,353,364]],"vc[]":[[24,24,24,26]],"om[]":[[63717025,63395262,63774649,63395424]],"ob[]":[[211493,120419,212770,120457]],"of[]":[[695199,7933948,4178544,4078964]],"bi[]":[1],"me[]":[255]}}
1535547015894,{"fm":{"id":0,"pf[]":[100],"pr[]":[0],"rs":3,"ks":1,"ec[]":[0],"wn[]":[0],"ll[]":[[-58.736973,-62.258801]],"paa[]":[[0,0,0,0]],"saa[]":[[1342242816,1342242816]],"bo[]":[4095]}}
1535547017880,{"cc":{"id":0,"cf":3016000,"ci":1,"sl":0,"su":0,"cl":1.000000,"la":1.000000,"f[]":[0.000000,0.000000],"t[]":[0.000000,0.000000],"df":0,"km[]":[4],"pl":100,"vs":19,"vd":750,"zr":0,"lm":1.000000}}
1535547017928,{"hc":{"id":0,"u1fv[]":[" 3.10"],"esn[]":[150002],"u1sn[]":[160016],"om[]":[0,127],"u2p[]":[0],"u2fv[]":[" 3.10"],"u2pap[]":[[0,0,0,0]],"u2pafv[]":[["A1","A1","A1","A1"]],"u2pasn[]":[[150007,150014,150001,150011]],"u2psp[]":[[0,0]],"u2pssn[]":[["14KZ40020902  ","15KZ10014053  "]]}}
1535547017928,{"sm":{"id":0,"is[]":[[5600,6000]],"vs[]":[[18997,18990]],"ts[]":[[50,59]],"ia[]":[[3058,2909,3034,2926]],"ta[]":[[30,35,33,34]],"fa[]":[[0,360,0,0]],"pa[]":[[347,339,352,364]],"vc[]":[[24,24,24,26]],"om[]":[[63717027,63395264,63774651,63395426]],"ob[]":[[211495,120421,212772,120459]],"of[]":[[695199,7933950,4178544,4078964]],"bi[]":[1],"me[]":[255]}}
1535547017928,{"fm":{"id":0,"pf[]":[100],"pr[]":[0],"rs":3,"ks":1,"ec[]":[0],"wn[]":[0],"ll[]":[[-62.258801,-62.258801]],"paa[]":[[0,0,0,0]],"saa[]":[[1342242816,1342242816]],"bo[]":[4095]}}
1535547019914,{"cc":{"id":0,"cf":3016000,"ci":1,"sl":0,"su":0,"cl":1.000000,"la":1.000000,"f[]":[0.000000,0.000000],"t[]":[0.000000,0.000000],"df":0,"km[]":[4],"pl":100,"vs":19,"vd":750,"zr":0,"lm":1.000000}}
1535547019969,{"hc":{"id":0,"u1fv[]":[" 3.10"],"esn[]":[150002],"u1sn[]":[160016],"om[]":[0,127],"u2p[]":[0],"u2fv[]":[" 3.10"],"u2pap[]":[[0,0,0,0]],"u2pafv[]":[["A1","A1","A1","A1"]],"u2pasn[]":[[150007,150014,150001,150011]],"u2psp[]":[[0,0]],"u2pssn[]":[["14KZ40020902  ","15KZ10014053  "]]}}
1535547019969,{"sm":{"id":0,"is[]":[[5400,6000]],"vs[]":[[18985,18992]],"ts[]":[[50,59]],"ia[]":[[3058,2909,3034,2926]],"ta[]":[[30,35,34,34]],"fa[]":[[0,360,0,0]],"pa[]":[[347,339,353,364]],"vc[]":[[24,24,24,26]],"om[]":[[63717029,63395266,63774653,63395428]],"ob[]":[[211497,120423,212774,120461]],"of[]":[[695199,7933952,4178544,4078964]],"bi[]":[1],"me[]":[255]}}
1535547019969,{"fm":{"id":0,"pf[]":[100],"pr[]":[0],"rs":3,"ks":1,"ec[]":[0],"wn[]":[0],"ll[]":[[-62.258801,-58.736973]],"paa[]":[[0,0,0,0]],"saa[]":[[1342242816,1342242816]],"bo[]":[4095]}}
1535547021958,{"cc":{"id":0,"cf":3016000,"ci":1,"sl":0,"su":0,"cl":1.000000,"la":1.000000,"f[]":[0.000000,0.000000],"t[]":[0.000000,0.000000],"df":0,"km[]":[4],"pl":100,"vs":19,"vd":750,"zr":0,"lm":1.000000}}
1535547022009,{"hc":{"id":0,"u1fv[]":[" 3.10"],"esn[]":[150002],"u1sn[]":[160016],"om[]":[0,127],"u2p[]":[0],"u2fv[]":[" 3.10"],"u2pap[]":[[0,0,0,0]],"u2pafv[]":[["A1","A1","A1","A1"]],"u2pasn[]":[[150007,150014,150001,150011]],"u2psp[]":[[0,0]],"u2pssn[]":[["14KZ40020902  ","15KZ10014053  "]]}}
1535547022009,{"sm":{"id":0,"is[]":[[5600,6000]],"vs[]":[[18985,18985]],"ts[]":[[50,59]],"ia[]":[[3058,2909,3034,2926]],"ta[]":[[31,35,33,34]],"fa[]":[[0,360,0,0]],"pa[]":[[347,339,353,364]],"vc[]":[[24,24,24,26]],"om[]":[[63717031,63395268,63774655,63395430]],"ob[]":[[211499,120425,212776,120463]],"of[]":[[695199,7933954,4178544,4078964]],"bi[]":[1],"me[]":[255]}}
1535547022009,{"fm":{"id":0,"pf[]":[100],"pr[]":[0],"rs":3,"ks":1,"ec[]":[0],"wn[]":[0],"ll[]":[[-58.736973,-62.258801]],"paa[]":[[0,0,0,0]],"saa[]":[[1342242816,1342242816]],"bo[]":[4095]}}
1535547023995,{"cc":{"id":0,"cf":3016000,"ci":1,"sl":0,"su":0,"cl":1.000000,"la":1.000000,"f[]":[0.000000,0.000000],"t[]":[0.000000,0.000000],"df":0,"km[]":[4],"pl":100,"vs":19,"vd":750,"zr":0,"lm":1.000000}}
1535547024051,{"hc":{"id":0,"u1fv[]":[" 3.10"],"esn[]":[150002],"u1sn[]":[160016],"om[]":[0,127],"u2p[]":[0],"u2fv[]":[" 3.10"],"u2pap[]":[[0,0,0,0]],"u2pafv[]":[["A1","A1","A1","A1"]],"u2pasn[]":[[150007,150014,150001,150011]],"u2psp[]":[[0,0]],"u2pssn[]":[["14KZ40020902  ","15KZ10014053  "]]}}
1535547024051,{"sm":{"id":0,"is[]":[[5400,6000]],"vs[]":[[18987,18990]],"ts[]":[[50,59]],"ia[]":[[3058,2909,3034,2926]],"ta[]":[[31,35,34,34]],"fa[]":[[0,360,0,0]],"pa[]":[[347,339,353,364]],"vc[]":[[24,24,24,26]],"om[]":[[63717033,63395270,63774657,63395432]],"ob[]":[[211501,120427,212778,120465]],"of[]":[[695199,7933956,4178544,4078964]],"bi[]":[1],"me[]":[255]}}
1535547024051,{"fm":{"id":0,"pf[]":[100],"pr[]":[0],"rs":3,"ks":1,"ec[]":[0],"wn[]":[0],"ll[]":[[-62.258801,-62.258801]],"paa[]":[[0,0,0,0]],"saa[]":[[1342242816,1342242816]],"bo[]":[4095]}}
1535547026030,{"cc":{"id":0,"cf":3016000,"ci":1,"sl":0,"su":0,"cl":1.000000,"la":1.000000,"f[]":[0.000000,0.000000],"t[]":[0.000000,0.000000],"df":0,"km[]":[4],"pl":100,"vs":19,"vd":750,"zr":0,"lm":1.000000}}
1535547026092,{"hc":{"id":0,"u1fv[]":[" 3.10"],"esn[]":[150002],"u1sn[]":[160016],"om[]":[0,127],"u2p[]":[0],"u2fv[]":[" 3.10"],"u2pap[]":[[0,0,0,0]],"u2pafv[]":[["A1","A1","A1","A1"]],"u2pasn[]":[[150007,150014,150001,150011]],"u2psp[]":[[0,0]],"u2pssn[]":[["14KZ40020902  ","15KZ10014053  "]]}}
1535547026092,{"sm":{"id":0,"is[]":[[4800,6000]],"vs[]":[[18985,18982]],"ts[]":[[50,59]],"ia[]":[[3058,2932,3034,2926]],"ta[]":[[31,35,34,34]],"fa[]":[[0,420,0,0]],"pa[]":[[347,340,353,364]],"vc[]":[[24,24,24,26]],"om[]":[[63717035,63395272,63774659,63395434]],"ob[]":[[211503,120429,212780,120467]],"of[]":[[695199,7933958,4178544,4078964]],"bi[]":[1],"me[]":[255]}}
1535547026092,{"fm":{"id":0,"pf[]":[100],"pr[]":[0],"rs":3,"ks":1,"ec[]":[0],"wn[]":[0],"ll[]":[[-62.258801,-62.258801]],"paa[]":[[0,0,0,0]],"saa[]":[[1342242816,1342242816]],"bo[]":[4095]}}
1535547028068,{"cc":{"id":0,"cf":3016000,"ci":1,"sl":0,"su":0,"cl":1.000000,"la":1.000000,"f[]":[0.000000,0.000000],"t[]":[0.000000,0.000000],"df":0,"km[]":[4],"pl":100,"vs":19,"vd":750,"zr":0,"lm":1.000000}}
1535547028129,{"hc":{"id":0,"u1fv[]":[" 3.10"],"esn[]":[150002],"u1sn[]":[160016],"om[]":[0,127],"u2p[]":[0],"u2fv[]":[" 3.10"],"u2pap[]":[[0,0,0,0]],"u2pafv[]":[["A1","A1","A1","A1"]],"u2pasn[]":[[150007,150014,150001,150011]],"u2psp[]":[[0,0]],"u2pssn[]":[["14KZ40020902  ","15KZ10014053  "]]}}
1535547028129,{"sm":{"id":0,"is[]":[[5400,6200]],"vs[]":[[18995,18992]],"ts[]":[[51,59]],"ia[]":[[3058,2909,3034,2926]],"ta[]":[[31,35,34,34]],"fa[]":[[0,420,0,0]],"pa[]":[[347,339,353,364]],"vc[]":[[24,24,24,26]],"om[]":[[63717037,63395274,63774661,63395436]],"ob[]":[[211505,120431,212782,120469]],"of[]":[[695199,7933960,4178544,4078964]],"bi[]":[1],"me[]":[255]}}
1535547028129,{"fm":{"id":0,"pf[]":[100],"pr[]":[0],"rs":3,"ks":1,"ec[]":[0],"wn[]":[0],"ll[]":[[-60.320599,-62.258801]],"paa[]":[[0,0,0,0]],"saa[]":[[1342242816,1342242816]],"bo[]":[4095]}}
1535547030115,{"cc":{"id":0,"cf":3016000,"ci":1,"sl":0,"su":0,"cl":1.000000,"la":1.000000,"f[]":[0.000000,0.000000],"t[]":[0.000000,0.000000],"df":0,"km[]":[4],"pl":100,"vs":19,"vd":750,"zr":0,"lm":1.000000}}
1535547030169,{"hc":{"id":0,"u1fv[]":[" 3.10"],"esn[]":[150002],"u1sn[]":[160016],"om[]":[0,127],"u2p[]":[0],"u2fv[]":[" 3.10"],"u2pap[]":[[0,0,0,0]],"u2pafv[]":[["A1","A1","A1","A1"]],"u2pasn[]":[[150007,150014,150001,150011]],"u2psp[]":[[0,0]],"u2pssn[]":[["14KZ40020902  ","15KZ10014053  "]]}}
1535547030169,{"sm":{"id":0,"is[]":[[4800,6600]],"vs[]":[[18987,18980]],"ts[]":[[51,59]],"ia[]":[[3058,2932,3034,2926]],"ta[]":[[31,36,34,34]],"fa[]":[[0,480,0,0]],"pa[]":[[347,339,353,364]],"vc[]":[[24,24,24,26]],"om[]":[[63717039,63395276,63774663,63395438]],"ob[]":[[211507,120433,212784,120471]],"of[]":[[695199,7933962,4178544,4078964]],"bi[]":[1],"me[]":[255]}}
1535547030171,{"fm":{"id":0,"pf[]":[100],"pr[]":[0],"rs":3,"ks":1,"ec[]":[0],"wn[]":[0],"ll[]":[[-62.258801,-62.258801]],"paa[]":[[0,0,0,0]],"saa[]":[[1342242816,1342242816]],"bo[]":[4095]}}
1535547032157,{"cc":{"id":0,"cf":3016000,"ci":1,"sl":0,"su":0,"cl":1.000000,"la":1.000000,"f[]":[0.000000,0.000000],"t[]":[0.000000,0.000000],"df":0,"km[]":[4],"pl":100,"vs":19,"vd":750,"zr":0,"lm":1.000000}}
1535547032209,{"hc":{"id":0,"u1fv[]":[" 3.10"],"esn[]":[150002],"u1sn[]":[160016],"om[]":[0,127],"u2p[]":[0],"u2fv[]":[" 3.10"],"u2pap[]":[[0,0,0,0]],"u2pafv[]":[["A1","A1","A1","A1"]],"u2pasn[]":[[150007,150014,150001,150011]],"u2psp[]":[[0,0]],"u2pssn[]":[["14KZ40020902  ","15KZ10014053  "]]}}
1535547032209,{"sm":{"id":0,"is[]":[[4800,6600]],"vs[]":[[18995,18977]],"ts[]":[[51,59]],"ia[]":[[3058,2909,3034,2926]],"ta[]":[[31,35,34,34]],"fa[]":[[0,540,0,0]],"pa[]":[[347,339,353,364]],"vc[]":[[24,24,24,26]],"om[]":[[63717041,63395278,63774665,63395440]],"ob[]":[[211509,120435,212786,120473]],"of[]":[[695199,7933964,4178546,4078964]],"bi[]":[1],"me[]":[255]}}
1535547032209,{"fm":{"id":0,"pf[]":[100],"pr[]":[0],"rs":3,"ks":1,"ec[]":[0],"wn[]":[0],"ll[]":[[-62.258801,-58.736973]],"paa[]":[[0,0,0,0]],"saa[]":[[1342242816,1342242816]],"bo[]":[4095]}}
1535547034202,{"cc":{"id":0,"cf":3016000,"ci":1,"sl":0,"su":0,"cl":1.000000,"la":1.000000,"f[]":[0.000000,0.000000],"t[]":[0.000000,0.000000],"df":0,"km[]":[4],"pl":100,"vs":19,"vd":750,"zr":0,"lm":1.000000}}
1535547034253,{"hc":{"id":0,"u1fv[]":[" 3.10"],"esn[]":[1500