1535719162292,{"er":{"id":1,"type":"rs","eid":0,"ed":"Off"}}
1535719162339,{"er":{"id":2,"type":"rs","eid":1,"ed":"On"}}
1535719162386,{"er":{"id":3,"type":"rs","eid":2,"ed":"Channel Calib"}}
1535719162448,{"er":{"id":4,"type":"rs","eid":3,"ed":"Tuned to channel"}}
1535719162495,{"er":{"id":5,"type":"rs","eid":4,"ed":"Maintenance operation"}}
1535719162542,{"er":{"id":6,"type":"rs","eid":5,"ed":"Standby"}}
1535719162589,{"er":{"id":7,"type":"rs","eid":6,"ed":"Alarm"}}
1535719162636,{"er":{"id":8,"type":"rs","eid":7,"ed":"Selcal"}}
1535719162683,{"er":{"id":9,"type":"ec","eid":0,"ed":"Sharebus comm error"}}
1535719162729,{"er":{"id":10,"type":"ec","eid":1,"ed":"Adjust to power max iterations"}}
1535719162792,{"er":{"id":11,"type":"ec","eid":2,"ed":"Channel calibration while one or more modules down"}}
1535719162852,{"er":{"id":12,"type":"ec","eid":3,"ed":"DPD failed during channel calibration"}}
1535719162892,{"er":{"id":13,"type":"ec","eid":4,"ed":"Channel data not found"}}
1535719162936,{"er":{"id":14,"type":"ec","eid":5,"ed":"Power adjust procedure measurement NACK"}}
1535719162980,{"er":{"id":15,"type":"ec","eid":6,"ed":"Timeout requesting measurement during power adjust"}}
1535719163024,{"er":{"id":16,"type":"ec","eid":7,"ed":"Power adjust procedure found amplifier gain problem"}}
1535719163068,{"er":{"id":17,"type":"ec","eid":8,"ed":"Mode data not found"}}
1535719163112,{"er":{"id":18,"type":"ec","eid":9,"ed":"Power adjust procedure: max VDAC reached before power set"}}
1535719163168,{"er":{"id":19,"type":"ec","eid":10,"ed":"CRM measurement timeout or invalid reply"}}
1535719163215,{"er":{"id":20,"type":"ec","eid":11,"ed":"Timeout occurred during calib (DPD init)"}}
1535719163262,{"er":{"id":21,"type":"ec","eid":12,"ed":"Timeout occurred during calib (DPD processing)"}}
1535719163309,{"er":{"id":22,"type":"ec","eid":13,"ed":"Timeout occurred during calib (DPD tracking)"}}
1535719163356,{"er":{"id":23,"type":"ec","eid":14,"ed":"Negative reply received from HATT request"}}
1535719163402,{"er":{"id":24,"type":"ec","eid":15,"ed":"Interlock open"}}
1535719163449,{"er":{"id":25,"type":"ec","eid":16,"ed":"ATU Tuning timeout"}}
1535719163496,{"er":{"id":26,"type":"ec","eid":17,"ed":"VSWR unstable"}}
1535719163543,{"er":{"id":27,"type":"ec","eid":18,"ed":"Power Supply Failure"}}
1535719163606,{"er":{"id":28,"type":"ec","eid":19,"ed":"Overtemperature"}}
1535719163668,{"er":{"id":29,"type":"ec","eid":20,"ed":"ATU High VSWR"}}
1535719163731,{"er":{"id":30,"type":"ec","eid":21,"ed":"ATU Communication Error"}}
1535719163793,{"er":{"id":31,"type":"wn","eid":0,"ed":"Parameter value out of range"}}
1535719163856,{"er":{"id":32,"type":"wn","eid":1,"ed":"Settings could not be saved"}}
1535719163906,{"er":{"id":33,"type":"wn","eid":2,"ed":"Excessive VSWR"}}
1535719163961,{"er":{"id":34,"type":"wn","eid":3,"ed":"Module down"}}
1535719164039,{"er":{"id":35,"type":"wn","eid":4,"ed":"Command ignored"}}
1535719164086,{"er":{"id":36,"type":"wn","eid":5,"ed":"Option not installed"}}
1535719164133,{"er":{"id":37,"type":"wn","eid":6,"ed":"ATU not found"}}
1535719164180,{"er":{"id":38,"type":"wn","eid":7,"ed":"Operation failed"}}
1535719164227,{"er":{"id":39,"type":"wn","eid":8,"ed":"Lost lock to external reference"}}
1535719164273,{"er":{"id":40,"type":"wn","eid":9,"ed":"Slave module unlocked"}}
1535719164320,{"er":{"id":41,"type":"sx","eid":0,"ed":"None"}}
1535719164367,{"er":{"id":42,"type":"sx","eid":1,"ed":"Line 1"}}
1535719164414,{"er":{"id":43,"type":"sx","eid":2,"ed":"Line 2"}}
1535719164461,{"er":{"id":44,"type":"sx","eid":3,"ed":"Internal"}}
1535719164508,{"er":{"id":45,"type":"km","eid":0,"ed":"None"}}
1535719164555,{"er":{"id":46,"type":"km","eid":1,"ed":"Line 1"}}
1535719164602,{"er":{"id":47,"type":"km","eid":2,"ed":"Line 2"}}
1535719164649,{"er":{"id":48,"type":"km","eid":3,"ed":"DIN0"}}
1535719164711,{"er":{"id":49,"type":"km","eid":4,"ed":"DIN1"}}
1535719164758,{"er":{"id":50,"type":"km","eid":5,"ed":"DIN2"}}
1535719164805,{"er":{"id":51,"type":"km","eid":6,"ed":"DIN3"}}
1535719164852,{"er":{"id":52,"type":"km","eid":7,"ed":"DIN4"}}
1535719164896,{"er":{"id":53,"type":"km","eid":8,"ed":"DIN5"}}
1535719164951,{"er":{"id":54,"type":"km","eid":9,"ed":"DIN6"}}
1535719164998,{"er":{"id":55,"type":"km","eid":10,"ed":"DIN7"}}
1535719165044,{"pg":{"id":0,"txname":"TX","txtype":"CST3005","a[]":[0,0],"m[]":[0,0],"ar":7,"al":3,"vo":-133,"ip[]":[192,168,1,11],"sm[]":[255,255,255,0],"gw[]":[192,168,1,1],"td[]":[0,0,0,0],"pd[]":[10,30,60,90],"ca[]":[0,0,0,0],"kt":1000,"ds":0,"di":98304,"do":0,"ap":0,"at":2000,"sn":170018,"pl":5000,"es[]":[16,3,1,2,4,5,0,0,0,0,0,0],"ri":200,"pt":149,"vp":150,"b6":100,"bt":40,"mt":4,"me[]":[0,10,53,0,17,18]}}
1535719165091,{"ur":{"id":1,"name":"manager","pwd":"","level":3}}
1535719165135,{"mr":{"id":1,"name":"A1A","cl":4096,"f1":0,"f2":0,"t1":0,"t2":0,"df":0,"su":0,"sl":0}}
1535719165183,{"mr":{"id":2,"name":"AM 300","cl":0,"f1":4800,"f2":0,"t1":0,"t2":0,"df":0,"su":3,"sl":3}}
1535719165235,{"mr":{"id":3,"name":"J3E","cl":0,"f1":16000,"f2":0,"t1":0,"t2":0,"df":0,"su":3,"sl":0}}
1535719165279,{"mr":{"id":4,"name":"J3E_ext","cl":0,"f1":0,"f2":0,"t1":0,"t2":0,"df":0,"su":1,"sl":0}}
1535719165331,{"ar":{"id":1,"name":"Test load"}}
1535719165387,{"cr":{"id":1,"name":"1","cf":490000,"pl":500,"ai":1,"mi":2}}
1535719165449,{"cr":{"id":2,"name":"2","cf":490000,"pl":1000,"ai":1,"mi":1}}
1535719165496,{"cr":{"id":3,"name":"3","cf":1600000,"pl":1000,"ai":1,"mi":1}}
1535719165543,{"cr":{"id":4,"name":"4","cf":3000000,"pl":1000,"ai":1,"mi":1}}
1535719165590,{"cr":{"id":5,"name":"5","cf":6000000,"pl":1000,"ai":1,"mi":1}}
1535719165637,{"cr":{"id":6,"name":"6","cf":9000000,"pl":1000,"ai":1,"mi":1}}
1535719165699,{"cr":{"id":7,"name":"7","cf":12000000,"pl":1000,"ai":1,"mi":1}}
1535719165778,{"cr":{"id":8,"name":"8","cf":15000000,"pl":1000,"ai":1,"mi":1}}
1535719165824,{"cr":{"id":9,"name":"9","cf":18000000,"pl":1000,"ai":1,"mi":1}}
1535719165880,{"cr":{"id":10,"name":"10","cf":21000000,"pl":1000,"ai":1,"mi":1}}
1535719165922,{"cr":{"id":11,"name":"11","cf":24000000,"pl":1000,"ai":1,"mi":1}}
1535719165969,{"cr":{"id":12,"name":"12","cf":27000000,"pl":1000,"ai":1,"mi":1}}
1535719166016,{"cr":{"id":13,"name":"13","cf":30000000,"pl":1000,"ai":1,"mi":1}}
1535719166063,{"cr":{"id":14,"name":"14","cf":1600000,"pl":2500,"ai":1,"mi":1}}
1535719166125,{"cr":{"id":15,"name":"15","cf":3000000,"pl":2500,"ai":1,"mi":1}}
1535719166187,{"cr":{"id":16,"name":"16","cf":6000000,"pl":2500,"ai":1,"mi":1}}
1535719166250,{"cr":{"id":17,"name":"17","cf":9000000,"pl":2500,"ai":1,"mi":1}}
1535719166313,{"cr":{"id":18,"name":"18","cf":12000000,"pl":2500,"ai":1,"mi":1}}
1535719166375,{"cr":{"id":19,"name":"19","cf":15000000,"pl":2500,"ai":1,"mi":1}}
1535719166422,{"cr":{"id":20,"name":"20","cf":18000000,"pl":2500,"ai":1,"mi":1}}
1535719166484,{"cr":{"id":21,"name":"21","cf":21000000,"pl":2500,"ai":1,"mi":1}}
1535719166531,{"cr":{"id":22,"name":"22","cf":1600000,"pl":5000,"ai":1,"mi":1}}
1535719166578,{"cr":{"id":23,"name":"23","cf":3000000,"pl":5000,"ai":1,"mi":1}}
1535719166641,{"cr":{"id":24,"name":"24","cf":6000000,"pl":5000,"ai":1,"mi":1}}
1535719166703,{"cr":{"id":25,"name":"25","cf":9000000,"pl":5000,"ai":1,"mi":1}}
1535719166766,{"cr":{"id":26,"name":"26","cf":12000000,"pl":5000,"ai":1,"mi":1}}
1535719166828,{"cr":{"id":27,"name":"27","cf":15000000,"pl":5000,"ai":1,"mi":1}}
1535719166876,{"cr":{"id":28,"name":"28","cf":18000000,"pl":5000,"ai":1,"mi":1}}
1535719166937,{"cr":{"id":29,"name":"29","cf":21000000,"pl":5000,"ai":1,"mi":1}}
1535719166983,{"cr":{"id":30,"name":"30","cf":24000000,"pl":2500,"ai":1,"mi":1}}
1535719167046,{"cr":{"id":31,"name":"31","cf":2962000,"pl":5000,"ai":1,"mi":1}}
1535719167093,{"cr":{"id":32,"name":"32","cf":3016000,"pl":5000,"ai":1,"mi":1}}
1535719167155,{"cr":{"id":33,"name":"33","cf":3491000,"pl":5000,"ai":1,"mi":1}}
1535719167202,{"cr":{"id":34,"name":"34","cf":5598000,"pl":5000,"ai":1,"mi":1}}
1535719167249,{"cr":{"id":35,"name":"35","cf":6628000,"pl":5000,"ai":1,"mi":1}}
1535719167335,{"cr":{"id":36,"name":"36","cf":6667000,"pl":5000,"ai":1,"mi":1}}
1535719167383,{"cr":{"id":37,"name":"37","cf":8825000,"pl":5000,"ai":1,"mi":1}}
1535719167431,{"cr":{"id":38,"name":"38","cf":8906000,"pl":5000,"ai":1,"mi":1}}
1535719167475,{"cr":{"id":39,"name":"39","cf":11309000,"pl":5000,"ai":1,"mi":1}}
1535719167531,{"cr":{"id":40,"name":"40","cf":13306000,"pl":5000,"ai":1,"mi":1}}
1535719167579,{"cr":{"id":41,"name":"41","cf":13354000,"pl":5000,"ai":1,"mi":1}}
1535719167634,{"cr":{"id":42,"name":"42","cf":17946000,"pl":5000,"ai":1,"mi":1}}
1535719167681,{"cr":{"id":43,"name":"43","cf":22000000,"pl":2500,"ai":1,"mi":1}}
1535719167743,{"cr":{"id":44,"name":"44","cf":22000000,"pl":5000,"ai":1,"mi":1}}
1535719167790,{"cr":{"id":45,"name":"45","cf":27000000,"pl":2500,"ai":1,"mi":1}}
1535719167853,{"cr":{"id":46,"name":"46","cf":30000000,"pl":5000,"ai":1,"mi":1}}
1535719167904,{"cr":{"id":47,"name":"47","cf":490000,"pl":5000,"ai":1,"mi":1}}
1535719167948,{"cr":{"id":61,"name":"61","cf":5000000,"pl":5000,"ai":1,"mi":1}}
1535719168000,{"cr":{"id":49,"name":"ICAO1","cf":2962000,"pl":5000,"ai":1,"mi":4}}
1535719168046,{"cr":{"id":50,"name":"ICAO2","cf":3016000,"pl":5000,"ai":1,"mi":4}}
1535719168093,{"cr":{"id":51,"name":"ICAO3","cf":3491000,"pl":5000,"ai":1,"mi":4}}
1535719168140,{"cr":{"id":52,"name":"ICAO4","cf":5598000,"pl":5000,"ai":1,"mi":4}}
1535719168203,{"cr":{"id":53,"name":"ICAO5","cf":6628000,"pl":5000,"ai":1,"mi":4}}
1535719168250,{"cr":{"id":54,"name":"ICAO6","cf":6667000,"pl":5000,"ai":1,"mi":4}}
1535719168296,{"cr":{"id":55,"name":"ICAO7","cf":8825000,"pl":5000,"ai":1,"mi":4}}
1535719168343,{"cr":{"id":56,"name":"ICAO8","cf":8906000,"pl":5000,"ai":1,"mi":4}}
1535719168406,{"cr":{"id":57,"name":"ICAO9","cf":11309000,"pl":5000,"ai":1,"mi":4}}
1535719168468,{"cr":{"id":58,"name":"ICAO10","cf":13306000,"pl":5000,"ai":1,"mi":4}}
1535719168515,{"cr":{"id":59,"name":"ICAO11","cf":13354000,"pl":5000,"ai":1,"mi":4}}
1535719168562,{"cr":{"id":60,"name":"ICAO12","cf":17946000,"pl":5000,"ai":1,"mi":4}}
1535719168625,{"cr":{"id":48,"name":"48","cf":490000,"pl":2500,"ai":1,"mi":2}}
1535719168671,{"cr":{"id":62,"name":"62","cf":24000000,"pl":5000,"ai":1,"mi":1}}
1535719168718,{"cr":{"id":63,"name":"63","cf":27000000,"pl":5000,"ai":1,"mi":1}}
1535719168781,{"lr":{"id":1,"lt":1495460662924,"st":1,"ec[]":[262144],"wn[]":[8],"ui":0,"at":0}}
1535719168843,{"lr":{"id":2,"lt":810027,"st":1,"ec[]":[262144],"wn[]":[8],"ui":0,"at":0}}
1535719168900,{"lr":{"id":3,"lt":172692,"st":1,"ec[]":[262144],"wn[]":[8],"ui":0,"at":0}}
1535719168944,{"lr":{"id":4,"lt":7675761,"st":1,"ec[]":[262144],"wn[]":[0],"ui":0,"at":0}}
1535719168991,{"lr":{"id":5,"lt":1497350865479,"st":1,"ec[]":[262144],"wn[]":[0],"ui":0,"at":0}}
1535719169038,{"lr":{"id":6,"lt":1497356003523,"st":1,"ec[]":[262144],"wn[]":[0],"ui":0,"at":0}}
1535719169100,{"lr":{"id":7,"lt":212721,"st":1,"ec[]":[4],"wn[]":[512],"ui":0,"at":0}}
1535719169163,{"lr":{"id":8,"lt":537995,"st":6,"ec[]":[262148],"wn[]":[0],"ui":0,"at":0}}
1535719169210,{"lr":{"id":9,"lt":68236,"st":1,"ec[]":[4],"wn[]":[512],"ui":0,"at":0}}
1535719169272,{"lr":{"id":10,"lt":882571,"st":6,"ec[]":[262148],"wn[]":[0],"ui":0,"at":0}}
1535719169319,{"lr":{"id":11,"lt":1479817,"st":1,"ec[]":[262144],"wn[]":[0],"ui":0,"at":0}}
1535719169381,{"lr":{"id":12,"lt":255502,"st":1,"ec[]":[262144],"wn[]":[0],"ui":0,"at":0}}
1535719169444,{"lr":{"id":13,"lt":1127606,"st":1,"ec[]":[262144],"wn[]":[0],"ui":0,"at":0}}
1535719169506,{"lr":{"id":14,"lt":1497967998348,"st":1,"ec[]":[262144],"wn[]":[0],"ui":0,"at":0}}
1535719169575,{"lr":{"id":15,"lt":1497970974239,"st":1,"ec[]":[262144],"wn[]":[0],"ui":0,"at":0}}
1535719169623,{"lr":{"id":16,"lt":1497972918804,"st":2,"ec[]":[131072],"wn[]":[0],"ui":1,"at":1497972927779}}
1535719169679,{"lr":{"id":17,"lt":1497972934333,"st":2,"ec[]":[131072],"wn[]":[0],"ui":1,"at":1497972946900}}
1535719169731,{"lr":{"id":18,"lt":1497972952220,"st":2,"ec[]":[131072],"wn[]":[0],"ui":1,"at":1497972965915}}
1535719169791,{"lr":{"id":19,"lt":1497973236329,"st":2,"ec[]":[131072],"wn[]":[0],"ui":1,"at":1497973254368}}
1535719169835,{"lr":{"id":20,"lt":1497975290275,"st":1,"ec[]":[262144],"wn[]":[0],"ui":0,"at":0}}
1535719169891,{"lr":{"id":21,"lt":1498024865394,"st":2,"ec[]":[131072],"wn[]":[0],"ui":1,"at":1498024900729}}
1535719169934,{"lr":{"id":22,"lt":1498027364750,"st":1,"ec[]":[4],"wn[]":[512],"ui":1,"at":1498028649638}}
1535719169997,{"lr":{"id":23,"lt":1498039846043,"st":1,"ec[]":[262144],"wn[]":[8],"ui":0,"at":0}}
1535719170076,{"lr":{"id":24,"lt":1498061571240,"st":1,"ec[]":[262144],"wn[]":[0],"ui":0,"at":0}}
1535719170123,{"lr":{"id":25,"lt":1498130411539,"st":1,"ec[]":[262144],"wn[]":[0],"ui":0,"at":0}}
1535719170170,{"lr":{"id":26,"lt":1498147569389,"st":1,"ec[]":[262144],"wn[]":[0],"ui":0,"at":0}}
1535719170217,{"lr":{"id":27,"lt":1498493108381,"st":1,"ec[]":[262144],"wn[]":[0],"ui":0,"at":0}}
1535719170264,{"lr":{"id":28,"lt":45466,"st":1,"ec[]":[4],"wn[]":[512],"ui":1,"at":1498661752036}}
1535719170311,{"lr":{"id":29,"lt":1498661755511,"st":1,"ec[]":[4],"wn[]":[0],"ui":1,"at":1498661761255}}
1535719170373,{"lr":{"id":30,"lt":1498661763891,"st":1,"ec[]":[4],"wn[]":[0],"ui":1,"at":1498661800473}}
1535719170436,{"lr":{"id":31,"lt":1498661801601,"st":1,"ec[]":[4],"wn[]":[0],"ui":1,"at":1498661805359}}
1535719170483,{"lr":{"id":32,"lt":1498661805791,"st":1,"ec[]":[4],"wn[]":[0],"ui":1,"at":1498661883135}}
1535719170545,{"lr":{"id":33,"lt":1498661885401,"st":1,"ec[]":[4],"wn[]":[0],"ui":1,"at":1498662149581}}
1535719170592,{"lr":{"id":34,"lt":1498668021149,"st":3,"ec[]":[262144],"wn[]":[8],"ui":0,"at":0}}
1535719170639,{"lr":{"id":35,"lt":45646,"st":1,"ec[]":[4],"wn[]":[512],"ui":1,"at":1498748660711}}
1535719170701,{"lr":{"id":36,"lt":1498752999760,"st":3,"ec[]":[262144],"wn[]":[0],"ui":0,"at":0}}
1535719170748,{"lr":{"id":37,"lt":988214,"st":1,"ec[]":[262144],"wn[]":[0],"ui":0,"at":0}}
1535719170811,{"lr":{"id":38,"lt":1498825139343,"st":1,"ec[]":[262144],"wn[]":[0],"ui":0,"at":0}}
1535719170858,{"lr":{"id":39,"lt":70195,"st":1,"ec[]":[4],"wn[]":[512],"ui":1,"at":1499073531543}}
1535719170918,{"lr":{"id":40,"lt":1499073534557,"st":1,"ec[]":[4],"wn[]":[0],"ui":1,"at":1499073534568}}
1535719170965,{"lr":{"id":41,"lt":1499099250428,"st":3,"ec[]":[262144],"wn[]":[0],"ui":0,"at":0}}
1535719171011,{"lr":{"id":42,"lt":1499183626517,"st":1,"ec[]":[262144],"wn[]":[0],"ui":0,"at":0}}
1535719171058,{"lr":{"id":43,"lt":1499239101542,"st":3,"ec[]":[262144],"wn[]":[0],"ui":0,"at":0}}
1535719171105,{"lr":{"id":44,"lt":1499270480546,"st":1,"ec[]":[262144],"wn[]":[8],"ui":0,"at":0}}
1535719171152,{"lr":{"id":45,"lt":1499356952607,"st":3,"ec[]":[262144],"wn[]":[0],"ui":0,"at":0}}
1535719171199,{"lr":{"id":46,"lt":1500448970671,"st":1,"ec[]":[262144],"wn[]":[0],"ui":0,"at":0}}
1535719171261,{"lr":{"id":47,"lt":1500452030926,"st":1,"ec[]":[262144],"wn[]":[0],"ui":0,"at":0}}
1535719171340,{"lr":{"id":48,"lt":1500454288979,"st":1,"ec[]":[262144],"wn[]":[0],"ui":0,"at":0}}
1535719171402,{"lr":{"id":49,"lt":1501170566207,"st":1,"ec[]":[262144],"wn[]":[0],"ui":0,"at":0}}
1535719171480,{"cc":{"id":0,"cf":0,"ci":0,"sl":0,"su":0,"cl":0.000000,"la":0.000000,"f[]":[0.000000,0.000000],"t[]":[0.000000,0.000000],"df":0,"km[]":[0],"pl":0,"vs":18,"vd":0,"zr":0,"lm":1.000000}}
1535719171527,{"hc":{"id":0,"u1fv[]":[" 3.06"," 3.06"," 3.06"," 3.06"," 3.06"," 3.06"],"esn[]":[170001],"u1sn[]":[170038,170018,170010,170017,170016,170029],"om[]":[0,127],"u2p[]":[0,0,0,0,0,0],"u2fv[]":[" 3.06"," 3.06"," 3.06"," 3.06"," 3.06"," 3.06"],"u2pap[]":[[0,0,0,0],[0,0,0,0],[0,0,0,0],[0,0,0,0],[0,0,0,0],[0,0,0,0]],"u2pafv[]":[["A1","--","--","--"],["A3","A3","A3","A3"],["A3","A3","A3","A3"],["A3","A3","A3","A3"],["A3","A3","A3","A3"],["A3","A3","A3","A3"]],"u2pasn[]":[[170001,0,0,0],[170120,170122,170123,170124],[170108,170109,170115,170112],[170022,170023,170024,170025],[170114,170113,170111,170098],[170095,170094,170117,170116]],"u2psp[]":[[0,0],[0,0],[0,0],[0,0],[0,0],[0,0]],"u2pssn[]":[["              ","              "],["16KZ25019690  ","16KZ25019701  "],["15KZ50022521  ","15KZ50022460  "],["16KZ25019699  ","16KZ25019819  "],["16KZ25019684  ","16KZ25019816  "],["16KZ41008856  ","17KZ05010397  "]]}}
1535719171621,{"sm":{"id":0,"is[]":[[0,0],[0,0],[0,0],[0,0],[0,0],[0,0]],"vs[]":[[0,0],[17987,17990],[17987,17987],[17990,17992],[17990,17990],[17995,17987]],"ts[]":[[0,0],[28,25],[27,29],[26,27],[28,23],[25,29]],"ia[]":[[0,0,0,0],[0,0,0,0],[0,0,0,0],[0,0,0,0],[0,0,0,0],[0,0,0,0]],"ta[]":[[22,23,0,0],[26,28,27,26],[26,25,26,25],[23,25,23,25],[23,25,26,23],[25,23,22,22]],"fa[]":[[0,0,0,0],[0,0,0,0],[0,0,0,0],[0,0,0,0],[0,0,0,0],[0,0,0,0]],"pa[]":[[0,0,0,0],[20,20,19,20],[22,25,23,22],[20,21,20,20],[18,20,20,19],[22,20,19,22]],"vc[]":[[0,0,0,0],[19,20,19,20],[22,22,23,20],[19,23,19,21],[19,20,19,19],[20,21,20,23]],"om[]":[[253444,0,0,0],[270820,270436,270076,270379],[278528,278554,267523,280275],[266799,266967,267056,266819],[267965,269888,278653,270052],[263767,263772,265023,263952]],"ob[]":[[110879,0,0,0],[56744,56422,56028,56353],[59283,59265,56358,60945],[57579,57384,57311,57499],[56526,57512,59259,58846],[56274,56231,57200,56170]],"of[]":[[4812,0,0,0],[110451,112516,111258,110037],[115256,115180,111571,117247],[110196,111156,110654,110913],[109488,112110,116014,112954],[108831,108820,109186,107930]],"bi[]":[0,0,0,0,0,0],"me[]":[63,63,63,63,63,63]}}
1535719171668,{"fm":{"id":0,"pf[]":[1,3,6,1,0,2],"pr[]":[1,1,2,3,4,0],"rs":1,"ks":0,"ec[]":[0],"wn[]":[0],"ll[]":[[-62.077438,-60.917599]],"paa[]":[[0,0,0,0],[0,0,0,0],[0,0,0,0],[0,0,0,0],[0,0,0,0],[0,0,0,0]],"saa[]":[[0,0],[1342242816,1342242816],[1342242816,1342242816],[1342242816,1342242816],[1342242816,1342242816],[1342242816,1342242816]],"bo[]":[4095,4095,4095,4095,4095,4095]}}
1535719171797,{"cc":{"id":0,"cf":0,"ci":0,"sl":0,"su":0,"cl":0.000000,"la":0.000000,"f[]":[0.000000,0.000000],"t[]":[0.000000,0.000000],"df":0,"km[]":[0],"pl":0,"vs":18,"vd":0,"zr":0,"lm":1.000000}}
1535719171809,{"hc":{"id":0,"u1fv[]":[" 3.06"," 3.06"," 3.06"," 3.06"," 3.06"," 3.06"],"esn[]":[170001],"u1sn[]":[170038,170018,170010,170017,170016,170029],"om[]":[0,127],"u2p[]":[0,0,0,0,0,0],"u2fv[]":[" 3.06"," 3.06"," 3.06"," 3.06"," 3.06"," 3.06"],"u2pap[]":[[0,0,0,0],[0,0,0,0],[0,0,0,0],[0,0,0,0],[0,0,0,0],[0,0,0,0]],"u2pafv[]":[["A1","--","--","--"],["A3","A3","A3","A3"],["A3","A3","A3","A3"],["A3","A3","A3","A3"],["A3","A3","A3","A3"],["A3","A3","A3","A3"]],"u2pasn[]":[[170001,0,0,0],[170120,170122,170123,170124],[170108,170109,170115,170112],[170022,170023,170024,170025],[170114,170113,170111,170098],[170095,170094,170117,170116]],"u2psp[]":[[0,0],[0,0],[0,0],[0,0],[0,0],[0,0]],"u2pssn[]":[["              ","              "],["16KZ25019690  ","16KZ25019701  "],["15KZ50022521  ","15KZ50022460  "],["16KZ25019699  ","16KZ25019819  "],["16KZ25019684  ","16KZ25019816  "],["16KZ41008856  ","17KZ05010397  "]]}}
1535719171813,{"sm":{"id":0,"is[]":[[0,0],[0,0],[0,0],[0,0],[0,0],[0,0]],"vs[]":[[0,0],[17990,17987],[17987,17987],[17990,17987],[17990,17992],[17995,17990]],"ts[]":[[0,0],[28,25],[27,29],[26,27],[28,23],[25,29]],"ia[]":[[0,0,0,0],[0,0,0,0],[0,0,0,0],[0,0,0,0],[0,0,0,0],[0,0,0,0]],"ta[]":[[22,23,0,0],[26,28,27,26],[26,25,26,25],[23,25,23,25],[23,25,26,23],[25,23,22,22]],"fa[]":[[0,0,0,0],[0,0,0,0],[0,0,0,0],[0,0,0,0],[0,0,0,0],[0,0,0,0]],"pa[]":[[0,0,0,0],[20,20,19,20],[22,25,23,22],[20,21,20,20],[18,20,20,19],[22,20,19,21]],"vc[]":[[0,0,0,0],[19,20,20,20],[22,22,23,19],[19,23,19,21],[19,20,18,19],[20,21,20,23]],"om[]":[[253444,0,0,0],[270822,270438,270078,270381],[278530,278556,267525,280277],[266801,266969,267058,266821],[267967,269890,278655,270054],[263769,263775,265026,263955]],"ob[]":[[110879,0,0,0],[56744,56422,56028,56353],[59283,59265,56358,60945],[57579,57384,57311,57499],[56526,57512,59259,58846],[56274,56231,57200,56170]],"of[]":[[4812,0,0,0],[110451,112516,111258,110037],[115256,115180,111571,117247],[110196,111156,110654,110913],[109488,112110,116014,112954],[108831,108820,109186,107930]],"bi[]":[0,0,0,0,0,0],"me[]":[63,63,63,63,63,63]}}
1535719171813,{"fm":{"id":0,"pf[]":[1,3,6,1,0,2],"pr[]":[1,1,2,3,4,0],"rs":1,"ks":0,"ec[]":[0],"wn[]":[0],"ll[]":[[-62.721134,-61.478176]],"paa[]":[[0,0,0,0],[0,0,0,0],[0,0,0,0],[0,0,0,0],[0,0,0,0],[0,0,0,0]],"saa[]":[[0,0],[1342242816,1342242816],[1342242816,1342242816],[1342242816,1342242816],[1342242816,1342242816],[1342242816,1342242816]],"bo[]":[4095,4095,4095,4095,4095,4095]}}
1535719174032,{"cc":{"id":0,"cf":0,"ci":0,"sl":0,"su":0,"cl":0.000000,"la":0.000000,"f[]":[0.000000,0.000000],"t[]":[0.000000,0.000000],"df":0,"km[]":[0],"pl":0,"vs":18,"vd":0,"zr":0,"lm":1.000000}}
1535719174048,{"hc":{"id":0,"u1fv[]":[" 3.06"," 3.06"," 3.06"," 3.06"," 3.06"," 3.06"],"esn[]":[170001],"u1sn[]":[170038,170018,170010,170017,170016,170029],"om[]":[0,127],"u2p[]":[0,0,0,0,0,0],"u2fv[]":[" 3.06"," 3.06"," 3.06"," 3.06"," 3.06"," 3.06"],"u2pap[]":[[0,0,0,0],[0,0,0,0],[0,0,0,0],[0,0,0,0],[0,0,0,0],[0,0,0,0]],"u2pafv[]":[["A1","--","--","--"],["A3","A3","A3","A3"],["A3","A3","A3","A3"],["A3","A3","A3","A3"],["A3","A3","A3","A3"],["A3","A3","A3","A3"]],"u2pasn[]":[[170001,0,0,0],[170120,170122,170123,170124],[170108,170109,170115,170112],[170022,170023,170024,170025],[170114,170113,170111,170098],[170095,170094,170117,170116]],"u2psp[]":[[0,0],[0,0],[0,0],[0,0],[0,0],[0,0]],"u2pssn[]":[["              ","              "],["16KZ25019690  ","16KZ25019701  "],["15KZ50022521  ","15KZ50022460  "],["16KZ25019699  ","16KZ25019819  "],["16KZ25019684  ","16KZ25019816  "],["16KZ41008856  ","17KZ05010397  "]]}}
1535719174052,{"sm":{"id":0,"is[]":[[0,0],[0,0],[0,0],[0,0],[0,0],[0,0]],"vs[]":[[0,0],[17990,17987],[17987,17990],[17990,17990],[17990,17992],[17995,17990]],"ts[]":[[0,0],[28,25],[27,29],[26,27],[28,23],[25,29]],"ia[]":[[0,0,0,0],[0,0,0,0],[0,0,0,0],[0,0,0,0],[0,0,0,0],[0,0,0,0]],"ta[]":[[22,23,0,0],[26,28,27,26],[26,25,26,25],[23,25,23,25],[23,25,26,23],[25,23,22,22]],"fa[]":[[0,0,0,0],[0,0,0,0],[0,0,0,0],[0,0,0,0],[0,0,0,0],[0,0,0,0]],"pa[]":[[0,0,0,0],[20,20,19,20],[22,25,23,22],[20,21,20,20],[18,20,20,19],[22,20,19,22]],"vc[]":[[0,0,0,0],[19,20,20,20],[22,22,23,20],[19,23,19,21],[19,20,19,19],[20,21,20,23]],"om[]":[[253447,0,0,0],[270824,270440,270080,270383],[278533,278559,267528,280280],[266804,266972,267061,266824],[267969,269892,278657,270056],[263772,263777,265028,263957]],"ob[]":[[110879,0,0,0],[56744,56422,56028,56353],[59283,59265,56358,60945],[57579,57384,57311,57499],[56526,57512,59259,58846],[56274,56231,57200,56170]],"of[]":[[4812,0,0,0],[110451,112516,111258,110037],[115256,115180,111571,117247],[110196,111156,110654,110913],[109488,112110,116014,112954],[108831,108820,109186,107930]],"bi[]":[0,0,0,0,0,0],"me[]":[63,63,63,63,63,63]}}
1535719174052,{"fm":{"id":0,"pf[]":[1,3,6,1,0,2],"pr[]":[1,1,2,3,4,0],"rs":1,"ks":0,"ec[]":[0],"wn[]":[0],"ll[]":[[-62.077438,-62.077438]],"paa[]":[[0,0,0,0],[0,0,0,0],[0,0,0,0],[0,0,0,0],[0,0,0,0],[0,0,0,0]],"saa[]":[[0,0],[1342242816,1342242816],[1342242816,1342242816],[1342242816,1342242816],[1342242816,1342242816],[1342242816,1342242816]],"bo[]":[4095,4095,4095,4095,4095,4095]}}
1535719176265,{"cc":{"id":0,"cf":0,"ci":0,"sl":0,"su":0,"cl":0.000000,"la":0.000000,"f[]":[0.000000,0.000000],"t[]":[0.000000,0.000000],"df":0,"km[]":[0],"pl":0,"vs":18,"vd":0,"zr":0,"lm":1.000000}}
1535719176296,{"hc":{"id":0,"u1fv[]":[" 3.06"," 3.06"," 3.06"," 3.06"," 3.06"," 3.06"],"esn[]":[170001],"u1sn[]":[170038,170018,170010,170017,170016,170029],"om[]":[0,127],"u2p[]":[0,0,0,0,0,0],"u2fv[]":[" 3.06"," 3.06"," 3.06"," 3.06"," 3.06"," 3.06"],"u2pap[]":[[0,0,0,0],[0,0,0,0],[0,0,0,0],[0,0,0,0],[0,0,0,0],[0,0,0,0]],"u2pafv[]":[["A1","--","--","--"],["A3","A3","A3","A3"],["A3","A3","A3","A3"],["A3","A3","A3","A3"],["A3","A3","A3","A3"],["A3","A3","A3","A3"]],"u2pasn[]":[[170001,0,0,0],[170120,170122,170123,170124],[170108,170109,170115,170112],[170022,170023,170024,170025],[170114,170113,170111,170098],[170095,170094,170117,170116]],"u2psp[]":[[0,0],[0,0],[0,0],[0,0],[0,0],[0,0]],"u2pssn[]":[["              ","              "],["16KZ25019690  ","16KZ25019701  "],["15KZ50022521  ","15KZ50022460  "],["16KZ25019699  ","16KZ25019819  "],["16KZ25019684  ","16KZ25019816  "],["16KZ41008856  ","17KZ05010397  "]]}}
1535719176300,{"sm":{"id":0,"is[]":[[0,0],[0,0],[0,0],[0,0],[0,0],[0,0]],"vs[]":[[0,0],[17990,17987],[17995,17990],[17990,17990],[17992,17992],[17995,17987]],"ts[]":[[0,0],[28,25],[27,29],[26,27],[28,23],[25,29]],"ia[]":[[0,0,0,0],[0,0,0,0],[0,0,0,0],[0,0,0,0],[0,0,0,0],[0,0,0,0]],"ta[]":[[22,23,0,0],[26,28,27,26],[26,25,26,25],[23,25,23,25],[23,25,26,23],[25,23,22,22]],"fa[]":[[0,0,0,0],[0,0,0,0],[0,0,0,0],[0,0,0,0],[0,0,0,0],[0,0,0,0]],"pa[]":[[0,0,0,0],[20,20,19,20],[22,25,23,22],[20,21,20,20],[18,20,20,19],[22,20,18,22]],"vc[]":[[0,0,0,0],[19,20,20,20],[22,22,23,20],[19,23,19,21],[19,20,19,19],[20,21,20,23]],"om[]":[[253449,0,0,0],[270827,270443,270083,270386],[278535,278561,267530,280282],[266806,266974,267063,266826],[267971,269894,278659,270058],[263774,263779,265030,263959]],"ob[]":[[110879,0,0,0],[56744,56422,56028,56353],[59283,59265,56358,60945],[57579,57384,57311,57499],[56526,57512,59259,58846],[56274,56231,57200,56170]],"of[]":[[4812,0,0,0],[110451,112516,111258,110037],[115256,115180,111571,117247],[110196,111156,110654,110913],[109488,112110,116014,112954],[108831,108820,109186,107930]],"bi[]":[0,0,0,0,0,0],"me[]":[63,63,63,63,63,63]}}
1535719176300,{"fm":{"id":0,"pf[]":[1,3,6,1,0,2],"pr[]":[1,1,2,3,4,0],"rs":1,"ks":0,"ec[]":[0],"wn[]":[0],"ll[]":[[-62.721134,-62.721134]],"paa[]":[[0,0,0,0],[0,0,0,0],[0,0,0,0],[0,0,0,0],[0,0,0,0],[0,0,0,0]],"saa[]":[[0,0],[1342242816,1342242816],[1342242816,1342242816],[1342242816,1342242816],[1342242816,1342242816],[1342242816,1342242816]],"bo[]":[4095,4095,4095,4095,4095,4095]}}
1535719178510,{"cc":{"id":0,"cf":0,"ci":0,"sl":0,"su":0,"cl":0.000000,"la":0.000000,"f[]":[0.000000,0.000000],"t[]":[0.000000,0.000000],"df":0,"km[]":[0],"pl":0,"vs":18,"vd":0,"zr":0,"lm":1.000000}}
1535719178530,{"hc":{"id":0,"u1fv[]":[" 3.06"," 3.06"," 3.06"," 3.06"," 3.06"," 3.06"],"esn[]":[170001],"u1sn[]":[170038,170018,170010,170017,170016,170029],"om[]":[0,127],"u2p[]":[0,0,0,0,0,0],"u2fv[]":[" 3.06"," 3.06"," 3.06"," 3.06"," 3.06"," 3.06"],"u2pap[]":[[0,0,0,0],[0,0,0,0],[0,0,0,0],[0,0,0,0],[0,0,0,0],[0,0,0,0]],"u2pafv[]":[["A1","--","--","--"],["A3","A3","A3","A3"],["A3","A3","A3","A3"],["A3","A3","A3","A3"],["A3","A3","A3","A3"],["A3","A3","A3","A3"]],"u2pasn[]":[[170001,0,0,0],[170120,170122,170123,170124],[170108,170109,170115,170112],[170022,170023,170024,170025],[170114,170113,170111,170098],[170095,170094,170117,170116]],"u2psp[]":[[0,0],[0,0],[0,0],[0,0],[0,0],[0,0]],"u2pssn[]":[["              ","              "],["16KZ25019690  ","16KZ25019701  "],["15KZ50022521  ","15KZ50022460  "],["16KZ25019699  ","16KZ25019819  "],["16KZ25019684  ","16KZ25019816  "],["16KZ41008856  ","17KZ05010397  "]]}}
1535719178534,{"sm":{"id":0,"is[]":[[0,0],[0,0],[0,0],[0,0],[0,0],[0,0]],"vs[]":[[0,0],[17990,17990],[17992,17987],[17990,17990],[17990,17995],[17992,17990]],"ts[]":[[0,0],[28,25],[27,29],[26,27],[28,23],[25,29]],"ia[]":[[0,0,0,0],[0,0,0,0],[0,0,0,0],[0,0,0,0],[0,0,0,0],[0,0,0,0]],"ta[]":[[22,23,0,0],[26,28,27,26],[26,25,26,25],[23,25,23,25],[23,25,26,23],[25,23,22,22]],"fa[]":[[0,0,0,0],[0,0,0,0],[0,0,0,0],[0,0,0,0],[0,0,0,0],[0,0,0,0]],"pa[]":[[0,0,0,0],[20,20,19,20],[22,25,23,22],[20,21,20,20],[18,20,20,19],[22,20,19,21]],"vc[]":[[0,0,0,0],[19,20,20,20],[22,22,23,19],[19,23,19,21],[19,20,19,19],[20,21,20,23]],"om[]":[[253451,0,0,0],[270829,270445,270085,270388],[278537,278563,267532,280284],[266808,266976,267065,266828],[267974,269897,278662,270061],[263776,263781,265032,263961]],"ob[]":[[110879,0,0,0],[56744,56422,56028,56353],[59283,59265,56358,60945],[57579,57384,57311,57499],[56526,57512,59259,58846],[56274,56231,57200,56170]],"of[]":[[4812,0,0,0],[110451,112516,111258,110037],[115256,115180,111571,117247],[110196,111156,110654,110913],[109488,112110,116014,112954],[108831,108820,109186,107930]],"bi[]":[0,0,0,0,0,0],"me[]":[63,63,63,63,63,63]}}
1535719178534,{"fm":{"id":0,"pf[]":[1,3,6,1,0,2],"pr[]":[1,1,2,3,4,0],"rs":1,"ks":0,"ec[]":[0],"wn[]":[0],"ll[]":[[-62.721134,-62.077438]],"paa[]":[[0,0,0,0],[0,0,0,0],[0,0,0,0],[0,0,0,0],[0,0,0,0],[0,0,0,0]],"saa[]":[[0,0],[1342242816,1342242816],[1342242816,1342242816],[1342242816,1342242816],[1342242816,1342242816],[1342242816,1342242816]],"bo[]":[4095,4095,4095,4095,4095,4095]}}
1535719180748,{"cc":{"id":0,"cf":0,"ci":0,"sl":0,"su":0,"cl":0.000000,"la":0.000000,"f[]":[0.000000,0.000000],"t[]":[0.000000,0.000000],"df":0,"km[]":[0],"pl":0,"vs":18,"vd":0,"zr":0,"lm":1.000000}}
1535719180770,{"hc":{"id":0,"u1fv[]":[" 3.06"," 3.06"," 3.06"," 3.06"," 3.06"," 3.06"],"esn[]":[170001],"u1sn[]":[170038,170018,170010,170017,170016,170029],"om[]":[0,127],"u2p[]":[0,0,0,0,0,0],"u2fv[]":[" 3.06"," 3.06"," 3.06"," 3.06"," 3.06"," 3.06"],"u2pap[]":[[0,0,0,0],[0,0,0,0],[0,0,0,0],[0,0,0,0],[0,0,0,0],[0,0,0,0]],"u2pafv[]":[["A1","--","--","--"],["A3","A3","A3","A3"],["A3","A3","A3","A3"],["A3","A3","A3","A3"],["A3","A3","A3","A3"],["A3","A3","A3","A3"]],"u2pasn[]":[[170001,0,0,0],[170120,170122,170123,170124],[170108,170109,170115,170112],[170022,170023,170024,170025],[170114,170113,170111,170098],[170095,170094,170117,170116]],"u2psp[]":[[0,0],[0,0],[0,0],[0,0],[0,0],[0,0]],"u2pssn[]":[["              ","              "],["16KZ25019690  ","16KZ25019701  "],["15KZ50022521  ","15KZ50022460  "],["16KZ25019699  ","16KZ25019819  "],["16KZ25019684  ","16KZ25019816  "],["16KZ41008856  ","17KZ05010397  "]]}}
1535719180778,{"sm":{"id":0,"is[]":[[0,0],[0,0],[0,0],[0,0],[0,0],[0,0]],"vs[]":[[0,0],[17987,17990],[17985,17987],[17990,17990],[17990,17990],[17995,17990]],"ts[]":[[0,0],[28,25],[27,29],[26,27],[28,23],[25,29]],"ia[]":[[0,0,0,0],[0,0,0,0],[0,0,0,0],[0,0,0,0],[0,0,0,0],[0,0,0,0]],"ta[]":[[22,23,0,0],[26,28,27,26],[26,25,26,25],[23,25,23,25],[23,25,26,23],[25,23,22,22]],"fa[]":[[0,0,0,0],[0,0,0,0],[0,0,0,0],[0,0,0,0],[0,0,0,0],[0,0,0,0]],"pa[]":[[0,0,0,0],[20,20,19,20],[22,25,23,22],[20,21,20,20],[18,20,20,19],[22,20,19,21]],"vc[]":[[0,0,0,0],[19,20,20,20],[22,22,23,20],[19,23,19,21],[19,20,19,19],[20,21,20,23]],"om[]":[[253453,0,0,0],[270831,270447,270087,270390],[278539,278565,267534,280286],[266810,266978,267067,266830],[267976,269899,278664,270063],[263778,263783,265034,263964]],"ob[]":[[110879,0,0,0],[56744,56422,56028,56353],[59283,59265,56358,60945],[57579,57384,57311,57499],[56526,57512,59259,58846],[56274,56231,57200,56170]],"of[]":[[4812,0,0,0],[110451,112516,111258,110037],[115256,115180,111571,117247],[110196,111156,110654,110913],[109488,112110,116014,112954],[108831,108820,109186,107930]],"bi[]":[0,0,0,0,0,0],"me[]":[63,63,63,63,63,63]}}
1535719180778,{"fm":{"id":0,"pf[]":[1,3,6,1,0,2],"pr[]":[1,1,2,3,4,0],"rs":1,"ks":0,"ec[]":[0],"wn[]":[0],"ll[]":[[-62.077438,-62.721134]],"paa[]":[[0,0,0,0],[0,0,0,0],[0,0,0,0],[0,0,0,0],[0,0,0,0],[0,0,0,0]],"saa[]":[[0,0],[1342242816,1342242816],[1342242816,1342242816],[1342242816,1342242816],[1342242816,1342242816],[1342242816,1342242816]],"bo[]":[4095,4095,4095,4095,4095,4095]}}
1535719182988,{"cc":{"id":0,"cf":0,"ci":0,"sl":0,"su":0,"cl":0.000000,"la":0.000000,"f[]":[0.000000,0.000000],"t[]":[0.000000,0.000000],"df":0,"km[]":[0],"pl":0,"vs":18,"vd":0,"zr":0,"lm":1.000000}}
1535719183009,{"hc":{"id":0,"u1fv[]":[" 3.06"," 3.06"," 3.06"," 3.06"," 3.06"," 3.06"],"esn[]":[170001],"u1sn[]":[170038,170018,170010,170017,170016,170029],"om[]":[0,127],"u2p[]":[0,0,0,0,0,0],"u2fv[]":[" 3.06"," 3.06"," 3.06"," 3.06"," 3.06"," 3.06"],"u2pap[]":[[0,0,0,0],[0,0,0,0],[0,0,0,0],[0,0,0,0],[0,0,0,0],[0,0,0,0]],"u2pafv[]":[["A1","--","--","--"],["A3","A3","A3","A3"],["A3","A3","A3","A3"],["A3","A3","A3","A3"],["A3","A3","A3","A3"],["A3","A3","A3","A3"]],"u2pasn[]":[[170001,0,0,0],[170120,170122,170123,170124],[170108,170109,170115,170112],[170022,170023,170024,170025],[170114,170113,170111,170098],[170095,170094,170117,170116]],"u2psp[]":[[0,0],[0,0],[0,0],[0,0],[0,0],[0,0]],"u2pssn[]":[["              ","              "],["16KZ25019690  ","16KZ25019701  "],["15KZ50022521  ","15KZ50022460  "],["16KZ25019699  ","16KZ25019819  "],["16KZ25019684  ","16KZ25019816  "],["16KZ41008856  ","17KZ05010397  "]]}}
1535719183021,{"sm":{"id":0,"is[]":[[0,0],[0,0],[0,0],[0,0],[0,0],[0,0]],"vs[]":[[0,0],[17990,17985],[17995,17987],[17990,17992],[17990,17990],[17995,17990]],"ts[]":[[0,0],[28,25],[27,29],[26,27],[28,23],[25,29]],"ia[]":[[0,0,0,0],[0,0,0,0],[0,0,0,0],[0,0,0,0],[0,0,0,0],[0,0,0,0]],"ta[]":[[22,23,0,0],[26,28,27,26],[26,25,26,25],[23,25,23,25],[23,25,26,23],[25,23,22,22]],"fa[]":[[0,0,0,0],[0,0,0,0],[0,0,0,0],[0,0,0,0],[0,0,0,0],[0,0,0,0]],"pa[]":[[0,0,0,0],[20,20,19,20],[22,25,23,22],[20,21,20,20],[18,20,20,19],[22,20,19,21]],"vc[]":[[0,0,0,0],[19,20,20,20],[22,22,23,20],[19,22,19,21],[19,20,19,19],[20,21,20,23]],"om[]":[[253456,0,0,0],[270833,270449,270089,270392],[278542,278568,267537,280289],[266813,266981,267070,266833],[267978,269901,278666,270065],[263781,263786,265037,263966]],"ob[]":[[110879,0,0,0],[56744,56422,56028,56353],[59283,59265,56358,60945],[57579,57384,57311,57499],[56526,57512,59259,58846],[56274,56231,57200,56170]],"of[]":[[4812,0,0,0],[110451,112516,111258,110037],[115256,115180,111571,117247],[110196,111156,110654,110913],[109488,112110,116014,112954],[108831,108820,109186,107930]],"bi[]":[0,0,0,0,0,0],"me[]":[63,63,63,63,63,63]}}
1535719183021,{"fm":{"id":0,"pf[]":[1,3,6,1,0,2],"pr[]":[1,1,2,3,4,0],"rs":1,"ks":0,"ec[]":[0],"wn[]":[0],"ll[]":[[-62.077438,-62.077438]],"paa[]":[[0,0,0,0],[0,0,0,0],[0,0,0,0],[0,0,0,0],[0,0,0,0],[0,0,0,0]],"saa[]":[[0,0],[1342242816,1342242816],[1342242816,1342242816],[1342242816,1342242816],[1342242816,1342242816],[1342242816,1342242816]],"bo[]":[4095,4095,4095,4095,4095,4095]}}
1535719185235,{"cc":{"id":0,"cf":0,"ci":0,"sl":0,"su":0,"cl":0.000000,"la":0.000000,"f[]":[0.000000,0.000000],"t[]":[0.000000,0.000000],"df":0,"km[]":[0],"pl":0,"vs":18,"vd":0,"zr":0,"lm":1.000000}}
1535719185251,{"hc":{"id":0,"u1fv[]":[" 3.06"," 3.06"," 3.06"," 3.06"," 3.06"," 3.06"],"esn[]":[170001],"u1sn[]":[170038,170018,170010,170017,170016,170029],"om[]":[0,127],"u2p[]":[0,0,0,0,0,0],"u2fv[]":[" 3.06"," 3.06"," 3.06"," 3.06"," 3.06"," 3.06"],"u2pap[]":[[0,0,0,0],[0,0,0,0],[0,0,0,0],[0,0,0,0],[0,0,0,0],[0,0,0,0]],"u2pafv[]":[["A1","--","--","--"],["A3","A3","A3","A3"],["A3","A3","A3","A3"],["A3","A3","A3","A3"],["A3","A3","A3","A3"],["A3","A3","A3","A3"]],"u2pasn[]":[[170001,0,0,0],[170120,170122,170123,170124],[170108,170109,170115,170112],[170022,170023,170024,170025],[170114,170113,170111,170098],[170095,170094,170117,170116]],"u2psp[]":[[0,0],[0,0],[0,0],[0,0],[0,0],[0,0]],"u2pssn[]":[["              ","              "],["16KZ25019690  ","16KZ25019701  "],["15KZ50022521  ","15KZ50022460  "],["16KZ25019699  ","16KZ25019819  "],["16KZ25019684  ","16KZ25019816  "],["16KZ41008856  ","17KZ05010397  "]]}}
1535719185268,{"sm":{"id":0,"is[]":[[0,0],[0,0],[0,0],[0,0],[0,0],[0,0]],"vs[]":[[0,0],[17990,17987],[17990,17987],[17990,17990],[17990,17990],[17995,17990]],"ts[]":[[0,0],[28,25],[27,29],[26,27],[28,23],[25,29]],"ia[]":[[0,0,0,0],[0,0,0,0],[0,0,0,0],[0,0,0,0],[0,0,0,0],[0,0,0,0]],"ta[]":[[22,23,0,0],[26,28,27,26],[26,25,26,25],[23,25,23,25],[23,25,26,23],[25,23,22,22]],"fa[]":[[0,0,0,0],[0,0,0,0],[0,0,0,0],[0,0,0,0],[0,0,0,0],[0,0,0,0]],"pa[]":[[0,0,0,0],[20,20,19,20],[22,25,23,22],[20,21,20,20],[18,20,20,19],[22,20,19,22]],"vc[]":[[0,0,0,0],[19,20,20,20],[22,22,23,20],[19,22,19,21],[19,20,19,19],[20,21,20,23]],"om[]":[[253458,0,0,0],[270836,270452,270092,270395],[278544,278570,267539,280291],[266815,266983,267072,266835],[267980,269903,278668,270067],[263783,263788,265039,263968]],"ob[]":[[110879,0,0,0],[56744,56422,56028,56353],[59283,59265,56358,60945],[57579,57384,57311,57499],[56526,57512,59259,58846],[56274,56231,57200,56170]],"of[]":[[4812,0,0,0],[110451,112516,111258,110037],[115256,115180,111571,117247],[110196,111156,110654,110913],[109488,112110,116014,112954],[108831,108820,109186,107930]],"bi[]":[0,0,0,0,0,0],"me[]":[63,63,63,63,63,63]}}
1535719185268,{"fm":{"id":0,"pf[]":[1,3,6,1,0,2],"pr[]":[1,1,2,3,4,0],"rs":1,"ks":0,"ec[]":[0],"wn[]":[0],"ll[]":[[-62.721134,-62.077438]],"paa[]":[[0,0,0,0],[0,0,0,0],[0,0,0,0],[0,0,0,0],[0,0,0,0],[0,0,0,0]],"saa[]":[[0,0],[1342242816,1342242816],[1342242816,1342242816],[1342242816,1342242816],[1342242816,1342242816],[1342242816,1342242816]],"bo[]":[4095,4095,4095,4095,4095,4095]}}
1535719187471,{"cc":{"id":0,"cf":0,"ci":0,"sl":0,"su":0,"cl":0.000000,"la":0.000000,"f[]":[0.000000,0.000000],"t[]":[0.000000,0.000000],"df":0,"km[]":[0],"pl":0,"vs":18,"vd":0,"zr":0,"lm":1.000000}}
1535719187487,{"hc":{"id":0,"u1fv[]":[" 3.06"," 3.06"," 3.06"," 3.06"," 3.06"," 3.06"],"esn[]":[170001],"u1sn[]":[170038,170018,170010,170017,170016,170029],"om[]":[0,127],"u2p[]":[0,0,0,0,0,0],"u2fv[]":[" 3.06"," 3.06"," 3.06"," 3.06"," 3.06"," 3.06"],"u2pap[]":[[0,0,0,0],[0,0,0,0],[0,0,0,0],[0,0,0,0],[0,0,0,0],[0,0,0,0]],"u2pafv[]":[["A1","--","--","--"],["A3","A3","A3","A3"],["A3","A3","A3","A3"],["A3","A3","A3","A3"],["A3","A3","A3","A3"],["A3","A3","A3","A3"]],"u2pasn[]":[[170001,0,0,0],[170120,170122,170123,170124],[170108,170109,170115,170112],[170022,170023,170024,170025],[170114,170113,170111,170098],[170095,170094,170117,170116]],"u2psp[]":[[0,0],[0,0],[0,0],[0,0],[0,0],[0,0]],"u2pssn[]":[["              ","              "],["16KZ25019690  ","16KZ25019701  "],["15KZ50022521  ","15KZ50022460  "],["16KZ25019699  ","16KZ25019819  "],["16KZ25019684  ","16KZ25019816  "],["16KZ41008856  ","17KZ05010397  "]]}}
1535719187495,{"sm":{"id":0,"is[]":[[0,0],[0,0],[0,0],[0,0],[0,0],[0,0]],"vs[]":[[0,0],[17987,17985],[17985,17987],[17990,17990],[17990,17990],[17995,17987]],"ts[]":[[0,0],[28,25],[27,29],[26,27],[28,23],[25,29]],"ia[]":[[0,0,0,0],[0,0,0,0],[0,0,0,0],[0,0,0,0],[0,0,0,0],[0,0,0,0]],"ta[]":[[22,23,0,0],[26,28,27,26],[26,25,26,25],[23,25,23,25],[23,25,26,23],[25,23,22,22]],"fa[]":[[0,0,0,0],[0,0,0,0],[0,0,0,0],[0,0,0,0],[0,0,0,0],[0,0,0,0]],"pa[]":[[0,0,0,0],[20,20,19,20],[22,25,23,22],[20,21,20,20],[18,20,20,19],[22,20,19,22]],"vc[]":[[0,0,0,0],[19,20,20,20],[22,22,23,20],[19,23,19,21],[19,20,18,19],[20,21,20,23]],"om[]":[[253460,0,0,0],[270838,270454,270094,270397],[278546,278572,267541,280293],[266817,266985,267074,266837],[267983,269906,278671,270070],[263785,263790,265041,263970]],"ob[]":[[110879,0,0,0],[56744,56422,56028,56353],[59283,59265,56358,60945],[57579,57384,57311,57499],[56526,57512,59259,58846],[56274,56231,57200,56170]],"of[]":[[4812,0,0,0],[110451,112516,111258,110037],[115256,115180,111571,117247],[110196,111156,110654,110913],[109488,112110,116014,112954],[108831,108820,109186,107930]],"bi[]":[0,0,0,0,0,0],"me[]":[63,63,63,63,63,63]}}
1535719187495,{"fm":{"id":0,"pf[]":[1,3,6,1,0,2],"pr[]":[1,1,2,3,4,0],"rs":1,"ks":0,"ec[]":[0],"wn[]":[0],"ll[]":[[-60.917599,-62.077438]],"paa[]":[[0,0,0,0],[0,0,0,0],[0,0,0,0],[0,0,0,0],[0,0,0,0],[0,0,0,0]],"saa[]":[[0,0],[1342242816,1342242816],[1342242816,1342242816],[1342242816,1342242816],[1342242816,1342242816],[1342242816,1342242816]],"bo[]":[4095,4095,4095,4095,4095,4095]}}
1535719189707,{"cc":{"id":0,"cf":0,"ci":0,"sl":0,"su":0,"cl":0.000000,"la":0.000000,"f[]":[0.000000,0.000000],"t[]":[0.000000,0.000000],"df":0,"km[]":[0],"pl":0,"vs":18,"vd":0,"zr":0,"lm":1.000000}}
1535719189728,{"hc":{"id":0,"u1fv[]":[" 3.06"," 3.06"," 3.06"," 3.06"," 3.06"," 3.06"],"esn[]":[170001],"u1sn[]":[170038,170018,170010,170017,170016,170029],"om[]":[0,127],"u2p[]":[0,0,0,0,0,0],"u2fv[]":[" 3.06"," 3.06"," 3.06"," 3.06"," 3.06"," 3.06"],"u2pap[]":[[0,0,0,0],[0,0,0,0],[0,0,0,0],[0,0,0,0],[0,0,0,0],[0,0,0,0]],"u2pafv[]":[["A1","--","--","--"],["A3","A3","A3","A3"],["A3","A3","A3","A3"],["A3","A3","A3","A3"],["A3","A3","A3","A3"],["A3","A3","A3","A3"]],"u2pasn[]":[[170001,0,0,0],[170120,170122,170123,170124],[170108,170109,170115,170112],[170022,170023,170024,170025],[170114,170113,170111,170098],[170095,170094,170117,170116]],"u2psp[]":[[0,0],[0,0],[0,0],[0,0],[0,0],[0,0]],"u2pssn[]":[["              ","              "],["16KZ25019690  ","16KZ25019701  "],["15KZ50022521  ","15KZ50022460  "],["16KZ25019699  ","16KZ25019819  "],["16KZ25019684  ","16KZ25019816  "],["16KZ41008856  ","17KZ05010397  "]]}}
1535719189736,{"sm":{"id":0,"is[]":[[0,0],[0,0],[0,0],[0,0],[0,0],[0,0]],"vs[]":[[0,0],[17990,17987],[17997,17990],[17990,17992],[17990,17990],[17997,17987]],"ts[]":[[0,0],[28,25],[27,29],[26,27],[28,23],[25,29]],"ia[]":[[0,0,0,0],[0,0,0,0],[0,0,0,0],[0,0,0,0],[0,0,0,0],[0,0,0,0]],"ta[]":[[22,23,0,0],[26,28,27,26],[26,25,26,25],[23,25,23,25],[23,25,26,23],[25,23,22,22]],"fa[]":[[0,0,0,0],[0,0,0,0],[0,0,0,0],[0,0,0,0],[0,0,0,0],[0,0,0,0]],"pa[]":[[0,0,0,0],[20,20,19,20],[22,25,23,22],[20,21,20,20],[18,20,20,19],[22,20,19,21]],"vc[]":[[0,0,0,0],[19,20,20,20],[22,22,23,20],[19,23,19,21],[19,20,19,19],[20,21,20,23]],"om[]":[[253462,0,0,0],[270840,270456,270096,270399],[278548,278574,267543,280295],[266819,266987,267076,266839],[267985,269908,278673,270072],[263787,263792,265043,263972]],"ob[]":[[110879,0,0,0],[56744,56422,56028,56353],[59283,59265,56358,60945],[57579,57384,57311,57499],[56526,57512,59259,58846],[56274,56231,57200,56170]],"of[]":[[4812,0,0,0],[110451,112516,111258,110037],[115256,115180,111571,117247],[110196,111156,110654,110913],[109488,112110,116014,112954],[108831,108820,109186,107930]],"bi[]":[0,0,0,0,0,0],"me[]":[63,63,63,63,63,63]}}
1535719189736,{"fm":{"id":0,"pf[]":[1,3,6,1,0,2],"pr[]":[1,1,2,3,4,0],"rs":1,"ks":0,"ec[]":[0],"wn[]":[0],"ll[]":[[-61.478176,-62.077438]],"paa[]":[[0,0,0,0],[0,0,0,0],[0,0,0,0],[0,0,0,0],[0,0,0,0],[0,0,0,0]],"saa[]":[[0,0],[1342242816,1342242816],[1342242816,1342242816],[1342242816,1342242816],[1342242816,1342242816],[1342242816,1342242816]],"bo[]":[4095,4095,4095,4095,4095,4095]}}
1535719191952,{"cc":{"id":0,"cf":0,"ci":0,"sl":0,"su":0,"cl":0.000000,"la":0.000000,"f[]":[0.000000,0.000000],"t[]":[0.000000,0.000000],"df":0,"km[]":[0],"pl":0,"vs":18,"vd":0,"zr":0,"lm":1.000000}}
1535719191967,{"hc":{"id":0,"u1fv[]":[" 3.06"," 3.06"," 3.06"," 3.06"," 3.06"," 3.06"],"esn[]":[170001],"u1sn[]":[170038,170018,170010,170017,170016,170029],"om[]":[0,127],"u2p[]":[0,0,0,0,0,0],"u2fv[]":[" 3.06"," 3.06"," 3.06"," 3.06"," 3.06"," 3.06"],"u2pap[]":[[0,0,0,0],[0,0,0,0],[0,0,0,0],[0,0,0,0],[0,0,0,0],[0,0,0,0]],"u2pafv[]":[["A1","--","--","--"],["A3","A3","A3","A3"],["A3","A3","A3","A3"],["A3","A3","A3","A3"],["A3","A3","A3","A3"],["A3","A3","A3","A3"]],"u2pasn[]":[[170001,0,0,0],[170120,170122,170123,170124],[170108,170109,170115,170112],[170022,170023,170024,170025],[170114,170113,170111,170098],[170095,170094,170117,170116]],"u2psp[]":[[0,0],[0,0],[0,0],[0,0],[0,0],[0,0]],"u2pssn[]":[["              ","              "],["16KZ25019690  ","16KZ25019701  "],["15KZ50022521  ","15KZ50022460  "],["16KZ25019699  ","16KZ25019819  "],["16KZ25019684  ","16KZ25019816  "],["16KZ41008856  ","17KZ05010397  "]]}}
1535719191971,{"sm":{"id":0,"is[]":[[0,0],[0,0],[0,0],[0,0],[0,0],[0,0]],"vs[]":[[0,0],[17987,17985],[17990,17985],[17990,17990],[17990,17990],[17997,17987]],"ts[]":[[0,0],[28,25],[27,29],[26,27],[28,23],[25,29]],"ia[]":[[0,0,0,0],[0,0,0,0],[0,0,0,0],[0,0,0,0],[0,0,0,0],[0,0,0,0]],"ta[]":[[22,23,0,0],[26,28,27,26],[26,25,26,25],[23,25,23,25],[23,25,26,23],[25,23,22,22]],"fa[]":[[0,0,0,0],[0,0,0,0],[0,0,0,0],[0,0,0,0],[0,0,0,0],[0,0,0,0]],"pa[]":[[0,0,0,0],[20,20,19,20],[22,25,23,22],[20,21,20,20],[18,20,20,19],[22,20,19,22]],"vc[]":[[0,0,0,0],[19,20,20,20],[22,22,23,19],[19,23,19,21],[19,20,19,19],[20,21,20,23]],"om[]":[[253465,0,0,0],[270842,270458,270098,270401],[278551,278577,267546,280298],[266822,266990,267079,266842],[267987,269910,278675,270074],[263790,263795,265046,263975]],"ob[]":[[110879,0,0,0],[56744,56422,56028,56353],[59283,59265,56358,60945],[57579,57384,57311,57499],[56526,57512,59259,58846],[56274,56231,57200,56170]],"of[]":[[4812,0,0,0],[110451,112516,111258,110037],[115256,115180,111571,117247],[110196,111156,110654,110913],[109488,112110,116014,112954],[108831,108820,109186,107930]],"bi[]":[0,0,0,0,0,0],"me[]":[63,63,63,63,63,63]}}
1535719191971,{"fm":{"id":0,"pf[]":[1,3,6,1,0,2],"pr[]":[1,1,2,3,4,0],"rs":1,"ks":0,"ec[]":[0],"wn[]":[0],"ll[]":[[-62.077438,-62.721134]],"paa[]":[[0,0,0,0],[0,0,0,0],[0,0,0,0],[0,0,0,0],[0,0,0,0],[0,0,0,0]],"saa[]":[[0,0],[1342242816,1342242816],[1342242816,1342242816],[1342242816,1342242816],[1342242816,1342242816],[1342242816,1342242816]],"bo[]":[4095,4095,4095,4095,4095,4095]}}
1535719194191,{"cc":{"id":0,"cf":0,"ci":0,"sl":0,"su":0,"cl":0.000000,"la":0.000000,"f[]":[0.000000,0.000000],"t[]":[0.000000,0.000000],"df":0,"km[]":[0],"pl":0,"vs":18,"vd":0,"zr":0,"lm":1.000000}}
1535719194208,{"hc":{"id":0,"u1fv[]":[" 3.06"," 3.06"," 3.06"," 3.06"," 3.06"," 3.06"],"esn[]":[170001],"u1sn[]":[170038,170018,170010,170017,170016,170029],"om[]":[0,127],"u2p[]":[0,0,0,0,0,0],"u2fv[]":[" 3.06"," 3.06"," 3.06"," 3.06"," 3.06"," 3.06"],"u2pap[]":[[0,0,0,0],[0,0,0,0],[0,0,0,0],[0,0,0,0],[0,0,0,0],[0,0,0,0]],"u2pafv[]":[["A1","--","--","--"],["A3","A3","A3","A3"],["A3","A3","A3","A3"],["A3","A3","A3","A3"],["A3","A3","A3","A3"],["A3","A3","A3","A3"]],"u2pasn[]":[[170001,0,0,0],[170120,170122,170123,170124],[170108,170109,170115,170112],[170022,170023,170024,170025],[170114,170113,170111,170098],[170095,170094,170117,170116]],"u2psp[]":[[0,0],[0,0],[0,0],[0,0],[0,0],[0,0]],"u2pssn[]":[["              ","              "],["16KZ25019690  ","16KZ25019701  "],["15KZ50022521  ","15KZ50022460  "],["16KZ25019699  ","16KZ25019819  "],["16KZ25019684  ","16KZ25019816  "],["16KZ41008856  ","17KZ05010397  "]]}}
1535719194212,{"sm":{"id":0,"is[]":[[0,0],[0,0],[0,0],[0,0],[0,0],[0,0]],"vs[]":[[0,0],[17990,17987],[17985,17990],[17990,17990],[17990,17990],[17995,17987]],"ts[]":[[0,0],[28,25],[27,29],[26,27],[28,23],[25,29]],"ia[]":[[0,0,0,0],[0,0,0,0],[0,0,0,0],[0,0,0,0],[0,0,0,0],[0,0,0,0]],"ta[]":[[22,23,0,0],[26,28,27,26],[26,25,26,25],[23,25,23,25],[23,25,26,23],[25,23,22,22]],"fa[]":[[0,0,0,0],[0,0,0,0],[0,0,0,0],[0,0,0,0],[0,0,0,0],[0,0,0,0]],"pa[]":[[0,0,0,0],[20,20,19,20],[22,24,23,22],[20,21,20,20],[18,20,20,19],[22,20,19,21]],"vc[]":[[0,0,0,0],[19,20,20,20],[22,22,23,19],[19,23,19,21],[19,20,19,19],[20,21,20,23]],"om[]":[[253467,0,0,0],[270845,270461,270101,270404],[278553,278579,267548,280300],[266824,266992,267081,266844],[267989,269912,278677,270076],[263792,263797,265048,263977]],"ob[]":[[110879,0,0,0],[56744,56422,56028,56353],[59283,59265,56358,60945],[57579,57384,57311,57499],[56526,57512,59259,58846],[56274,56231,57200,56170]],"of[]":[[4812,0,0,0],[110451,112516,111258,110037],[115256,115180,111571,117247],[110196,111156,110654,110913],[109488,112110,116014,112954],[108831,108820,109186,107930]],"bi[]":[0,0,0,0,0,0],"me[]":[63,63,63,63,63,63]}}
1535719194212,{"fm":{"id":0,"pf[]":[1,3,6,1,0,2],"pr[]":[1,1,2,3,4,0],"rs":1,"ks":0,"ec[]":[0],"wn[]":[0],"ll[]":[[-62.077438,-62.721134]],"paa[]":[[0,0,0,0],[0,0,0,0],[0,0,0,0],[0,0,0,0],[0,0,0,0],[0,0,0,0]],"saa[]":[[0,0],[1342242816,1342242816],[1342242816,1342242816],[1342242816,1342242816],[1342242816,1342242816],[1342242816,1342242816]],"bo[]":[4095,4095,4095,4095,4095,4095]}}
1535719196426,{"cc":{"id":0,"cf":0,"ci":0,"sl":0,"su":0,"cl":0.000000,"la":0.000000,"f[]":[0.000000,0.000000],"t[]":[0.000000,0.000000],"df":0,"km[]":[0],"pl":0,"vs":18,"vd":0,"zr":0,"lm":1.000000}}
1535719196448,{"hc":{"id":0,"u1fv[]":[" 3.06"," 3.06"," 3.06"," 3.06"," 3.06"," 3.06"],"esn[]":[170001],"u1sn[]":[170038,170018,170010,170017,170016,170029],"om[]":[0,127],"u2p[]":[0,0,0,0,0,0],"u2fv[]":[" 3.06"," 3.06"," 3.06"," 3.06"," 3.06"," 3.06"],"u2pap[]":[[0,0,0,0],[0,0,0,0],[0,0,0,0],[0,0,0,0],[0,0,0,0],[0,0,0,0]],"u2pafv[]":[["A1","--","--","--"],["A3","A3","A3","A3"],["A3","A3","A3","A3"],["A3","A3","A3","A3"],["A3","A3","A3","A3"],["A3","A3","A3","A3"]],"u2pasn[]":[[170001,0,0,0],[170120,170122,170123,170124],[170108,170109,170115,170112],[170022,170023,170024,170025],[170114,170113,170111,170098],[170095,170094,170117,170116]],"u2psp[]":[[0,0],[0,0],[0,0],[0,0],[0,0],[0,0]],"u2pssn[]":[["              ","              "],["16KZ25019690  ","16KZ25019701  "],["15KZ50022521  ","15KZ50022460  "],["16KZ25019699  ","16KZ25019819  "],["16KZ25019684  ","16KZ25019816  "],["16KZ41008856  ","17KZ05010397  "]]}}
1535719196452,{"sm":{"id":0,"is[]":[[0,0],[0,0],[0,0],[0,0],[0,0],[0,0]],"vs[]":[[0,0],[17987,17987],[17985,17985],[17990,17990],[17990,17992],[17995,17990]],"ts[]":[[0,0],[28,25],[27,29],[26,27],[28,23],[25,29]],"ia[]":[[0,0,0,0],[0,0,0,0],[0,0,0,0],[0,0,0,0],[0,0,0,0],[0,0,0,0]],"ta[]":[[22,23,0,0],[26,28,27,26],[26,25,26,25],[23,25,23,25],[23,25,26,23],[25,23,22,22]],"fa[]":[[0,0,0,0],[0,0,0,0],[0,0,0,0],[0,0,0,0],[0,0,0,0],[0,0,0,0]],"pa[]":[[0,0,0,0],[20,20,19,20],[22,25,23,22],[20,21,20,20],[18,20,20,19],[22,20,19,21]],"vc[]":[[0,0,0,0],[19,20,20,20],[22,22,23,20],[19,22,19,21],[19,20,19,19],[20,21,20,23]],"om[]":[[253469,0,0,0],[270847,270463,270103,270406],[278555,278581,267550,280302],[266826,266994,267083,266846],[267992,269915,278680,270079],[263794,263799,265050,263979]],"ob[]":[[110879,0,0,0],[56744,56422,56028,56353],[59283,59265,56358,60945],[57579,57384,57311,57499],[56526,57512,59259,58846],[56274,56231,57200,56170]],"of[]":[[4812,0,0,0],[110451,112516,111258,110037],[115256,115180,111571,117247],[110196,111156,110654,110913],[109488,112110,116014,112954],[108831,108820,109186,107930]],"bi[]":[0,0,0,0,0,0],"me[]":[63,63,63,63,63,63]}}
1535719196452,{"fm":{"id":0,"pf[]":[1,3,6,1,0,2],"pr[]":[1,1,2,3,4,0],"rs":1,"ks":0,"ec[]":[0],"wn[]":[0],"ll[]":[[-62.721134,-62.721134]],"paa[]":[[0,0,0,0],[0,0,0,0],[0,0,0,0],[0,0,0,0],[0,0,0,0],[0,0,0,0]],"saa[]":[[0,0],[1342242816,1342242816],[1342242816,1342242816],[1342242816,1342242816],[1342242816,1342242816],[1342242816,1342242816]],"bo[]":[4095,4095,4095,4095,4095,4095]}}
1535719198666,{"cc":{"id":0,"cf":0,"ci":0,"sl":0,"su":0,"cl":0.000000,"la":0.000000,"f[]":[0.000000,0.000000],"t[]":[0.000000,0.000000],"df":0,"km[]":[0],"pl":0,"vs":18,"vd":0,"zr":0,"lm":1.000000}}
1535719198686,{"hc":{"id":0,"u1fv[]":[" 3.06"," 3.06"," 3.06"," 3.06"," 3.06"," 3.06"],"esn[]":[170001],"u1sn[]":[170038,170018,170010,170017,170016,170029],"om[]":[0,127],"u2p[]":[0,0,0,0,0,0],"u2fv[]":[" 3.06"," 3.06"," 3.06"," 3.06"," 3.06"," 3.06"],"u2pap[]":[[0,0,0,0],[0,0,0,0],[0,0,0,0],[0,0,0,0],[0,0,0,0],[0,0,0,0]],"u2pafv[]":[["A1","--","--","--"],["A3","A3","A3","A3"],["A3","A3","A3","A3"],["A3","A3","A3","A3"],["A3","A3","A3","A3"],["A3","A3","A3","A3"]],"u2pasn[]":[[170001,0,0,0],[170120,170122,170123,170124],[170108,170109,170115,170112],[170022,170023,170024,170025],[170114,170113,170111,170098],[170095,170094,170117,170116]],"u2psp[]":[[0,0],[0,0],[0,0],[0,0],[0,0],[0,0]],"u2pssn[]":[["              ","              "],["16KZ25019690  ","16KZ25019701  "],["15KZ50022521  ","15KZ50022460  "],["16KZ25019699  ","16KZ25019819  "],["16KZ25019684  ","16KZ25019816  "],["16KZ41008856  ","17KZ05010397  "]]}}
1535719198698,{"sm":{"id":0,"is[]":[[0,0],[0,0],[0,0],[0,0],[0,0],[0,0]],"vs[]":[[0,0],[17987,17990],[17987,17987],[17990,17990],[17990,17990],[17995,17990]],"ts[]":[[0,0],[28,25],[27,29],[26,27],[28,23],[25,29]],"ia[]":[[0,0,0,0],[0,0,0,0],[0,0,0,0],[0,0,0,0],[0,0,0,0],[0,0,0,0]],"ta[]":[[22,23,0,0],[26,28,27,26],[26,25,26,25],[23,25,23,25],[23,25,26,23],[25,23,22,22]],"fa[]":[[0,0,0,0],[0,0,0,0],[0,0,0,0],[0,0,0,0],[0,0,0,0],[0,0,0,0]],"pa[]":[[0,0,0,0],[20,20,19,20],[22,25,23,22],[20,21,20,20],[18,20,20,19],[22,20,19,22]],"vc[]":[[0,0,0,0],[19,20,20,20],[22,22,23,20],[19,23,19,21],[19,20,19,19],[20,21,20,23]],"om[]":[[253471,0,0,0],[270849,270465,270105,270408],[278557,278583,267552,280304],[266828,266996,267085,266848],[267994,269917,278682,270081],[263796,263801,265052,263981]],"ob[]":[[110879,0,0,0],[56744,56422,56028,56353],[59283,59265,56358,60945],[57579,57384,57311,57499],[56526,57512,59259,58846],[56274,56231,57200,56170]],"of[]":[[4812,0,0,0],[110451,112516,111258,110037],[115256,115180,111571,117247],[110196,111156,110654,110913],[109488,112110,116014,112954],[108831,108820,109186,107930]],"bi[]":[0,0,0,0,0,0],"me[]":[63,63,63,63,63,63]}}
1535719198698,{"fm":{"id":0,"pf[]":[1,3,6,1,0,2],"pr[]":[1,1,2,3,4,0],"rs":1,"ks":0,"ec[]":[0],"wn[]":[0],"ll[]":[[-62.721134,-62.721134]],"paa[]":[[0,0,0,0],[0,0,0,0],[0,0,0,0],[0,0,0,0],[0,0,0,0],[0,0,0,0]],"saa[]":[[0,0],[1342242816,1342242816],[1342242816,1342242816],[1342242816,1342242816],[1342242816,1342242816],[1342242816,1342242816]],"bo[]":[4095,4095,4095,4095,4095,4095]}}
1535719200909,{"cc":{"id":0,"cf":0,"ci":0,"sl":0,"su":0,"cl":0.000000,"la":0.000000,"f[]":[0.000000,0.000000],"t[]":[0.000000,0.000000],"df":0,"km[]":[0],"pl":0,"vs":18,"vd":0,"zr":0,"lm":1.000000}}
1535719200927,{"hc":{"id":0,"u1fv[]":[" 3.06"," 3.06"," 3.06"," 3.06"," 3.06"," 3.06"],"esn[]":[170001],"u1sn[]":[170038,170018,170010,170017,170016,170029],"om[]":[0,127],"u2p[]":[0,0,0,0,0,0],"u2fv[]":[" 3.06"," 3.06"," 3.06"," 3.06"," 3.06"," 3.06"],"u2pap[]":[[0,0,0,0],[0,0,0,0],[0,0,0,0],[0,0,0,0],[0,0,0,0],[0,0,0,0]],"u2pafv[]":[["A1","--","--","--"],["A3","A3","A3","A3"],["A3","A3","A3","A3"],["A3","A3","A3","A3"],["A3","A3","A3","A3"],["A3","A3","A3","A3"]],"u2pasn[]":[[170001,0,0,0],[170120,170122,170123,170124],[170108,170109,170115,170112],[170022,170023,170024,170025],[170114,170113,170111,170098],[170095,170094,170117,170116]],"u2psp[]":[[0,0],[0,0],[0,0],[0,0],[0,0],[0,0]],"u2pssn[]":[["              ","              "],["16KZ25019690  ","16KZ25019701  "],["15KZ50022521  ","15KZ50022460  "],["16KZ25019699  ","16KZ25019819  "],["16KZ25019684  ","16KZ25019816  "],["16KZ41008856  ","17KZ05010397  "]]}}
1535719200935,{"sm":{"id":0,"is[]":[[0,0],[0,0],[0,0],[0,0],[0,0],[0,0]],"vs[]":[[0,0],[17990,17985],[17982,17990],[17990,17990],[17990,17992],[17997,17990]],"ts[]":[[0,0],[28,25],[27,29],[26,27],[28,23],[25,29]],"ia[]":[[0,0,0,0],[0,0,0,0],[0,0,0,0],[0,0,0,0],[0,0,0,0],[0,0,0,0]],"ta[]":[[22,23,0,0],[26,28,27,26],[26,25,26,25],[23,25,23,25],[23,25,26,23],[25,23,22,22]],"fa[]":[[0,0,0,0],[0,0,0,0],[0,0,0,0],[0,0,0,0],[0,0,0,0],[0,0,0,0]],"pa[]":[[0,0,0,0],[20,20,19,20],[22,25,23,22],[20,21,20,20],[18,20,20,19],[22,20,19,21]],"vc[]":[[0,0,0,0],[19,20,20,20],[22,22,23,20],[19,23,19,21],[19,20,18,19],[20,22,20,23]],"om[]":[[253473,0,0,0],[270851,270467,270107,270410],[278560,278586,267555,280307],[266831,266999,267088,266851],[267996,269919,278684,270083],[263799,263804,265055,263984]],"ob[]":[[110879,0,0,0],[56744,56422,56028,56353],[59283,59265,56358,60945],[57579,57384,57311,57499],[56526,57512,59259,58846],[56274,56231,57200,56170]],"of[]":[[4812,0,0,0],[110451,112516,111258,110037],[115256,115180,111571,117247],[110196,111156,110654,110913],[109488,112110,116014,112954],[108831,108820,109186,107930]],"bi[]":[0,0,0,0,0,0],"me[]":[63,63,63,63,63,63]}}
1535719200935,{"fm":{"id":0,"pf[]":[1,3,6,1,0,2],"pr[]":[1,1,2,3,4,0],"rs":1,"ks":0,"ec[]":[0],"wn[]":[0],"ll[]":[[-62.721134,-62.721134]],"paa[]":[[0,0,0,0],[0,0,0,0],[0,0,0,0],[0,0,0,0],[0,0,0,0],[0,0,0,0]],"saa[]":[[0,0],[1342242816,1342242816],[1342242816,1342242816],[1342242816,1342242816],[1342242816,1342242816],[1342242816,1342242816]],"bo[]":[4095,4095,4095,4095,4095,4095]}}
1535719203143,{"cc":{"id":0,"cf":0,"ci":0,"sl":0,"su":0,"cl":0.000000,"la":0.000000,"f[]":[0.000000,0.000000],"t[]":[0.000000,0.000000],"df":0,"km[]":[0],"pl":0,"vs":18,"vd":0,"zr":0,"lm":1.000000}}
1535719203168,{"hc":{"id":0,"u1fv[]":[" 3.06"," 3.06"," 3.06"," 3.06"," 3.06"," 3.06"],"esn[]":[170001],"u1sn[]":[170038,170018,170010,170017,170016,170029],"om[]":[0,127],"u2p[]":[0,0,0,0,0,0],"u2fv[]":[" 3.06"," 3.06"," 3.06"," 3.06"," 3.06"," 3.06"],"u2pap[]":[[0,0,0,0],[0,0,0,0],[0,0,0,0],[0,0,0,0],[0,0,0,0],[0,0,0,0]],"u2pafv[]":[["A1","--","--","--"],["A3","A3","A3","A3"],["A3","A3","A3","A3"],["A3","A3","A3","A3"],["A3","A3","A3","A3"],["A3","A3","A3","A3"]],"u2pasn[]":[[170001,0,0,0],[170120,170122,170123,170124],[170108,170109,170115,170112],[170022,170023,170024,170025],[170114,170113,170111,170098],[170095,170094,170117,170116]],"u2psp[]":[[0,0],[0,0],[0,0],[0,0],[0,0],[0,0]],"u2pssn[]":[["              ","              "],["16KZ25019690  ","16KZ25019701  "],["15KZ50022521  ","15KZ50022460  "],["16KZ25019699  ","16KZ25019819  "],["16KZ25019684  ","16KZ25019816  "],["16KZ41008856  ","17KZ05010397  "]]}}
1535719203172,{"sm":{"id":0,"is[]":[[0,0],[0,0],[0,0],[0,0],[0,0],[0,0]],"vs[]":[[0,0],[17985,17985],[17992,17987],[17990,17990],[17990,17992],[17992,17990]],"ts[]":[[0,0],[28,25],[27,29],[26,27],[28,23],[25,29]],"ia[]":[[0,0,0,0],[0,0,0,0],[0,0,0,0],[0,0,0,0],[0,0,0,0],[0,0,0,0]],"ta[]":[[22,23,0,0],[26,28,27,26],[26,25,26,25],[23,25,23,25],[23,25,26,23],[25,23,22,22]],"fa[]":[[0,0,0,0],[0,0,0,0],[0,0,0,0],[0,0,0,0],[0,0,0,0],[0,0,0,0]],"pa[]":[[0,0,0,0],[20,20,19,20],[22,25,23,22],[20,21,20,20],[18,20,20,19],[22,20,19,21]],"vc[]":[[0,0,0,0],[19,20,20,20],[22,22,23,20],[19,23,19,21],[19,20,19,19],[20,21,20,23]],"om[]":[[253476,0,0,0],[270854,270470,270110,270413],[278562,278588,267557,280309],[266833,267001,267090,266853],[267998,269921,278686,270085],[263801,263806,265057,263986]],"ob[]":[[110879,0,0,0],[56744,56422,56028,56353],[59283,59265,56358,60945],[57579,57384,57311,57499],[56526,57512,59259,58846],[56274,56231,57200,56170]],"of[]":[[4812,0,0,0],[110451,112516,111258,110037],[115256,115180,111571,117247],[110196,111156,110654,110913],[109488,112110,116014,112954],[108831,108820,109186,107930]],"bi[]":[0,0,0,0,0,0],"me[]":[63,63,63,63,63,63]}}
1535719203172,{"fm":{"id":0,"pf[]":[1,3,6,1,0,2],"pr[]":[1,1,2,3,4,0],"rs":1,"ks":0,"ec[]":[0],"wn[]":[0],"ll[]":[[-62.721134,-62.721134]],"paa[]":[[0,0,0,0],[0,0,0,0],[0,0,0,0],[0,0,0,0],[0,0,0,0],[0,0,0,0]],"saa[]":[[0,0],[1342242816,1342242816],[1342242816,1342242816],[1342242816,1342242816],[1342242816,1342242816],[1342242816,1342242816]],"bo[]":[4095,4095,4095,4095,4095,4095]}}
1535719205393,{"cc":{"id":0,"cf":0,"ci":0,"sl":0,"su":0,"cl":0.000000,"la":0.000000,"f[]":[0.000000,0.000000],"t[]":[0.000000,0.000000],"df":0,"km[]":[0],"pl":0,"vs":18,"vd":0,"zr":0,"lm":1.000000}}
1535719205408,{"hc":{"id":0,"u1fv[]":[" 3.06"," 3.06"," 3.06"," 3.06"," 3.06"," 3.06"],"esn[]":[170001],"u1sn[]":[170038,170018,170010,170017,170016,170029],"om[]":[0,127],"u2p[]":[0,0,0,0,0,0],"u2fv[]":[" 3.06"," 3.06"," 3.06"," 3.06"," 3.06"," 3.06"],"u2pap[]":[[0,0,0,0],[0,0,0,0],[0,0,0,0],[0,0,0,0],[0,0,0,0],[0,0,0,0]],"u2pafv[]":[["A1","--","--","--"],["A3","A3","A3","A3"],["A3","A3","A3","A3"],["A3","A3","A3","A3"],["A3","A3","A3","A3"],["A3","A3","A3","A3"]],"u2pasn[]":[[170001,0,0,0],[170120,170122,170123,170124],[170108,170109,170115,170112],[170022,170023,170024,170025],[170114,170113,170111,170098],[170095,170094,170117,170116]],"u2psp[]":[[0,0],[0,0],[0,0],[0,0],[0,0],[0,0]],"u2pssn[]":[["              ","              "],["16KZ25019690  ","16KZ25019701  "],["15KZ50022521  ","15KZ50022460  "],["16KZ25019699  ","16KZ25019819  "],["16KZ25019684  ","16KZ25019816  "],["16KZ41008856  ","17KZ05010397  "]]}}
1535719205412,{"sm":{"id":0,"is[]":[[0,0],[0,0],[0,0],[0,0],[0,0],[0,0]],"vs[]":[[0,0],[17990,17987],[17985,17987],[17990,17990],[17990,17992],[17997,17990]],"ts[]":[[0,0],[28,25],[27,29],[27,27],[28,23],[25,29]],"ia[]":[[0,0,0,0],[0,0,0,0],[0,0,0,0],[0,0,0,0],[0,0,0,0],[0,0,0,0]],"ta[]":[[22,23,0,0],[26,28,27,26],[26,25,26,25],[23,25,23,25],[23,25,26,23],[25,23,22,22]],"fa[]":[[0,0,0,0],[0,0,0,0],[0,0,0,0],[0,0,0,0],[0,0,0,0],[0,0,0,0]],"pa[]":[[0,0,0,0],[20,20,19,20],[22,25,23,22],[20,21,20,20],[18,20,20,19],[22,20,18,22]],"vc[]":[[0,0,0,0],[19,20,19,20],[22,22,23,20],[19,23,19,21],[19,20,19,19],[20,21,20,23]],"om[]":[[253478,0,0,0],[270856,270472,270112,270415],[278564,278590,267559,280311],[266835,267003,267092,266855],[268000,269923,278689,270088],[263803,263808,265059,263988]],"ob[]":[[110879,0,0,0],[56744,56422,56028,56353],[59283,59265,56358,60945],[57579,57384,57311,57499],[56526,57512,59259,58846],[56274,56231,57200,56170]],"of[]":[[4812,0,0,0],[110451,112516,111258,110037],[115256,115180,111571,117247],[110196,111156,110654,110913],[109488,112110,116014,112954],[108831,108820,109186,107930]],"bi[]":[0,0,0,0,0,0],"me[]":[63,63,63,63,63,63]}}
1535719205412,{"fm":{"id":0,"pf[]":[1,3,6,1,0,2],"pr[]":[1,1,2,3,4,0],"rs":1,"ks":0,"ec[]":[0],"wn[]":[0],"ll[]":[[-62.721134,-62.721134]],"paa[]":[[0,0,0,0],[0,0,0,0],[0,0,0,0],[0,0,0,0],[0,0,0,0],[0,0,0,0]],"saa[]":[[0,0],[1342242816,1342242816],[1342242816,1342242816],[1342242816,1342242816],[1342242816,1342242816],[1342242816,1342242816]],"bo[]":[4095,4095,4095,4095,4095,4095]}}
1535719207626,{"cc":{"id":0,"cf":0,"ci":0,"sl":0,"su":0,"cl":0.000000,"la":0.000000,"f[]":[0.000000,0.000000],"t[]":[0.000000,0.000000],"df":0,"km[]":[0],"pl":0,"vs":18,"vd":0,"zr":0,"lm":1.000000}}
1535719207647,{"hc":{"id":0,"u1fv[]":[" 3.06"," 3.06"," 3.06"," 3.06"," 3.06"," 3.06"],"esn[]":[170001],"u1sn[]":[170038,170018,170010,170017,170016,170029],"om[]":[0,127],"u2p[]":[0,0,0,0,0,0],"u2fv[]":[" 3.06"," 3.06"," 3.06"," 3.06"," 3.06"," 3.06"],"u2pap[]":[[0,0,0,0],[0,0,0,0],[0,0,0,0],[0,0,0,0],[0,0,0,0],[0,0,0,0]],"u2pafv[]":[["A1","--","--","--"],["A3","A3","A3","A3"],["A3","A3","A3","A3"],["A3","A3","A3","A3"],["A3","A3","A3","A3"],["A3","A3","A3","A3"]],"u2pasn[]":[[170001,0,0,0],[170120,170122,170123,170124],[170108,170109,170115,170112],[170022,170023,170024,170025],[170114,170113,170111,170098],[170095,170094,170117,170116]],"u2psp[]":[[0,0],[0,0],[0,0],[0,0],[0,0],[0,0]],"u2pssn[]":[["              ","              "],["16KZ25019690  ","16KZ25019701  "],["15KZ50022521  ","15KZ50022460  "],["16KZ25019699  ","16KZ25019819  "],["16KZ25019684  ","16KZ25019816  "],["16KZ41008856  ","17KZ05010397  "]]}}
1535719207651,{"sm":{"id":0,"is[]":[[0,0],[0,0],[0,0],[0,0],[0,0],[0,0]],"vs[]":[[0,0],[17990,17985],[17985,17987],[17992,17992],[17990,17990],[17995,17985]],"ts[]":[[0,0],[28,25],[27,29],[27,27],[28,23],[25,29]],"ia[]":[[0,0,0,0],[0,0,0,0],[0,0,0,0],[0,0,0,0],[0,0,0,0],[0,0,0,0]],"ta[]":[[22,23,0,0],[26,28,27,26],[26,25,26,25],[23,25,23,25],[23,25,26,23],[25,23,22,22]],"fa[]":[[0,0,0,0],[0,0,0,0],[0,0,0,0],[0,0,0,0],[0,0,0,0],[0,0,0,0]],"pa[]":[[0,0,0,0],[20,20,19,20],[22,25,23,22],[20,21,20,20],[18,20,20,19],[22,20,19,21]],"vc[]":[[0,0,0,0],[19,20,19,20],[22,22,23,20],[19,23,19,21],[19,20,19,19],[20,21,20,23]],"om[]":[[253480,0,0,0],[270858,270474,270114,270417],[278566,278592,267561,280313],[266837,267005,267094,266857],[268003,269926,278691,270090],[263805,263810,265061,263990]],"ob[]":[[110879,0,0,0],[56744,56422,56028,56353],[59283,59265,56358,60945],[57579,57384,57311,57499],[56526,57512,59259,58846],[56274,56231,57200,56170]],"of[]":[[4812,0,0,0],[110451,112516,111258,110037],[115256,115180,111571,117247],[110196,111156,110654,110913],[109488,112110,116014,112954],[108831,108820,109186,107930]],"bi[]":[0,0,0,0,0,0],"me[]":[63,63,63,63,63,63]}}
1535719207651,{"fm":{"id":0,"pf[]":[1,3,6,1,0,2],"pr[]":[1,1,2,3,4,0],"rs":1,"ks":0,"ec[]":[0],"wn[]":[0],"ll[]":[[-63.416374,-62.721134]],"paa[]":[[0,0,0,0],[0,0,0,0],[0,0,0,0],[0,0,0,0],[0,0,0,0],[0,0,0,0]],"saa[]":[[0,0],[1342242816,1342242816],[1342242816,1342242816],[1342242816,1342242816],[1342242816,1342242816],[1342242816,1342242816]],"bo[]":[4095,4095,4095,4095,4095,4095]}}
1535719209876,{"cc":{"id":0,"cf":0,"ci":0,"sl":0,"su":0,"cl":0.000000,"la":0.000000,"f[]":[0.000000,0.000000],"t[]":[0.000000,0.000000],"df":0,"km[]":[0],"pl":0,"vs":18,"vd":0,"zr":0,"lm":1.000000}}
1535719209888,{"hc":{"id":0,"u1fv[]":[" 3.06"," 3.06"," 3.06"," 3.06"," 3.06"," 3.06"],"esn[]":[170001],"u1sn[]":[170038,170018,170010,170017,170016,170029],"om[]":[0,127],"u2p[]":[0,0,0,0,0,0],"u2fv[]":[" 3.06"," 3.06"," 3.06"," 3.06"," 3.06"," 3.06"],"u2pap[]":[[0,0,0,0],[0,0,0,0],[0,0,0,0],[0,0,0,0],[0,0,0,0],[0,0,0,0]],"u2pafv[]":[["A1","--","--","--"],["A3","A3","A3","A3"],["A3","A3","A3","A3"],["A3","A3","A3","A3"],["A3","A3","A3","A3"],["A3","A3","A3","A3"]],"u2pasn[]":[[170001,0,0,0],[170120,170122,170123,170124],[170108,170109,170115,170112],[170022,170023,170024,170025],[170114,170113,170111,170098],[170095,170094,170117,170116]],"u2psp[]":[[0,0],[0,0],[0,0],[0,0],[0,0],[0,0]],"u2pssn[]":[["              ","              "],["16KZ25019690  ","16KZ25019701  "],["15KZ50022521  ","15KZ50022460  "],["16KZ25019699  ","16KZ25019819  "],["16KZ25019684  ","16KZ25019816  "],["16KZ41008856  ","17KZ05010397  "]]}}
1535719209896,{"sm":{"id":0,"is[]":[[0,0],[0,0],[0,0],[0,0],[0,0],[0,0]],"vs[]":[[0,0],[17987,17985],[17990,17990],[17990,17990],[17987,17990],[17995,17987]],"ts[]":[[0,0],[28,25],[27,29],[27,27],[28,23],[25,29]],"ia[]":[[0,0,0,0],[0,0,0,0],[0,0,0,0],[0,0,0,0],[0,0,0,0],[0,0,0,0]],"ta[]":[[22,23,0,0],[26,28,27,26],[26,25,26,25],[23,25,23,25],[23,25,26,23],[25,23,22,22]],"fa[]":[[0,0,0,0],[0,0,0,0],[0,0,0,0],[0,0,0,0],[0,0,0,0],[0,0,0,0]],"pa[]":[[0,0,0,0],[20,20,19,20],[22,25,23,22],[20,21,20,20],[18,21,20,19],[22,20,19,21]],"vc[]":[[0,0,0,0],[19,20,19,20],[22,22,23,20],[19,22,19,21],[19,20,18,19],[20,21,20,23]],"om[]":[[253482,0,0,0],[270860,270476,270116,270419],[278569,278594,267564,280316],[266839,267008,267096,266860],[268005,269928,278693,270092],[263808,263813,265064,263993]],"ob[]":[[110879,0,0,0],[56744,56422,56028,56353],[59283,59265,56358,60945],[57579,57384,57311,57499],[56526,57512,59259,58846],[56274,56231,57200,56170]],"of[]":[[4812,0,0,0],[110451,112516,111258,110037],[115256,115180,111571,117247],[110196,111156,110654,110913],[109488,112110,116014,112954],[108831,108820,109186,107930]],"bi[]":[0,0,0,0,0,0],"me[]":[63,63,63,63,63,63]}}
1535719209896,{"fm":{"id":0,"pf[]":[1,3,6,1,0,2],"pr[]":[1,1,2,3,4,0],"rs":1,"ks":0,"ec[]":[0],"wn[]":[0],"ll[]":[[-58.979401,-62.077438]],"paa[]":[[0,0,0,0],[0,0,0,0],[0,0,0,0],[0,0,0,0],[0,0,0,0],[0,0,0,0]],"saa[]":[[0,0],[1342242816,1342242816],[1342242816,1342242816],[1342242816,1342242816],[1342242816,1342242816],[1342242816,1342242816]],"bo[]":[4095,4095,4095,4095,4095,4095]}}
1535719212102,{"cc":{"id":0,"cf":0,"ci":0,"sl":0,"su":0,"cl":0.000000,"la":0.000000,"f[]":[0.000000,0.000000],"t[]":[0.000000,0.000000],"df":0,"km[]":[0],"pl":0,"vs":18,"vd":0,"zr":0,"lm":1.000000}}
1535719212129,{"hc":{"id":0,"u1fv[]":[" 3.06"," 3.06"," 3.06"," 3.06"," 3.06"," 3.06"],"esn[]":[170001],"u1sn[]":[170038,170018,170010,170017,170016,170029],"om[]":[0,127],"u2p[]":[0,0,0,0,0,0],"u2fv[]":[" 3.06"," 3.06"," 3.06"," 3.06"," 3.06"," 3.06"],"u2pap[]":[[0,0,0,0],[0,0,0,0],[0,0,0,0],[0,0,0,0],[0,0,0,0],[0,0,0,0]],"u2pafv[]":[["A1","--","--","--"],["A3","A3","A3","A3"],["A3","A3","A3","A3"],["A3","A3","A3","A3"],["A3","A3","A3","A3"],["A3","A3","A3","A3"]],"u2pasn[]":[[170001,0,0,0],[170120,170122,170123,170124],[170108,170109,170115,170112],[170022,170023,170024,170025],[170114,170113,170111,170098],[170095,170094,170117,170116]],"u2psp[]":[[0,0],[0,0],[0,0],[0,0],[0,0],[0,0]],"u2pssn[]":[["              ","              "],["16KZ25019690  ","16KZ25019701  "],["15KZ50022521  ","15KZ50022460  "],["16KZ25019699  ","16KZ25019819  "],["16KZ25019684  ","16KZ25019816  "],["16KZ41008856  ","17KZ05010397  "]]}}
1535719212145,{"sm":{"id":0,"is[]":[[0,0],[0,0],[0,0],[0,0],[0,0],[0,0]],"vs[]":[[0,0],[17987,17987],[17985,17987],[17990,17990],[17990,17992],[17995,17990]],"ts[]":[[0,0],[28,25],[27,29],[27,27],[28,23],[25,29]],"ia[]":[[0,0,0,0],[0,0,0,0],[0,0,0,0],[0,0,0,0],[0,0,0,0],[0,0,0,0]],"ta[]":[[22,23,0,0],[26,28,27,26],[26,25,26,25],[23,25,23,25],[23,25,26,23],[25,23,22,22]],"fa[]":[[0,0,0,0],[0,0,0,0],[0,0,0,0],[0,0,0,0],[0,0,0,0],[0,0,0,0]],"pa[]":[[0,0,0,0],[20,20,19,20],[22,25,23,22],[20,21,20,20],[18,20,20,19],[22,20,19,22]],"vc[]":[[0,0,0,0],[19,20,20,20],[22,22,23,20],[19,22,19,21],[19,20,19,19],[20,21,20,23]],"om[]":[[253485,0,0,0],[270863,270479,270119,270422],[278571,278597,267566,280318],[266842,267010,267099,266862],[268007,269930,278695,270094],[263810,263815,265066,263995]],"ob[]":[[110879,0,0,0],[56744,56422,56028,56353],[59283,59265,56358,60945],[57579,57384,57311,57499],[56526,57512,59259,58846],[56274,56231,57200,56170]],"of[]":[[4812,0,0,0],[110451,112516,111258,110037],[115256,115180,111571,117247],[110196,111156,110654,110913],[109488,112110,116014,112954],[108831,108820,109186,107930]],"bi[]":[0,0,0,0,0,0],"me[]":[63,63,63,63,63,63]}}
1535719212145,{"fm":{"id":0,"pf[]":[1,3,6,1,0,2],"pr[]":[1,1,2,3,4,0],"rs":1,"ks":0,"ec[]":[0],"wn[]":[0],"ll[]":[[-58.151546,-62.721134]],"paa[]":[[0,0,0,0],[0,0,0,0],[0,0,0,0],[0,0,0,0],[0,0,0,0],[0,0,0,0]],"saa[]":[[0,0],[1342242816,1342242816],[1342242816,1342242816],[1342242816,1342242816],[1342242816,1342242816],[1342242816,1342242816]],"bo[]":[4095,4095,4095,4095,4095,4095]}}
1535719214346,{"cc":{"id":0,"cf":0,"ci":0,"sl":0,"su":0,"cl":0.000000,"la":0.000000,"f[]":[0.000000,0.000000],"t[]":[0.000000,0.000000],"df":0,"km[]":[0],"pl":0,"vs":18,"vd":0,"zr":0,"lm":1.000000}}
1535719214366,{"hc":{"id":0,"u1fv[]":[" 3.06"," 3.06"," 3.06"," 3.06"," 3.06"," 3.06"],"esn[]":[170001],"u1sn[]":[170038,170018,170010,170017,170016,170029],"om[]":[0,127],"u2p[]":[0,0,0,0,0,0],"u2fv[]":[" 3.06"," 3.06"," 3.06"," 3.06"," 3.06"," 3.06"],"u2pap[]":[[0,0,0,0],[0,0,0,0],[0,0,0,0],[0,0,0,0],[0,0,0,0],[0,0,0,0]],"u2pafv[]":[["A1","--","--","--"],["A3","A3","A3","A3"],["A3","A3","A3","A3"],["A3","A3","A3","A3"],["A3","A3","A3","A3"],["A3","A3","A3","A3"]],"u2pasn[]":[[170001,0,0,0],[170120,170122,170123,170124],[170108,170109,170115,170112],[170022,170023,170024,170025],[170114,170113,170111,170098],[170095,170094,170117,170116]],"u2psp[]":[[0,0],[0,0],[0,0],[0,0],[0,0],[0,0]],"u2pssn[]":[["              ","              "],["16KZ25019690  ","16KZ25019701  "],["15KZ50022521  ","15KZ50022460  "],["16KZ25019699  ","16KZ25019819  "],["16KZ25019684  ","16KZ25019816  "],["16KZ41008856  ","17KZ05010397  "]]}}
1535719214370,{"sm":{"id":0,"is[]":[[0,0],[0,0],[0,0],[0,0],[0,0],[0,0]],"vs[]":[[0,0],[17987,17987],[17992,17987],[17990,17990],[17992,17992],[17992,17987]],"ts[]":[[0,0],[28,25],[27,29],[27,27],[28,23],[25,29]],"ia[]":[[0,0,0,0],[0,0,0,0],[0,0,0,0],[0,0,0,0],[0,0,0,0],[0,0,0,0]],"ta[]":[[22,23,0,0],[26,28,27,26],[26,25,26,25],[23,25,23,25],[23,25,26,23],[25,23,22,22]],"fa[]":[[0,0,0,0],[0,0,0,0],[0,0,0,0],[0,0,0,0],[0,0,0,0],[0,0,0,0]],"pa[]":[[0,0,0,0],[20,20,19,20],[22,25,23,22],[20,21,20,20],[18,20,20,19],[22,20,19,21]],"vc[]":[[0,0,0,0],[19,20,20,20],[22,22,23,20],[19,22,19,21],[19,20,19,19],[20,22,20,23]],"om[]":[[253487,0,0,0],[270865,270481,270121,270424],[278573,278599,267568,280320],[266844,267012,267101,266864],[268009,269932,278697,270096],[263812,263817,265068,263997]],"ob[]":[[110879,0,0,0],[56744,56422,56028,56353],[59283,59265,56358,60945],[57579,57384,57311,57499],[56526,57512,59259,58846],[56274,56231,57200,56170]],"of[]":[[4812,0,0,0],[110451,112516,111258,110037],[115256,115180,111571,117247],[110196,111156,110654,110913],[109488,112110,116014,112954],[108831,108820,109186,107930]],"bi[]":[0,0,0,0,0,0],"me[]":[63,63,63,63,63,63]}}
1535719214370,{"fm":{"id":0,"pf[]":[1,3,6,1,0,2],"pr[]":[1,1,2,3,4,0],"rs":1,"ks":0,"ec[]":[0],"wn[]":[0],"ll[]":[[-58.979401,-60.917599]],"paa[]":[[0,0,0,0],[0,0,0,0],[0,0,0,0],[0,0,0,0],[0,0,0,0],[0,0,0,0]],"saa[]":[[0,0],[1342242816,1342242816],[1342242816,1342242816],[1342242816,1342242816],[1342242816,1342242816],[1342242816,1342242816]],"bo[]":[4095,4095,4095,4095,4095,4095]}}
1535719216591,{"cc":{"id":0,"cf":0,"ci":0,"sl":0,"su":0,"cl":0.000000,"la":0.000000,"f[]":[0.000000,0.000000],"t[]":[0.000000,0.000000],"df":0,"km[]":[0],"pl":0,"vs":18,"vd":0,"zr":0,"lm":1.000000}}
1535719216610,{"hc":{"id":0,"u1fv[]":[" 3.06"," 3.06"," 3.06"," 3.06"," 3.06"," 3.06"],"esn[]":[170001],"u1sn[]":[170038,170018,170010,170017,170016,170029],"om[]":[0,127],"u2p[]":[0,0,0,0,0,0],"u2fv[]":[" 3.06"," 3.06"," 3.06"," 3.06"," 3.06"," 3.06"],"u2pap[]":[[0,0,0,0],[0,0,0,0],[0,0,0,0],[0,0,0,0],[0,0,0,0],[0,0,0,0]],"u2pafv[]":[["A1","--","--","--"],["A3","A3","A3","A3"],["A3","A3","A3","A3"],["A3","A3","A3","A3"],["A3","A3","A3","A3"],["A3","A3","A3","A3"]],"u2pasn[]":[[170001,0,0,0],[170120,170122,170123,170124],[170108,170109,170115,170112],[170022,170023,170024,170025],[170114,170113,170111,170098],[170095,170094,170117,170116]],"u2psp[]":[[0,0],[0,0],[0,0],[0,0],[0,0],[0,0]],"u2pssn[]":[["              ","              "],["16KZ25019690  ","16KZ25019701  "],["15KZ50022521  ","15KZ50022460  "],["16KZ25019699  ","16KZ25019819  "],["16KZ25019684  ","16KZ25019816  "],["16KZ41008856  ","17KZ05010397  "]]}}
1535719216614,{"sm":{"id":0,"is[]":[[0,0],[0,0],[0,0],[0,0],[0,0],[0,0]],"vs[]":[[0,0],[17987,17987],[17987,17985],[17990,17990],[17990,17992],[17992,17987]],"ts[]":[[0,0],[28,25],[27,29],[27,27],[28,23],[25,29]],"ia[]":[[0,0,0,0],[0,0,0,0],[0,0,0,0],[0,0,0,0],[0,0,0,0],[0,0,0,0]],"ta[]":[[22,23,0,0],[26,28,27,26],[26,25,26,25],[23,25,23,25],[23,25,26,23],[25,23,22,22]],"fa[]":[[0,0,0,0],[0,0,0,0],[0,0,0,0],[0,0,0,0],[0,0,0,0],[0,0,0,0]],"pa[]":[[0,0,0,0],[20,20,19,20],[22,25,23,22],[20,21,20,20],[18,20,20,19],[22,20,19,22]],"vc[]":[[0,0,0,0],[19,20,20,20],[22,22,23,20],[19,23,19,21],[19,20,19,19],[20,22,20,23]],"om[]":[[253489,0,0,0],[270867,270483,270123,270426],[278575,278601,267570,280322],[266846,267014,267103,266866],[268012,269935,278700,270099],[263814,263819,265070,263999]],"ob[]":[[110879,0,0,0],[56744,56422,56028,56353],[59283,59265,56358,60945],[57579,57384,57311,57499],[56526,57512,59259,58846],[56274,56231,57200,56170]],"of[]":[[4812,0,0,0],[110451,112516,111258,110037],[115256,115180,111571,117247],[110196,111156,110654,110913],[109488,112110,116014,112954],[108831,108820,109186,107930]],"bi[]":[0,0,0,0,0,0],"me[]":[63,63,63,63,63,63]}}
1535719216614,{"fm":{"id":0,"pf[]":[1,3,6,1,0,2],"pr[]":[1,1,2,3,4,0],"rs":1,"ks":0,"ec[]":[0],"wn[]":[0],"ll[]":[[-59.894550,-60.917599]],"paa[]":[[0,0,0,0],[0,0,0,0],[0,0,0,0],[0,0,0,0],[0,0,0,0],[0,0,0,0]],"saa[]":[[0,0],[1342242816,1342242816],[1342242816,1342242816],[1342242816,1342242816],[1342242816,1342242816],[1342242816,1342242816]],"bo[]":[4095,4095,4095,4095,4095,4095]}}
1535719218839,{"cc":{"id":0,"cf":0,"ci":0,"sl":0,"su":0,"cl":0.000000,"la":0.000000,"f[]":[0.000000,0.000000],"t[]":[0.000000,0.000000],"df":0,"km[]":[0],"pl":0,"vs":18,"vd":0,"zr":0,"lm":1.000000}}
1535719218850,{"hc":{"id":0,"u1fv[]":[" 3.06"," 3.06"," 3.06"," 3.06"," 3.06"," 3.06"],"esn[]":[170001],"u1sn[]":[170038,170018,170010,170017,170016,170029],"om[]":[0,127],"u2p[]":[0,0,0,0,0,0],"u2fv[]":[" 3.06"," 3.06"," 3.06"," 3.06"," 3.06"," 3.06"],"u2pap[]":[[0,0,0,0],[0,0,0,0],[0,0,0,0],[0,0,0,0],[0,0,0,0],[0,0,0,0]],"u2pafv[]":[["A1","--","--","--"],["A3","A3","A3","A3"],["A3","A3","A3","A3"],["A3","A3","A3","A3"],["A3","A3","A3","A3"],["A3","A3","A3","A3"]],"u2pasn[]":[[170001,0,0,0],[170120,170122,170123,170124],[170108,170109,170115,170112],[170022,170023,170024,170025],[170114,170113,170111,170098],[170095,170094,170117,170116]],"u2psp[]":[[0,0],[0,0],[0,0],[0,0],[0,0],[0,0]],"u2pssn[]":[["              ","              "],["16KZ25019690  ","16KZ25019701  "],["15KZ50022521  ","15KZ50022460  "],["16KZ25019699  ","16KZ25019819  "],["16KZ25019684  ","16KZ25019816  "],["16KZ41008856  ","17KZ05010397  "]]}}
1535719218862,{"sm":{"id":0,"is[]":[[0,0],[0,0],[0,0],[0,0],[0,0],[0,0]],"vs[]":[[0,0],[17990,17987],[17992,17985],[17990,17990],[17990,17990],[17992,17990]],"ts[]":[[0,0],[28,25],[27,29],[27,27],[28,23],[25,29]],"ia[]":[[0,0,0,0],[0,0,0,0],[0,0,0,0],[0,0,0,0],[0,0,0,0],[0,0,0,0]],"ta[]":[[22,23,0,0],[26,28,27,26],[26,25,26,25],[23,25,23,25],[23,25,26,23],[25,23,22,22]],"fa[]":[[0,0,0,0],[0,0,0,0],[0,0,0,0],[0,0,0,0],[0,0,0,0],[0,0,0,0]],"pa[]":[[0,0,0,0],[20,20,19,20],[22,25,23,22],[20,21,20,20],[18,20,20,19],[22,20,19,21]],"vc[]":[[0,0,0,0],[19,20,20,20],[22,22,23,20],[19,23,19,21],[19,20,19,19],[20,21,20,23]],"om[]":[[253491,0,0,0],[270869,270485,270125,270428],[278577,278603,267572,280324],[266848,267016,267105,266868],[268014,269937,278702,270101],[263817,263822,265073,264002]],"ob[]":[[110879,0,0,0],[56744,56422,56028,56353],[59283,59265,56358,60945],[57579,57384,57311,57499],[56526,57512,59259,58846],[56274,56231,57200,56170]],"of[]":[[4812,0,0,0],[110451,112516,111258,110037],[115256,115180,111571,117247],[110196,111156,110654,110913],[109488,112110,116014,112954],[108831,108820,109186,107930]],"bi[]":[0,0,0,0,0,0],"me[]":[63,63,63,63,63,63]}}
1535719218862,{"fm":{"id":0,"pf[]":[1,3,6,1,0,2],"pr[]":[1,1,2,3,4,0],"rs":1,"ks":0,"ec[]":[0],"wn[]":[0],"ll[]":[[-59.894550,-59.894550]],"paa[]":[[0,0,0,0],[0,0,0,0],[0,0,0,0],[0,0,0,0],[0,0,0,0],[0,0,0,0]],"saa[]":[[0,0],[1342242816,1342242816],[1342242816,1342242816],[1342242816,1342242816],[1342242816,1342242816],[1342242816,1342242816]],"bo[]":[4095,4095,4095,4095,4095,4095]}}
1535719221086,{"cc":{"id":0,"cf":0,"ci":0,"sl":0,"su":0,"cl":0.000000,"la":0.000000,"f[]":[0.000000,0.000000],"t[]":[0.000000,0.000000],"df":0,"km[]":[0],"pl":0,"vs":18,"vd":0,"zr":0,"lm":1.000000}}
1535719221087,{"hc":{"id":0,"u1fv[]":[" 3.06"," 3.06"," 3.06"," 3.06"," 3.06"," 3.06"],"esn[]":[170001],"u1sn[]":[170038,170018,170010,170017,170016,170029],"om[]":[0,127],"u2p[]":[0,0,0,0,0,0],"u2fv[]":[" 3.06"," 3.06"," 3.06"," 3.06"," 3.06"," 3.06"],"u2pap[]":[[0,0,0,0],[0,0,0,0],[0,0,0,0],[0,0,0,0],[0,0,0,0],[0,0,0,0]],"u2pafv[]":[["A1","--","--","--"],["A3","A3","A3","A3"],["A3","A3","A3","A3"],["A3","A3","A3","A3"],["A3","A3","A3","A3"],["A3","A3","A3","A3"]],"u2pasn[]":[[170001,0,0,0],[170120,170122,170123,170124],[170108,170109,170115,170112],[170022,170023,170024,170025],[170114,170113,170111,170098],[170095,170094,170117,170116]],"u2psp[]":[[0,0],[0,0],[0,0],[0,0],[0,0],[0,0]],"u2pssn[]":[["              ","              "],["16KZ25019690  ","16KZ25019701  "],["15KZ50022521  ","15KZ50022460  "],["16KZ25019699  ","16KZ25019819  "],["16KZ25019684  ","16KZ25019816  "],["16KZ41008856  ","17KZ05010397  "]]}}
1535719221091,{"sm":{"id":0,"is[]":[[0,0],[0,0],[0,0],[0,0],[0,0],[0,0]],"vs[]":[[0,0],[17990,17990],[17987,17987],[17990,17995],[17987,17990],[17995,17990]],"ts[]":[[0,0],[28,25],[27,29],[27,27],[28,24],[25,29]],"ia[]":[[0,0,0,0],[0,0,0,0],[0,0,0,0],[0,0,0,0],[0,0,0,0],[0,0,0,0]],"ta[]":[[22,23,0,0],[26,28,27,26],[26,25,26,25],[23,25,23,25],[23,25,26,23],[25,23,22,22]],"fa[]":[[0,0,0,0],[0,0,0,0],[0,0,0,0],[0,0,0,0],[0,0,0,0],[0,0,0,0]],"pa[]":[[0,0,0,0],[20,20,19,20],[22,25,23,22],[20,21,20,20],[18,20,20,19],[22,20,19,22]],"vc[]":[[0,0,0,0],[19,20,20,20],[22,22,23,19],[19,23,19,21],[19,20,19,19],[20,22,20,23]],"om[]":[[253494,0,0,0],[270871,270487,270127,270431],[278580,278606,267575,280327],[266851,267019,267108,266871],[268016,269939,278704,270103],[263819,263824,265075,264004]],"ob[]":[[110879,0,0,0],[56744,56422,56028,56353],[59283,59265,56358,60945],[57579,57384,57311,57499],[56526,57512,59259,58846],[56274,56231,57200,56170]],"of[]":[[4812,0,0,0],[110451,112516,111258,110037],[115256,115180,111571,117247],[110196,111156,110654,110913],[109488,112110,116014,112954],[108831,108820,109186,107930]],"bi[]":[0,0,0,0,0,0],"me[]":[63,63,63,63,63,63]}}
1535719221091,{"fm":{"id":0,"pf[]":[1,3,6,1,0,2],"pr[]":[1,1,2,3,4,0],"rs":1,"ks":0,"ec[]":[0],"wn[]":[0],"ll[]":[[-60.917599,-60.391022]],"paa[]":[[0,0,0,0],[0,0,0,0],[0,0,0,0],[0,0,0,0],[0,0,0,0],[0,0,0,0]],"saa[]":[[0,0],[1342242816,1342242816],[1342242816,1342242816],[1342242816,1342242816],[1342242816,1342242816],[1342242816,1342242816]],"bo[]":[4095,4095,4095,4095,4095,4095]}}
1535719223311,{"cc":{"id":0,"cf":0,"ci":0,"sl":0,"su":0,"cl":0.000000,"la":0.000000,"f[]":[0.000000,0.000000],"t[]":[0.000000,0.000000],"df":0,"km[]":[0],"pl":0,"vs":18,"vd":0,"zr":0,"lm":1.000000}}
1535719223328,{"hc":{"id":0,"u1fv[]":[" 3.06"," 3.06"," 3.06"," 3.06"," 3.06"," 3.06"],"esn[]":[170001],"u1sn[]":[170038,170018,170010,170017,170016,170029],"om[]":[0,127],"u2p[]":[0,0,0,0,0,0],"u2fv[]":[" 3.06"," 3.06"," 3.06"," 3.06"," 3.06"," 3.06"],"u2pap[]":[[0,0,0,0],[0,0,0,0],[0,0,0,0],[0,0,0,0],[0,0,0,0],[0,0,0,0]],"u2pafv[]":[["A1","--","--","--"],["A3","A3","A3","A3"],["A3","A3","A3","A3"],["A3","A3","A3","A3"],["A3","A3","A3","A3"],["A3","A3","A3","A3"]],"u2pasn[]":[[170001,0,0,0],[170120,170122,170123,170124],[170108,170109,170115,170112],[170022,170023,170024,170025],[170114,170113,170111,170098],[170095,170094,170117,170116]],"u2psp[]":[[0,0],[0,0],[0,0],[0,0],[0,0],[0,0]],"u2pssn[]":[["              ","              "],["16KZ25019690  ","16KZ25019701  "],["15KZ50022521  ","15KZ50022460  "],["16KZ25019699  ","16KZ25019819  "],["16KZ25019684  ","16KZ25019816  "],["16KZ41008856  ","17KZ05010397  "]]}}
1535719223344,{"sm":{"id":0,"is[]":[[0,0],[0,0],[0,0],[0,0],[0,0],[0,0]],"vs[]":[[0,0],[17987,17987],[17992,17987],[17990,17992],[17990,17992],[17992,17990]],"ts[]":[[0,0],[28,25],[27,29],[27,27],[28,24],[25,29]],"ia[]":[[0,0,0,0],[0,0,0,0],[0,0,0,0],[0,0,0,0],[0,0,0,0],[0,0,0,0]],"ta[]":[[22,23,0,0],[26,28,27,26],[26,25,26,25],[23,25,23,25],[23,25,26,23],[25,23,22,22]],"fa[]":[[0,0,0,0],[0,0,0,0],[0,0,0,0],[0,0,0,0],[0,0,0,0],[0,0,0,0]],"pa[]":[[0,0,0,0],[20,20,19,20],[22,25,23,22],[20,21,20,20],[18,20,20,19],[22,20,19,22]],"vc[]":[[0,0,0,0],[19,20,20,20],[22,22,23,20],[19,23,19,21],[19,20,19,19],[20,22,20,23]],"om[]":[[253496,0,0,0],[270874,270490,270130,270433],[278582,278608,267577,280329],[266853,267021,267110,266873],[268018,269941,278706,270105],[263821,263826,265077,264006]],"ob[]":[[110879,0,0,0],[56744,56422,56028,56353],[59283,59265,56358,60945],[57579,57384,57311,57499],[56526,57512,59259,58846],[56274,56231,57200,56170]],"of[]":[[4812,0,0,0],[110451,112516,111258,110037],[115256,115180,111571,117247],[110196,111156,110654,110913],[109488,112110,116014,112954],[108831,108820,109186,107930]],"bi[]":[0,0,0,0,0,0],"me[]":[63,63,63,63,63,63]}}
1535719223344,{"fm":{"id":0,"pf[]":[1,3,6,1,0,2],"pr[]":[1,1,2,3,4,0],"rs":1,"ks":0,"ec[]":[0],"wn[]":[0],"ll[]":[[-61.478176,-61.478176]],"paa[]":[[0,0,0,0],[0,0,0,0],[0,0,0,0],[0,0,0,0],[0,0,0,0],[0,0,0,0]],"saa[]":[[0,0],[1342242816,1342242816],[1342242816,1342242816],[1342242816,1342242816],[1342242816,1342242816],[1342242816,1342242816]],"bo[]":[4095,4095,4095,4095,4095,4095]}}
1535719225549,{"cc":{"id":0,"cf":0,"ci":0,"sl":0,"su":0,"cl":0.000000,"la":0.000000,"f[]":[0.000000,0.000000],"t[]":[0.000000,0.000000],"df":0,"km[]":[0],"pl":0,"vs":18,"vd":0,"zr":0,"lm":1.000000}}
1535719225567,{"hc":{"id":0,"u1fv[]":[" 3.06"," 3.06"," 3.06"," 3.06"," 3.06"," 3.06"],"esn[]":[170001],"u1sn[]":[170038,170018,170010,170017,170016,170029],"om[]":[0,127],"u2p[]":[0,0,0,0,0,0],"u2fv[]":[" 3.06"," 3.06"," 3.06"," 3.06"," 3.06"," 3.06"],"u2pap[]":[[0,0,0,0],[0,0,0,0],[0,0,0,0],[0,0,0,0],[0,0,0,0],[0,0,0,0]],"u2pafv[]":[["A1","--","--","--"],["A3","A3","A3","A3"],["A3","A3","A3","A3"],["A3","A3","A3","A3"],["A3","A3","A3","A3"],["A3","A3","A3","A3"]],"u2pasn[]":[[170001,0,0,0],[170120,170122,170123,170124],[170108,170109,170115,170112],[170022,170023,170024,170025],[170114,170113,170111,170098],[170095,170094,170117,170116]],"u2psp[]":[[0,0],[0,0],[0,0],[0,0],[0,0],[0,0]],"u2pssn[]":[["              ","              "],["16KZ25019690  ","16KZ25019701  "],["15KZ50022521  ","15KZ50022460  "],["16KZ25019699  ","16KZ25019819  "],["16KZ25019684  ","16KZ25019816  "],["16KZ41008856  ","17KZ05010397  "]]}}
1535719225571,{"sm":{"id":0,"is[]":[[0,0],[0,0],[0,0],[0,0],[0,0],[0,0]],"vs[]":[[0,0],[17987,17987],[17985,17987],[17990,17992],[17990,17990],[17995,17990]],"ts[]":[[0,0],[28,25],[27,29],[27,27],[28,23],[25,29]],"ia[]":[[0,0,0,0],[0,0,0,0],[0,0,0,0],[0,0,0,0],[0,0,0,0],[0,0,0,0]],"ta[]":[[22,23,0,0],[26,28,27,26],[26,25,26,25],[23,25,23,25],[23,25,26,23],[25,23,22,22]],"fa[]":[[0,0,0,0],[0,0,0,0],[0,0,0,0],[0,0,0,0],[0,0,0,0],[0,0,0,0]],"pa[]":[[0,0,0,0],[20,20,19,20],[22,25,23,22],[20,21,20,20],[18,20,20,19],[22,20,19,21]],"vc[]":[[0,0,0,0],[19,20,20,20],[22,22,23,20],[19,23,19,21],[19,20,19,19],[20,21,20,23]],"om[]":[[253498,0,0,0],[270876,270492,270132,270435],[278584,278610,267579,280331],[266855,267023,267112,266875],[268021,269944,278709,270108],[263823,263828,265079,264008]],"ob[]":[[110879,0,0,0],[56744,56422,56028,56353],[59283,59265,56358,60945],[57579,57384,57311,57499],[56526,57512,59259,58846],[56274,56231,57200,56170]],"of[]":[[4812,0,0,0],[110451,112516,111258,110037],[115256,115180,111571,117247],[110196,111156,110654,110913],[109488,112110,116014,112954],[108831,108820,109186,107930]],"bi[]":[0,0,0,0,0,0],"me[]":[63,63,63,63,63,63]}}
1535719225571,{"fm":{"id":0,"pf[]":[1,3,6,1,0,2],"pr[]":[1,1,2,3,4,0],"rs":1,"ks":0,"ec[]":[0],"wn[]":[0],"ll[]":[[-62.077438,-61.478176]],"paa[]":[[0,0,0,0],[0,0,0,0],[0,0,0,0],[0,0,0,0],[0,0,0,0],[0,0,0,0]],"saa[]":[[0,0],[1342242816,1342242816],[1342242816,1342242816],[1342242816,1342242816],[1342242816,1342242816],[1342242816,1342242816]],"bo[]":[4095,4095,4095,4095,4095,4095]}}
1535719227781,{"cc":{"id":0,"cf":0,"ci":0,"sl":0,"su":0,"cl":0.000000,"la":0.000000,"f[]":[0.000000,0.000000],"t[]":[0.000000,0.000000],"df":0,"km[]":[0],"pl":0,"vs":18,"vd":0,"zr":0,"lm":1.000000}}
1535719227809,{"hc":{"id":0,"u1fv[]":[" 3.06"," 3.06"," 3.06"," 3.06"," 3.06"," 3.06"],"esn[]":[170001],"u1sn[]":[170038,170018,170010,170017,170016,170029],"om[]":[0,127],"u2p[]":[0,0,0,0,0,0],"u2fv[]":[" 3.06"," 3.06"," 3.06"," 3.06"," 3.06"," 3.06"],"u2pap[]":[[0,0,0,0],[0,0,0,0],[0,0,0,0],[0,0,0,0],[0,0,0,0],[0,0,0,0]],"u2pafv[]":[["A1","--","--","--"],["A3","A3","A3","A3"],["A3","A3","A3","A3"],["A3","A3","A3","A3"],["A3","A3","A3","A3"],["A3","A3","A3","A3"]],"u2pasn[]":[[170001,0,0,0],[170120,170122,170123,170124],[170108,170109,170115,170112],[170022,170023,170024,170025],[170114,170113,170111,170098],[170095,170094,170117,170116]],"u2psp[]":[[0,0],[0,0],[0,0],[0,0],[0,0],[0,0]],"u2pssn[]":[["              ","              "],["16KZ25019690  ","16KZ25019701  "],["15KZ50022521  ","15KZ50022460  "],["16KZ25019699  ","16KZ25019819  "],["16KZ25019684  ","16KZ25019816  "],["16KZ41008856  ","17KZ05010397  "]]}}
1535719227821,{"sm":{"id":0,"is[]":[[0,0],[0,0],[0,0],[0,0],[0,0],[0,0]],"vs[]":[[0,0],[17987,17982],[17997,17987],[17990,17992],[17990,17992],[17997,17987]],"ts[]":[[0,0],[28,25],[27,29],[27,27],[28,23],[25,29]],"ia[]":[[0,0,0,0],[0,0,0,0],[0,0,0,0],[0,0,0,0],[0,0,0,0],[0,0,0,0]],"ta[]":[[22,23,0,0],[26,28,27,26],[26,25,26,25],[23,25,23,25],[23,25,26,23],[25,23,22,22]],"fa[]":[[0,0,0,0],[0,0,0,0],[0,0,0,0],[0,0,0,0],[0,0,0,0],[0,0,0,0]],"pa[]":[[0,0,0,0],[20,20,19,20],[22,25,23,22],[20,21,20,20],[18,21,20,19],[22,20,19,21]],"vc[]":[[0,0,0,0],[19,20,20,20],[22,22,23,20],[19,23,19,21],[19,20,19,19],[20,22,20,23]],"om[]":[[253500,0,0,0],[270878,270494,270134,270437],[278586,278612,267581,280333],[266857,267025,267114,266877],[268023,269946,278711,270110],[263825,263831,265082,264011]],"ob[]":[[110879,0,0,0],[56744,56422,56028,56353],[59283,59265,56358,60945],[57579,57384,57311,57499],[56526,57512,59259,58846],[56274,56231,57200,56170]],"of[]":[[4812,0,0,0],[110451,112516,111258,110037],[115256,115180,111571,117247],[110196,111156,110654,110913],[109488,112110,116014,112954],[108831,108820,109186,107930]],"bi[]":[0,0,0,0,0,0],"me[]":[63,63,63,63,63,63]}}
1535719227821,{"fm":{"id":0,"pf[]":[1,3,6,1,0,2],"pr[]":[1,1,2,3,4,0],"rs":1,"ks":0,"ec[]":[0],"wn[]":[0],"ll[]":[[-59.894550,-62.077438]],"paa[]":[[0,0,0,0],[0,0,0,0],[0,0,0,0],[0,0,0,0],[0,0,0,0],[0,0,0,0]],"saa[]":[[0,0],[1342242816,1342242816],[1342242816,1342242816],[1342242816,1342242816],[1342242816,1342242816],[1342242816,1342242816]],"bo[]":[4095,4095,4095,4095,4095,4095]}}
1535719230019,{"cc":{"id":0,"cf":0,"ci":0,"sl":0,"su":0,"cl":0.000000,"la":0.000000,"f[]":[0.000000,0.000000],"t[]":[0.000000,0.000000],"df":0,"km[]":[0],"pl":0,"vs":18,"vd":0,"zr":0,"lm":1.000000}}
1535719230055,{"hc":{"id":0,"u1fv[]":[" 3.06"," 3.06"," 3.06"," 3.06"," 3.06"," 3.06"],"esn[]":[170001],"u1sn[]":[170038,170018,170010,170017,170016,170029],"om[]":[0,127],"u2p[]":[0,0,0,0,0,0],"u2fv[]":[" 3.06"," 3.06"," 3.06"," 3.06"," 3.06"," 3.06"],"u2pap[]":[[0,0,0,0],[0,0,0,0],[0,0,0,0],[0,0,0,0],[0,0,0,0],[0,0,0,0]],"u2pafv[]":[["A1","--","--","--"],["A3","A3","A3","A3"],["A3","A3","A3","A3"],["A3","A3","A3","A3"],["A3","A3","A3","A3"],["A3","A3","A3","A3"]],"u2pasn[]":[[170001,0,0,0],[170120,170122,170123,170124],[170108,170109,170115,170112],[170022,170023,170024,170025],[170114,170113,170111,170098],[170095,170094,170117,170116]],"u2psp[]":[[0,0],[0,0],[0,0],[0,0],[0,0],[0,0]],"u2pssn[]":[["              ","              "],["16KZ25019690  ","16KZ25019701  "],["15KZ50022521  ","15KZ50022460  "],["16KZ25019699  ","16KZ25019819  "],["16KZ25019684  ","16KZ25019816  "],["16KZ41008856  ","17KZ05010397  "]]}}
1535719230059,{"sm":{"id":0,"is[]":[[0,0],[0,0],[0,0],[0,0],[0,0],[0,0]],"vs[]":[[0,0],[17990,17987],[17997,17985],[17990,17990],[17990,17992],[17995,17990]],"ts[]":[[0,0],[28,25],[27,29],[27,27],[28,24],[25,29]],"ia[]":[[0,0,0,0],[0,0,0,0],[0,0,0,0],[0,0,0,0],[0,0,0,0],[0,0,0,0]],"ta[]":[[22,23,0,0],[26,28,27,26],[26,25,26,25],[23,25,23,25],[23,25,26,23],[25,23,22,22]],"fa[]":[[0,0,0,0],[0,0,0,0],[0,0,0,0],[0,0,0,0],[0,0,0,0],[0,0,0,0]],"pa[]":[[0,0,0,0],[20,20,19,20],[22,25,23,22],[20,21,20,20],[18,20,20,19],[22,20,19,22]],"vc[]":[[0,0,0,0],[19,20,19,20],[22,22,23,19],[19,23,19,21],[19,20,19,19],[20,21,20,23]],"om[]":[[253503,0,0,0],[270880,270496,270136,270439],[278589,278615,267584,280336],[266860,267028,267117,266880],[268025,269948,278713,270112],[263828,263833,265084,264013]],"ob[]":[[110879,0,0,0],[56744,56422,56028,56353],[59283,59265,56358,60945],[57579,57384,57311,57499],[56526,57512,59259,58846],[56274,56231,57200,56170]],"of[]":[[4812,0,0,0],[110451,112516,111258,110037],[115256,115180,111571,117247],[110196,111156,110654,110913],[109488,112110,116014,112954],[108831,108820,109186,107930]],"bi[]":[0,0,0,0,0,0],